#
# A fatal error has been detected by the Java Runtime Environment:
#
#  EXCEPTION_ACCESS_VIOLATION (0xc0000005) at pc=0x000000005ef5c21a, pid=9152, tid=0x00000000000026dc
#
# JRE version: Java(TM) SE Runtime Environment (8.0_231-b11) (build 1.8.0_231-b11)
# Java VM: Java HotSpot(TM) 64-Bit Server VM (25.231-b11 mixed mode windows-amd64 compressed oops)
# Problematic frame:
# V  [jvm.dll+0x3fc21a]
#
# Failed to write core dump. Minidumps are not enabled by default on client versions of Windows
#
# If you would like to submit a bug report, please visit:
#   http://bugreport.java.com/bugreport/crash.jsp
#

---------------  T H R E A D  ---------------

Current thread (0x00000000027a9000):  GCTaskThread [stack: 0x0000000012ac0000,0x0000000012bc0000] [id=9948]

siginfo: ExceptionCode=0xc0000005, reading address 0x000000000000011d

Registers:
RAX=0x0000000000000015, RBX=0x0000000000004075, RCX=0x00000006dfff5560, RDX=0x000000001bea4fe0
RSP=0x0000000012bbf3f0, RBP=0x000000001be354d0, RSI=0x000000001bea4fe0, RDI=0x000000000279ede0
R8 =0x00000006dd838d10, R9 =0x00000006dfff5560, R10=0x000000000000000c, R11=0x0000000000004076
R12=0x00000000027a9560, R13=0x00000000027a9938, R14=0x00000000000003d8, R15=0x0000000000000000
RIP=0x000000005ef5c21a, EFLAGS=0x0000000000010206

Top of Stack: (sp=0x0000000012bbf3f0)
0x0000000012bbf3f0:   000000001c6503f0 000000001be354d0
0x0000000012bbf400:   000000001bea4fe0 00000000027a9560
0x0000000012bbf410:   0000000000000000 0000000000000c00
0x0000000012bbf420:   0000000000000000 0000000000000000
0x0000000012bbf430:   0000000000000000 000000001e72a000
0x0000000012bbf440:   0000000000000001 0000b29f00005401
0x0000000012bbf450:   0000d3ff8420544a 00000000027a9938
0x0000000012bbf460:   00000000027a9560 00000000000003d8
0x0000000012bbf470:   00000000027a9560 000000000279ede0
0x0000000012bbf480:   00000000027a9550 000000001be354d0
0x0000000012bbf490:   000000001bea4fe0 000000005ef592a3
0x0000000012bbf4a0:   00000006dd838d10 0000000002790650
0x0000000012bbf4b0:   0000000002790650 000000005ed7eb82
0x0000000012bbf4c0:   000000005f1bc1a0 0000000000000000
0x0000000012bbf4d0:   000000001bea4fe0 000000005f1631c0
0x0000000012bbf4e0:   00000000027a5300 0000000012bbf4c0 

Instructions: (pc=0x000000005ef5c21a)
0x000000005ef5c1fa:   00 74 28 8b 0d 65 e6 3a 00 45 8b 48 08 48 8b d6
0x000000005ef5c20a:   49 d3 e1 4c 03 0d 4c e6 3a 00 49 8b c9 49 8b 01
0x000000005ef5c21a:   ff 90 08 01 00 00 e9 1b ff ff ff 4d 8b 48 08 48
0x000000005ef5c22a:   8b d6 49 8b 01 49 8b c9 ff 90 08 01 00 00 e9 03 


Register to memory mapping:

RAX=0x0000000000000015 is an unknown value
RBX=0x0000000000004075 is an unknown value
RCX=0x00000006dfff5560 is an oop
java.util.HashMap$Node 
 - klass: 'java/util/HashMap$Node'
RDX=0x000000001bea4fe0 is an unknown value
RSP=0x0000000012bbf3f0 is an unknown value
RBP=0x000000001be354d0 is an unknown value
RSI=0x000000001bea4fe0 is an unknown value
RDI=0x000000000279ede0 is an unknown value
R8 =0x00000006dd838d10 is pointing into object: 0x00000006dd8389a8
[Ljava.util.HashMap$Node; 
 - klass: 'java/util/HashMap$Node'[]
 - length: 256
R9 =0x00000006dfff5560 is an oop
java.util.HashMap$Node 
 - klass: 'java/util/HashMap$Node'
R10=0x000000000000000c is an unknown value
R11=0x0000000000004076 is an unknown value
R12=0x00000000027a9560 is an unknown value
R13=0x00000000027a9938 is an unknown value
R14=0x00000000000003d8 is an unknown value
R15=0x0000000000000000 is an unknown value


Stack: [0x0000000012ac0000,0x0000000012bc0000],  sp=0x0000000012bbf3f0,  free space=1020k
Native frames: (J=compiled Java code, j=interpreted, Vv=VM code, C=native code)
V  [jvm.dll+0x3fc21a]
V  [jvm.dll+0x3f92a3]
V  [jvm.dll+0x3f706e]
V  [jvm.dll+0x29fd8a]
C  [msvcr100.dll+0x21d9f]
C  [msvcr100.dll+0x21e3b]
C  [KERNEL32.DLL+0x17034]
C  [ntdll.dll+0x4d0d1]


---------------  P R O C E S S  ---------------

Java Threads: ( => current thread )
  0x000000001e72b000 JavaThread "Cache worker for file content cache (C:\Users\UNKNOWN\IdeaProjects\MinecraftModding\Supplementaries\.gradle\4.10.3\fileContent)" [_thread_blocked, id=7612, stack(0x0000000025a80000,0x0000000025b80000)]
  0x000000001e72a000 JavaThread "Keep-Alive-Timer" daemon [_thread_blocked, id=4056, stack(0x0000000024720000,0x0000000024820000)]
  0x000000001e729800 JavaThread "Build operations Thread 4" [_thread_blocked, id=8012, stack(0x0000000024620000,0x0000000024720000)]
  0x000000001e728800 JavaThread "Build operations Thread 3" [_thread_blocked, id=8068, stack(0x0000000024520000,0x0000000024620000)]
  0x000000001e72e800 JavaThread "Build operations Thread 2" [_thread_blocked, id=10640, stack(0x00000000242e0000,0x00000000243e0000)]
  0x000000001e72e000 JavaThread "Build operations" [_thread_blocked, id=10520, stack(0x0000000022c10000,0x0000000022d10000)]
  0x000000001e72f800 JavaThread "Cache worker for cache directory md-rule (C:\Users\UNKNOWN\.gradle\caches\4.10.3\md-rule)" [_thread_blocked, id=4820, stack(0x0000000020770000,0x0000000020870000)]
  0x000000001e72d000 JavaThread "Cache worker for cache directory md-supplier (C:\Users\UNKNOWN\.gradle\caches\4.10.3\md-supplier)" [_thread_blocked, id=1188, stack(0x0000000020670000,0x0000000020770000)]
  0x000000001e728000 JavaThread "Cache worker for file hash cache (C:\Users\UNKNOWN\IdeaProjects\MinecraftModding\Supplementaries\.gradle\4.10.3\fileHashes)" [_thread_blocked, id=9376, stack(0x0000000020570000,0x0000000020670000)]
  0x000000001e72c800 JavaThread "Stdin handler" [_thread_blocked, id=9848, stack(0x0000000020470000,0x0000000020570000)]
  0x000000001e720800 JavaThread "Asynchronous log dispatcher for DefaultDaemonConnection: socket connection from /127.0.0.1:50302 to /127.0.0.1:51811" [_thread_blocked, id=4564, stack(0x0000000020170000,0x0000000020270000)]
  0x000000001e727000 JavaThread "Daemon worker Thread 20" [_thread_blocked, id=10456, stack(0x0000000020070000,0x0000000020170000)]
  0x000000001e725800 JavaThread "Cancel handler" [_thread_blocked, id=7404, stack(0x0000000000ce0000,0x0000000000de0000)]
  0x000000001e723800 JavaThread "Handler for socket connection from /127.0.0.1:50302 to /127.0.0.1:51811" [_thread_in_native, id=10340, stack(0x0000000000be0000,0x0000000000ce0000)]
  0x000000001e722000 JavaThread "Daemon Thread 20" [_thread_blocked, id=3188, stack(0x0000000000ae0000,0x0000000000be0000)]
  0x0000000021e67800 JavaThread "Cache worker for Java compile cache (C:\Users\UNKNOWN\.gradle\caches\4.10.3\javaCompile)" [_thread_blocked, id=10796, stack(0x0000000028e40000,0x0000000028f40000)]
  0x0000000021e5d000 JavaThread "Cache worker for file content cache (C:\Users\UNKNOWN\.gradle\caches\4.10.3\fileContent)" [_thread_blocked, id=8772, stack(0x0000000027bc0000,0x0000000027cc0000)]
  0x0000000021e5a800 JavaThread "Memory manager" [_thread_blocked, id=11060, stack(0x0000000027ac0000,0x0000000027bc0000)]
  0x000000001f43b000 JavaThread "Cache worker for Artifact transforms cache (C:\Users\UNKNOWN\.gradle\caches\transforms-1)" [_thread_blocked, id=11236, stack(0x0000000025be0000,0x0000000025ce0000)]
  0x000000001f43e000 JavaThread "Cache worker for journal cache (C:\Users\UNKNOWN\.gradle\caches\journal-1)" [_thread_blocked, id=9712, stack(0x0000000024420000,0x0000000024520000)]
  0x000000001f43f800 JavaThread "File lock request listener" [_thread_in_native, id=6308, stack(0x0000000022b10000,0x0000000022c10000)]
  0x000000001f43a800 JavaThread "Cache worker for file hash cache (C:\Users\UNKNOWN\.gradle\caches\4.10.3\fileHashes)" [_thread_blocked, id=8304, stack(0x0000000022a10000,0x0000000022b10000)]
  0x000000001f34a000 JavaThread "Daemon periodic checks" [_thread_blocked, id=8356, stack(0x000000001ff70000,0x0000000020070000)]
  0x000000001f126000 JavaThread "Incoming local TCP Connector on port 50302" [_thread_in_native, id=9912, stack(0x000000001fd10000,0x000000001fe10000)]
  0x000000001f2ec800 JavaThread "Daemon health stats" [_thread_blocked, id=9800, stack(0x000000001f6d0000,0x000000001f7d0000)]
  0x000000001d908800 JavaThread "Service Thread" daemon [_thread_blocked, id=9708, stack(0x000000001dce0000,0x000000001dde0000)]
  0x000000001bf6c000 JavaThread "C1 CompilerThread2" daemon [_thread_blocked, id=6980, stack(0x000000001d7e0000,0x000000001d8e0000)]
  0x000000001bf69000 JavaThread "C2 CompilerThread1" daemon [_thread_blocked, id=11260, stack(0x000000001d6e0000,0x000000001d7e0000)]
  0x000000001bf61000 JavaThread "C2 CompilerThread0" daemon [_thread_blocked, id=10908, stack(0x000000001d5e0000,0x000000001d6e0000)]
  0x000000001bf5e000 JavaThread "Attach Listener" daemon [_thread_blocked, id=10516, stack(0x000000001d4e0000,0x000000001d5e0000)]
  0x000000001bf5b000 JavaThread "Signal Dispatcher" daemon [_thread_blocked, id=8460, stack(0x000000001d3e0000,0x000000001d4e0000)]
  0x000000000288a800 JavaThread "Finalizer" daemon [_thread_blocked, id=9380, stack(0x000000001d1c0000,0x000000001d2c0000)]
  0x0000000002882000 JavaThread "Reference Handler" daemon [_thread_blocked, id=7640, stack(0x000000001d0c0000,0x000000001d1c0000)]
  0x000000000268e800 JavaThread "main" [_thread_blocked, id=10260, stack(0x0000000002690000,0x0000000002790000)]

Other Threads:
  0x000000001bf27000 VMThread [stack: 0x000000001cfc0000,0x000000001d0c0000] [id=5400]
  0x000000001bfba800 WatcherThread [stack: 0x000000001dde0000,0x000000001dee0000] [id=10160]

=>0x00000000027a9000 (exited) GCTaskThread [stack: 0x0000000012ac0000,0x0000000012bc0000] [id=9948]

VM state:at safepoint (normal execution)

VM Mutex/Monitor currently owned by a thread:  ([mutex/lock_event])
[0x000000000268cee0] Threads_lock - owner thread: 0x000000001bf27000
[0x000000000268d1e0] Heap_lock - owner thread: 0x000000001e728800

heap address: 0x00000006c0000000, size: 4096 MB, Compressed Oops mode: Zero based, Oop shift amount: 3
Narrow klass base: 0x0000000000000000, Narrow klass shift: 3
Compressed class space size: 1073741824 Address: 0x00000007c0000000

Heap:
 PSYoungGen      total 1148928K, used 104190K [0x000000076ab00000, 0x00000007be280000, 0x00000007c0000000)
  eden space 927232K, 0% used [0x000000076ab00000,0x000000076ab00000,0x00000007a3480000)
  from space 221696K, 46% used [0x00000007b0a00000,0x00000007b6fbf910,0x00000007be280000)
  to   space 218624K, 0% used [0x00000007a3480000,0x00000007a3480000,0x00000007b0a00000)
 ParOldGen       total 862720K, used 791998K [0x00000006c0000000, 0x00000006f4a80000, 0x000000076ab00000)
  object space 862720K, 91% used [0x00000006c0000000,0x00000006f056f808,0x00000006f4a80000)
 Metaspace       used 128910K, capacity 133048K, committed 133248K, reserved 1165312K
  class space    used 17131K, capacity 17757K, committed 17792K, reserved 1048576K

Card table byte_map: [0x0000000011c50000,0x0000000012460000] byte_map_base: 0x000000000e650000

Marking Bits: (ParMarkBitMap*) 0x000000005f386d90
 Begin Bits: [0x0000000012dc0000, 0x0000000016dc0000)
 End Bits:   [0x0000000016dc0000, 0x000000001adc0000)

Polling page: 0x0000000000fa0000

CodeCache: size=245760Kb used=62845Kb max_used=63045Kb free=182914Kb
 bounds [0x0000000002890000, 0x00000000066b0000, 0x0000000011890000]
 total_blobs=17184 nmethods=16347 adapters=748
 compilation: enabled

Compilation events (10 events):
Event: 10143.320 Thread 0x000000001bf6c000 22329       3       sun.nio.fs.WindowsSecurityDescriptor::release (75 bytes)
Event: 10143.321 Thread 0x000000001bf6c000 nmethod 22329 0x000000000434ffd0 code [0x00000000043501c0, 0x0000000004350a18]
Event: 10143.346 Thread 0x000000001bf61000 nmethod 22320 0x00000000032c80d0 code [0x00000000032c8320, 0x00000000032ca870]
Event: 10143.360 Thread 0x000000001bf69000 nmethod 22323 0x0000000004fbf7d0 code [0x0000000004fbfb40, 0x0000000004fc1f00]
Event: 10143.442 Thread 0x000000001bf61000 22330       4       org.gradle.api.internal.artifacts.ivyservice.resolveengine.result.StreamingResolutionResultBuilder::visitSelector (19 bytes)
Event: 10143.444 Thread 0x000000001bf69000 22331       4       org.gradle.api.internal.artifacts.transform.AttributeMatchingVariantSelector::doSelect (396 bytes)
Event: 10143.444 Thread 0x000000001bf61000 nmethod 22330 0x0000000005fecb10 code [0x0000000005fecc60, 0x0000000005fecd88]
Event: 10143.444 Thread 0x000000001bf61000 22332       4       org.gradle.api.internal.artifacts.ivyservice.resolveengine.artifact.DefaultArtifactSet$SingleVariantArtifactSet::getVariants (8 bytes)
Event: 10143.445 Thread 0x000000001bf61000 nmethod 22332 0x0000000005684fd0 code [0x0000000005685120, 0x0000000005685218]
Event: 10143.462 Thread 0x000000001bf69000 nmethod 22331 0x0000000005705a10 code [0x0000000005705c60, 0x0000000005706d18]

GC Heap History (10 events):
Event: 9604.469 GC heap after
Heap after GC invocations=55 (full 5):
 PSYoungGen      total 1117184K, used 2803K [0x000000076ab00000, 0x00000007bf980000, 0x00000007c0000000)
  eden space 853504K, 0% used [0x000000076ab00000,0x000000076ab00000,0x000000079ec80000)
  from space 263680K, 1% used [0x00000007af000000,0x00000007af2bcd90,0x00000007bf180000)
  to   space 265728K, 0% used [0x000000079ec80000,0x000000079ec80000,0x00000007af000000)
 ParOldGen       total 862720K, used 642707K [0x00000006c0000000, 0x00000006f4a80000, 0x000000076ab00000)
  object space 862720K, 74% used [0x00000006c0000000,0x00000006e73a4de8,0x00000006f4a80000)
 Metaspace       used 112598K, capacity 116326K, committed 116480K, reserved 1150976K
  class space    used 14903K, capacity 15496K, committed 15616K, reserved 1048576K
}
Event: 9801.373 GC heap before
{Heap before GC invocations=56 (full 5):
 PSYoungGen      total 1117184K, used 856307K [0x000000076ab00000, 0x00000007bf980000, 0x00000007c0000000)
  eden space 853504K, 100% used [0x000000076ab00000,0x000000079ec80000,0x000000079ec80000)
  from space 263680K, 1% used [0x00000007af000000,0x00000007af2bcd90,0x00000007bf180000)
  to   space 265728K, 0% used [0x000000079ec80000,0x000000079ec80000,0x00000007af000000)
 ParOldGen       total 862720K, used 642707K [0x00000006c0000000, 0x00000006f4a80000, 0x000000076ab00000)
  object space 862720K, 74% used [0x00000006c0000000,0x00000006e73a4de8,0x00000006f4a80000)
 Metaspace       used 116626K, capacity 120470K, committed 120576K, reserved 1153024K
  class space    used 15459K, capacity 16058K, committed 16128K, reserved 1048576K
Event: 9801.411 GC heap after
Heap after GC invocations=56 (full 5):
 PSYoungGen      total 1119232K, used 71681K [0x000000076ab00000, 0x00000007be800000, 0x00000007c0000000)
  eden space 853504K, 0% used [0x000000076ab00000,0x000000076ab00000,0x000000079ec80000)
  from space 265728K, 26% used [0x000000079ec80000,0x00000007a32807a8,0x00000007af000000)
  to   space 252416K, 0% used [0x00000007af180000,0x00000007af180000,0x00000007be800000)
 ParOldGen       total 862720K, used 642771K [0x00000006c0000000, 0x00000006f4a80000, 0x000000076ab00000)
  object space 862720K, 74% used [0x00000006c0000000,0x00000006e73b4e08,0x00000006f4a80000)
 Metaspace       used 116626K, capacity 120470K, committed 120576K, reserved 1153024K
  class space    used 15459K, capacity 16058K, committed 16128K, reserved 1048576K
}
Event: 9981.452 GC heap before
{Heap before GC invocations=57 (full 5):
 PSYoungGen      total 1119232K, used 925185K [0x000000076ab00000, 0x00000007be800000, 0x00000007c0000000)
  eden space 853504K, 100% used [0x000000076ab00000,0x000000079ec80000,0x000000079ec80000)
  from space 265728K, 26% used [0x000000079ec80000,0x00000007a32807a8,0x00000007af000000)
  to   space 252416K, 0% used [0x00000007af180000,0x00000007af180000,0x00000007be800000)
 ParOldGen       total 862720K, used 642771K [0x00000006c0000000, 0x00000006f4a80000, 0x000000076ab00000)
  object space 862720K, 74% used [0x00000006c0000000,0x00000006e73b4e08,0x00000006f4a80000)
 Metaspace       used 120715K, capacity 124684K, committed 124928K, reserved 1157120K
  class space    used 16014K, capacity 16621K, committed 16640K, reserved 1048576K
Event: 9981.523 GC heap after
Heap after GC invocations=57 (full 5):
 PSYoungGen      total 1118720K, used 73104K [0x000000076ab00000, 0x00000007bdb00000, 0x00000007c0000000)
  eden space 879616K, 0% used [0x000000076ab00000,0x000000076ab00000,0x00000007a0600000)
  from space 239104K, 30% used [0x00000007af180000,0x00000007b38e43f8,0x00000007bdb00000)
  to   space 240128K, 0% used [0x00000007a0600000,0x00000007a0600000,0x00000007af080000)
 ParOldGen       total 862720K, used 695300K [0x00000006c0000000, 0x00000006f4a80000, 0x000000076ab00000)
  object space 862720K, 80% used [0x00000006c0000000,0x00000006ea701300,0x00000006f4a80000)
 Metaspace       used 120715K, capacity 124684K, committed 124928K, reserved 1157120K
  class space    used 16014K, capacity 16621K, committed 16640K, reserved 1048576K
}
Event: 10076.156 GC heap before
{Heap before GC invocations=58 (full 5):
 PSYoungGen      total 1118720K, used 947184K [0x000000076ab00000, 0x00000007bdb00000, 0x00000007c0000000)
  eden space 879616K, 99% used [0x000000076ab00000,0x00000007a0097ed8,0x00000007a0600000)
  from space 239104K, 30% used [0x00000007af180000,0x00000007b38e43f8,0x00000007bdb00000)
  to   space 240128K, 0% used [0x00000007a0600000,0x00000007a0600000,0x00000007af080000)
 ParOldGen       total 862720K, used 695300K [0x00000006c0000000, 0x00000006f4a80000, 0x000000076ab00000)
  object space 862720K, 80% used [0x00000006c0000000,0x00000006ea701300,0x00000006f4a80000)
 Metaspace       used 124835K, capacity 128932K, committed 129152K, reserved 1161216K
  class space    used 16573K, capacity 17189K, committed 17280K, reserved 1048576K
Event: 10076.268 GC heap after
Heap after GC invocations=58 (full 5):
 PSYoungGen      total 1119744K, used 79761K [0x000000076ab00000, 0x00000007be800000, 0x00000007c0000000)
  eden space 879616K, 0% used [0x000000076ab00000,0x000000076ab00000,0x00000007a0600000)
  from space 240128K, 33% used [0x00000007a0600000,0x00000007a53e45b8,0x00000007af080000)
  to   space 227328K, 0% used [0x00000007b0a00000,0x00000007b0a00000,0x00000007be800000)
 ParOldGen       total 862720K, used 744701K [0x00000006c0000000, 0x00000006f4a80000, 0x000000076ab00000)
  object space 862720K, 86% used [0x00000006c0000000,0x00000006ed73f758,0x00000006f4a80000)
 Metaspace       used 124835K, capacity 128932K, committed 129152K, reserved 1161216K
  class space    used 16573K, capacity 17189K, committed 17280K, reserved 1048576K
}
Event: 10143.547 GC heap before
{Heap before GC invocations=59 (full 5):
 PSYoungGen      total 1119744K, used 952885K [0x000000076ab00000, 0x00000007be800000, 0x00000007c0000000)
  eden space 879616K, 99% used [0x000000076ab00000,0x000000079ffa9208,0x00000007a0600000)
  from space 240128K, 33% used [0x00000007a0600000,0x00000007a53e45b8,0x00000007af080000)
  to   space 227328K, 0% used [0x00000007b0a00000,0x00000007b0a00000,0x00000007be800000)
 ParOldGen       total 862720K, used 744701K [0x00000006c0000000, 0x00000006f4a80000, 0x000000076ab00000)
  object space 862720K, 86% used [0x00000006c0000000,0x00000006ed73f758,0x00000006f4a80000)
 Metaspace       used 128910K, capacity 133048K, committed 133248K, reserved 1165312K
  class space    used 17131K, capacity 17757K, committed 17792K, reserved 1048576K
Event: 10143.626 GC heap after
Heap after GC invocations=59 (full 5):
 PSYoungGen      total 1148928K, used 104190K [0x000000076ab00000, 0x00000007be280000, 0x00000007c0000000)
  eden space 927232K, 0% used [0x000000076ab00000,0x000000076ab00000,0x00000007a3480000)
  from space 221696K, 46% used [0x00000007b0a00000,0x00000007b6fbf910,0x00000007be280000)
  to   space 218624K, 0% used [0x00000007a3480000,0x00000007a3480000,0x00000007b0a00000)
 ParOldGen       total 862720K, used 791998K [0x00000006c0000000, 0x00000006f4a80000, 0x000000076ab00000)
  object space 862720K, 91% used [0x00000006c0000000,0x00000006f056f808,0x00000006f4a80000)
 Metaspace       used 128910K, capacity 133048K, committed 133248K, reserved 1165312K
  class space    used 17131K, capacity 17757K, committed 17792K, reserved 1048576K
}
Event: 10143.626 GC heap before
{Heap before GC invocations=60 (full 6):
 PSYoungGen      total 1148928K, used 104190K [0x000000076ab00000, 0x00000007be280000, 0x00000007c0000000)
  eden space 927232K, 0% used [0x000000076ab00000,0x000000076ab00000,0x00000007a3480000)
  from space 221696K, 46% used [0x00000007b0a00000,0x00000007b6fbf910,0x00000007be280000)
  to   space 218624K, 0% used [0x00000007a3480000,0x00000007a3480000,0x00000007b0a00000)
 ParOldGen       total 862720K, used 791998K [0x00000006c0000000, 0x00000006f4a80000, 0x000000076ab00000)
  object space 862720K, 91% used [0x00000006c0000000,0x00000006f056f808,0x00000006f4a80000)
 Metaspace       used 128910K, capacity 133048K, committed 133248K, reserved 1165312K
  class space    used 17131K, capacity 17757K, committed 17792K, reserved 1048576K

Deoptimization events (10 events):
Event: 8723.499 Thread 0x0000000021e60800 Uncommon trap: reason=class_check action=maybe_recompile pc=0x000000000629e438 method=sun.reflect.DelegatingConstructorAccessorImpl.newInstance([Ljava/lang/Object;)Ljava/lang/Object; @ 5
Event: 8723.507 Thread 0x0000000021e60800 Uncommon trap: reason=class_check action=maybe_recompile pc=0x000000000629e438 method=sun.reflect.DelegatingConstructorAccessorImpl.newInstance([Ljava/lang/Object;)Ljava/lang/Object; @ 5
Event: 8723.515 Thread 0x0000000021e60800 Uncommon trap: reason=class_check action=maybe_recompile pc=0x000000000629e438 method=sun.reflect.DelegatingConstructorAccessorImpl.newInstance([Ljava/lang/Object;)Ljava/lang/Object; @ 5
Event: 8724.378 Thread 0x000000001e722800 Uncommon trap: reason=array_check action=maybe_recompile pc=0x0000000006199374 method=java.util.TimSort.binarySort([Ljava/lang/Object;IIILjava/util/Comparator;)V @ 215
Event: 9596.219 Thread 0x000000001e727000 Uncommon trap: reason=class_check action=maybe_recompile pc=0x000000000629e438 method=sun.reflect.DelegatingConstructorAccessorImpl.newInstance([Ljava/lang/Object;)Ljava/lang/Object; @ 5
Event: 9597.098 Thread 0x000000001e727000 Uncommon trap: reason=unstable_if action=reinterpret pc=0x0000000003d312d8 method=java.math.MutableBigInteger.compare(Ljava/math/MutableBigInteger;)I @ 81
Event: 9597.542 Thread 0x000000001e727000 Uncommon trap: reason=array_check action=maybe_recompile pc=0x0000000006389198 method=java.util.TimSort.binarySort([Ljava/lang/Object;IIILjava/util/Comparator;)V @ 183
Event: 9599.416 Thread 0x000000001e727000 Uncommon trap: reason=array_check action=maybe_recompile pc=0x0000000006389198 method=java.util.TimSort.binarySort([Ljava/lang/Object;IIILjava/util/Comparator;)V @ 183
Event: 9601.629 Thread 0x000000001e727000 Uncommon trap: reason=unstable_if action=reinterpret pc=0x0000000005078b88 method=com.sun.org.apache.xerces.internal.impl.XMLEntityScanner.peekChar()I @ 14
Event: 9798.978 Thread 0x000000001e720800 Uncommon trap: reason=unstable_if action=reinterpret pc=0x0000000002edb384 method=com.sun.org.apache.xerces.internal.impl.XMLEntityScanner.peekChar()I @ 14

Classes redefined (0 events):
No events

Internal exceptions (10 events):
Event: 10078.157 Thread 0x0000000021e58800 Exception <a 'java/security/PrivilegedActionException'> (0x0000000784eeec90) thrown at [C:\re\workspace\8-2-build-windows-amd64-cygwin\jdk8u231\13620\hotspot\src\share\vm\prims\jvm.cpp, line 1502]
Event: 10078.157 Thread 0x0000000021e58800 Exception <a 'java/security/PrivilegedActionException'> (0x0000000784eef828) thrown at [C:\re\workspace\8-2-build-windows-amd64-cygwin\jdk8u231\13620\hotspot\src\share\vm\prims\jvm.cpp, line 1502]
Event: 10078.157 Thread 0x0000000021e58800 Exception <a 'java/security/PrivilegedActionException'> (0x0000000784ef2938) thrown at [C:\re\workspace\8-2-build-windows-amd64-cygwin\jdk8u231\13620\hotspot\src\share\vm\prims\jvm.cpp, line 1502]
Event: 10078.157 Thread 0x0000000021e58800 Exception <a 'java/security/PrivilegedActionException'> (0x0000000784ef34d0) thrown at [C:\re\workspace\8-2-build-windows-amd64-cygwin\jdk8u231\13620\hotspot\src\share\vm\prims\jvm.cpp, line 1502]
Event: 10078.157 Thread 0x0000000021e58800 Exception <a 'java/security/PrivilegedActionException'> (0x0000000784ef67b0) thrown at [C:\re\workspace\8-2-build-windows-amd64-cygwin\jdk8u231\13620\hotspot\src\share\vm\prims\jvm.cpp, line 1502]
Event: 10078.157 Thread 0x0000000021e58800 Exception <a 'java/security/PrivilegedActionException'> (0x0000000784ef7348) thrown at [C:\re\workspace\8-2-build-windows-amd64-cygwin\jdk8u231\13620\hotspot\src\share\vm\prims\jvm.cpp, line 1502]
Event: 10078.345 Thread 0x0000000021e58800 Exception <a 'java/lang/NoSuchMethodError': com.sun.jna.Native.load(Ljava/lang/String;Ljava/lang/Class;Ljava/util/Map;)Lcom/sun/jna/Library;> (0x00000007867c83d8) thrown at [C:\re\workspace\8-2-build-windows-amd64-cygwin\jdk8u231\13620\hotspot\src\share\v
Event: 10078.345 Thread 0x0000000021e58800 Exception <a 'java/lang/NoSuchMethodError'> (0x00000007867c83d8) thrown at [C:\re\workspace\8-2-build-windows-amd64-cygwin\jdk8u231\13620\hotspot\src\share\vm\oops\instanceKlass.cpp, line 959]
Event: 10078.345 Thread 0x0000000021e58800 Exception <a 'java/lang/NoSuchMethodError'> (0x00000007867c83d8) thrown at [C:\re\workspace\8-2-build-windows-amd64-cygwin\jdk8u231\13620\hotspot\src\share\vm\oops\instanceKlass.cpp, line 959]
Event: 10078.346 Thread 0x0000000021e58800 Exception <a 'java/lang/NoClassDefFoundError': org/fusesource/jansi/Ansi> (0x00000007867fca80) thrown at [C:\re\workspace\8-2-build-windows-amd64-cygwin\jdk8u231\13620\hotspot\src\share\vm\classfile\systemDictionary.cpp, line 199]

Events (10 events):
Event: 10143.446 Executing VM operation: RevokeBias done
Event: 10143.446 Executing VM operation: RevokeBias
Event: 10143.446 Executing VM operation: RevokeBias done
Event: 10143.446 Executing VM operation: RevokeBias
Event: 10143.446 Executing VM operation: RevokeBias done
Event: 10143.446 Executing VM operation: RevokeBias
Event: 10143.447 Executing VM operation: RevokeBias done
Event: 10143.447 Executing VM operation: RevokeBias
Event: 10143.447 Executing VM operation: RevokeBias done
Event: 10143.547 Executing VM operation: ParallelGCFailedAllocation


Dynamic libraries:
0x00007ff79b330000 - 0x00007ff79b367000 	C:\Program Files\Java\jdk1.8.0_231\bin\java.exe
0x00007ffbb3250000 - 0x00007ffbb3446000 	C:\WINDOWS\SYSTEM32\ntdll.dll
0x00007ffbb2f70000 - 0x00007ffbb302d000 	C:\WINDOWS\System32\KERNEL32.DLL
0x00007ffbb0b30000 - 0x00007ffbb0df9000 	C:\WINDOWS\System32\KERNELBASE.dll
0x00007ffbb2080000 - 0x00007ffbb212c000 	C:\WINDOWS\System32\ADVAPI32.dll
0x00007ffbb17e0000 - 0x00007ffbb187e000 	C:\WINDOWS\System32\msvcrt.dll
0x00007ffbb1370000 - 0x00007ffbb140c000 	C:\WINDOWS\System32\sechost.dll
0x00007ffbb2130000 - 0x00007ffbb225b000 	C:\WINDOWS\System32\RPCRT4.dll
0x00007ffbb2bb0000 - 0x00007ffbb2d50000 	C:\WINDOWS\System32\USER32.dll
0x00007ffbb1280000 - 0x00007ffbb12a2000 	C:\WINDOWS\System32\win32u.dll
0x00007ffbb3030000 - 0x00007ffbb305a000 	C:\WINDOWS\System32\GDI32.dll
0x00007ffbb09f0000 - 0x00007ffbb0af9000 	C:\WINDOWS\System32\gdi32full.dll
0x00007ffbb0f00000 - 0x00007ffbb0f9d000 	C:\WINDOWS\System32\msvcp_win.dll
0x00007ffbb1020000 - 0x00007ffbb1120000 	C:\WINDOWS\System32\ucrtbase.dll
0x00007ffb9ac00000 - 0x00007ffb9ae9b000 	C:\WINDOWS\WinSxS\amd64_microsoft.windows.common-controls_6595b64144ccf1df_6.0.19041.488_none_ca04af081b815d21\COMCTL32.dll
0x00007ffbb17b0000 - 0x00007ffbb17e0000 	C:\WINDOWS\System32\IMM32.DLL
0x000000005f410000 - 0x000000005f4e2000 	C:\Program Files\Java\jdk1.8.0_231\jre\bin\msvcr100.dll
0x000000005eb60000 - 0x000000005f406000 	C:\Program Files\Java\jdk1.8.0_231\jre\bin\server\jvm.dll
0x00007ffbb1680000 - 0x00007ffbb1688000 	C:\WINDOWS\System32\PSAPI.DLL
0x00007ffba8940000 - 0x00007ffba8967000 	C:\WINDOWS\SYSTEM32\WINMM.dll
0x00007ffbaa3b0000 - 0x00007ffbaa3ba000 	C:\WINDOWS\SYSTEM32\VERSION.dll
0x00007ffbac500000 - 0x00007ffbac509000 	C:\WINDOWS\SYSTEM32\WSOCK32.dll
0x00007ffbb2d50000 - 0x00007ffbb2dbb000 	C:\WINDOWS\System32\WS2_32.dll
0x00007ffbabe80000 - 0x00007ffbabe8f000 	C:\Program Files\Java\jdk1.8.0_231\jre\bin\verify.dll
0x00007ffb8c6f0000 - 0x00007ffb8c719000 	C:\Program Files\Java\jdk1.8.0_231\jre\bin\java.dll
0x00007ffb8c6d0000 - 0x00007ffb8c6e6000 	C:\Program Files\Java\jdk1.8.0_231\jre\bin\zip.dll
0x00007ffbb1930000 - 0x00007ffbb2072000 	C:\WINDOWS\System32\SHELL32.dll
0x00007ffbaeb00000 - 0x00007ffbaf295000 	C:\WINDOWS\SYSTEM32\windows.storage.dll
0x00007ffbb26e0000 - 0x00007ffbb2a36000 	C:\WINDOWS\System32\combase.dll
0x00007ffbb0400000 - 0x00007ffbb042c000 	C:\WINDOWS\SYSTEM32\Wldp.dll
0x00007ffbb12c0000 - 0x00007ffbb136e000 	C:\WINDOWS\System32\SHCORE.dll
0x00007ffbb2b50000 - 0x00007ffbb2ba5000 	C:\WINDOWS\System32\shlwapi.dll
0x00007ffbb08c0000 - 0x00007ffbb08e6000 	C:\WINDOWS\SYSTEM32\profapi.dll
0x00007ffb8c6b0000 - 0x00007ffb8c6ca000 	C:\Program Files\Java\jdk1.8.0_231\jre\bin\net.dll
0x00007ffbb0180000 - 0x00007ffbb01ea000 	C:\WINDOWS\system32\mswsock.dll
0x00007ffb7c900000 - 0x00007ffb7c912000 	C:\Program Files\Java\jdk1.8.0_231\jre\bin\nio.dll
0x00007ffbabe90000 - 0x00007ffbabeae000 	C:\Users\UNKNOWN\.gradle\native\25\windows-amd64\native-platform.dll
0x00007ffba2940000 - 0x00007ffba294d000 	C:\Program Files\Java\jdk1.8.0_231\jre\bin\management.dll
0x00007ffbb0350000 - 0x00007ffbb0368000 	C:\WINDOWS\SYSTEM32\CRYPTSP.dll
0x00007ffbafaa0000 - 0x00007ffbafad4000 	C:\WINDOWS\system32\rsaenh.dll
0x00007ffbb0b00000 - 0x00007ffbb0b27000 	C:\WINDOWS\System32\bcrypt.dll
0x00007ffbb0840000 - 0x00007ffbb086e000 	C:\WINDOWS\SYSTEM32\USERENV.dll
0x00007ffbb0fa0000 - 0x00007ffbb1020000 	C:\WINDOWS\System32\bcryptprimitives.dll
0x00007ffbb0370000 - 0x00007ffbb037c000 	C:\WINDOWS\SYSTEM32\CRYPTBASE.dll
0x00007ffbafe20000 - 0x00007ffbafe5b000 	C:\WINDOWS\SYSTEM32\IPHLPAPI.DLL
0x00007ffbb2260000 - 0x00007ffbb2268000 	C:\WINDOWS\System32\NSI.dll
0x00007ffbaa360000 - 0x00007ffbaa377000 	C:\WINDOWS\SYSTEM32\dhcpcsvc6.DLL
0x00007ffbaa5f0000 - 0x00007ffbaa60d000 	C:\WINDOWS\SYSTEM32\dhcpcsvc.DLL
0x00007ffbafe70000 - 0x00007ffbaff3b000 	C:\WINDOWS\SYSTEM32\DNSAPI.dll
0x00007ffb7c8d0000 - 0x00007ffb7c8f4000 	C:\Program Files\Java\jdk1.8.0_231\jre\bin\sunec.dll
0x00007ffba2210000 - 0x00007ffba221b000 	C:\Program Files\Java\jdk1.8.0_231\jre\bin\sunmscapi.dll
0x00007ffbb1120000 - 0x00007ffbb127d000 	C:\WINDOWS\System32\CRYPT32.dll
0x00007ffba45a0000 - 0x00007ffba45aa000 	C:\Windows\System32\rasadhlp.dll
0x00007ffba4050000 - 0x00007ffba40cf000 	C:\WINDOWS\System32\fwpuclnt.dll
0x00007ffb7ca20000 - 0x00007ffb7ca37000 	C:\WINDOWS\system32\napinsp.dll
0x00007ffb7c8b0000 - 0x00007ffb7c8cb000 	C:\WINDOWS\system32\pnrpnsp.dll
0x00007ffb97200000 - 0x00007ffb97215000 	C:\WINDOWS\system32\wshbth.dll
0x00007ffbac420000 - 0x00007ffbac43d000 	C:\WINDOWS\system32\NLAapi.dll
0x00007ffb7bd00000 - 0x00007ffb7bd12000 	C:\WINDOWS\System32\winrnr.dll
0x00007ffbaa140000 - 0x00007ffbaa324000 	C:\WINDOWS\SYSTEM32\dbghelp.dll

VM Arguments:
jvm_args: -Xmx4G -Dfile.encoding=windows-1252 -Duser.country=IT -Duser.language=it -Duser.variant 
java_command: org.gradle.launcher.daemon.bootstrap.GradleDaemon 4.10.3
java_class_path (initial): C:\Users\UNKNOWN\.gradle\wrapper\dists\gradle-4.10.3-bin\31t79e2qsceia4mkbojplrgx\gradle-4.10.3\lib\gradle-launcher-4.10.3.jar
Launcher Type: SUN_STANDARD

Environment Variables:
PATH=C:\Program Files (x86)\NVIDIA Corporation\PhysX\Common;C:\Program Files (x86)\Common Files\Oracle\Java\javapath;C:\WINDOWS\system32;C:\WINDOWS;C:\WINDOWS\System32\Wbem;C:\WINDOWS\System32\WindowsPowerShell\v1.0\;C:\WINDOWS\System32\OpenSSH\;C:\Program Files\Java\jdk1.8.0_231\bin;E:\Storage10\Programs10\Matlab\runtime\win64;E:\Storage10\Programs10\Matlab\bin;E:\Storage10\Programs10\Matlab\polyspace\bin;E:\Storage10\Programs10\Git\cmd;C:\Program Files\dotnet\;E:\Storage10\Programmi (x86)\Python36\Scripts\;E:\Storage10\Programmi (x86)\Python36\;C:\Users\UNKNOWN\AppData\Local\Microsoft\WindowsApps;;E:\Storage10\Programs10\JetBrains\IntelliJ IDEA Community Edition 2020.2\bin;;C:\Users\UNKNOWN\.dotnet\tools;E:\Storage10\Programs10\Microsoft VS Code\bin
USERNAME=UNKNOWN
OS=Windows_NT
PROCESSOR_IDENTIFIER=Intel64 Family 6 Model 94 Stepping 3, GenuineIntel



---------------  S Y S T E M  ---------------

OS: Windows 10.0 , 64 bit Build 19041 (10.0.19041.662)

CPU:total 4 (initial active 4) (4 cores per cpu, 1 threads per core) family 6 model 94 stepping 3, cmov, cx8, fxsr, mmx, sse, sse2, sse3, ssse3, sse4.1, sse4.2, popcnt, avx, avx2, aes, clmul, erms, rtm, 3dnowpref, lzcnt, tsc, tscinvbit, bmi1, bmi2, adx

Memory: 4k page, physical 16696244k(3761924k free), swap 29529036k(3478032k free)

vm_info: Java HotSpot(TM) 64-Bit Server VM (25.231-b11) for windows-amd64 JRE (1.8.0_231-b11), built on Oct  5 2019 03:11:30 by "java_re" with MS VC++ 10.0 (VS2010)

time: Thu Dec 17 01:15:32 2020
timezone: ora solare Europa occidentale
elapsed time: 10143 seconds (0d 2h 49m 3s)

