#
# A fatal error has been detected by the Java Runtime Environment:
#
#  EXCEPTION_ACCESS_VIOLATION (0xc0000005) at pc=0x0000000053374ed6, pid=2064, tid=0x0000000000001008
#
# JRE version: Java(TM) SE Runtime Environment (8.0_231-b11) (build 1.8.0_231-b11)
# Java VM: Java HotSpot(TM) 64-Bit Server VM (25.231-b11 mixed mode windows-amd64 compressed oops)
# Problematic frame:
# V  [jvm.dll+0x404ed6]
#
# Failed to write core dump. Minidumps are not enabled by default on client versions of Windows
#
# If you would like to submit a bug report, please visit:
#   http://bugreport.java.com/bugreport/crash.jsp
#

---------------  T H R E A D  ---------------

Current thread (0x0000000002967800):  GCTaskThread [stack: 0x0000000012b80000,0x0000000012c80000] [id=4104]

siginfo: ExceptionCode=0xc0000005, reading address 0xffffffffffffffff

Registers:
RAX=0x002f006c00690074, RBX=0x0000000797d9c528, RCX=0x0000000797d9c528, RDX=0x0000000003080368
RSP=0x0000000012c7fa10, RBP=0x000000000003d840, RSI=0x000000001c0e5040, RDI=0x00000007550b2a10
R8 =0x000000000003d840, R9 =0x0000000003080368, R10=0x0000000000000008, R11=0x00000007a8bff2e0
R12=0x00000000122b8581, R13=0x002f006c00690074, R14=0x0000000000000000, R15=0x0000000002963800
RIP=0x0000000053374ed6, EFLAGS=0x0000000000010206

Top of Stack: (sp=0x0000000012c7fa10)
0x0000000012c7fa10:   0000000797d9c710 0000000000000003
0x0000000012c7fa20:   000000001c0e5040 0000000798707ae8
0x0000000012c7fa30:   00000007a8bf72f0 000000005337560b
0x0000000012c7fa40:   000000075c48de20 0000000000000400
0x0000000012c7fa50:   0000000000000000 000000001c0e5000
0x0000000012c7fa60:   00000000122b8581 0000000053375230
0x0000000012c7fa70:   00000007a8bf86c4 00000000122b8601
0x0000000012c7fa80:   000000001c0e5040 00000007550b2a10
0x0000000012c7fa90:   00000007a8bf86c4 0000000053375dd5
0x0000000012c7faa0:   0000000797b423a0 00000000122b8601
0x0000000012c7fab0:   000000001c0e5040 0000000000000003
0x0000000012c7fac0:   000000001c0e5040 000000005305d3d0
0x0000000012c7fad0:   00000006c03fd53c 00000000530856c7
0x0000000012c7fae0:   000000001c0e5040 0000000053083da3
0x0000000012c7faf0:   0000000753e7f6d1 0000000753e7f6d1
0x0000000012c7fb00:   00000007550b29dc 00000000530856c7 

Instructions: (pc=0x0000000053374ed6)
0x0000000053374eb6:   48 8b 52 08 48 8b cb e8 fe ba ca ff 48 63 e8 41
0x0000000053374ec6:   0f b6 c5 f6 d0 a8 01 49 8b c5 74 06 48 83 e0 fd
0x0000000053374ed6:   8b 00 48 c1 e8 03 83 e0 0f 3b 05 b3 1f 42 00 0f
0x0000000053374ee6:   83 11 01 00 00 48 8b d5 48 8b ce e8 fa f9 ff ff 


Register to memory mapping:

RAX=0x002f006c00690074 is an unknown value
RBX=0x0000000797d9c528 is an oop

[error occurred during error reporting (printing register info), id 0xc0000005]

Stack: [0x0000000012b80000,0x0000000012c80000],  sp=0x0000000012c7fa10,  free space=1022k
Native frames: (J=compiled Java code, j=interpreted, Vv=VM code, C=native code)
V  [jvm.dll+0x404ed6]
V  [jvm.dll+0x405230]
V  [jvm.dll+0x405dd5]
V  [jvm.dll+0x3f589f]
V  [jvm.dll+0x407dc2]
V  [jvm.dll+0x3f706e]
V  [jvm.dll+0x29fd8a]
C  [msvcr100.dll+0x21d9f]
C  [msvcr100.dll+0x21e3b]
C  [KERNEL32.DLL+0x17034]
C  [ntdll.dll+0x4d0d1]


---------------  P R O C E S S  ---------------

Java Threads: ( => current thread )
  0x000000002719f800 JavaThread "Cache worker for file hash cache (C:\Users\UNKNOWN\IdeaProjects\MinecraftModding\Supplementaries\.gradle\4.10.3\fileHashes)" [_thread_blocked, id=9524, stack(0x0000000020710000,0x0000000020810000)]
  0x00000000271a6000 JavaThread "Stdin handler" [_thread_blocked, id=10512, stack(0x0000000020610000,0x0000000020710000)]
  0x00000000271a1800 JavaThread "Asynchronous log dispatcher for DefaultDaemonConnection: socket connection from /127.0.0.1:51784 to /127.0.0.1:55400" [_thread_blocked, id=5584, stack(0x0000000020310000,0x0000000020410000)]
  0x00000000271a4800 JavaThread "Cancel handler" [_thread_blocked, id=11212, stack(0x0000000000d60000,0x0000000000e60000)]
  0x00000000271a5800 JavaThread "Handler for socket connection from /127.0.0.1:51784 to /127.0.0.1:55400" [_thread_in_native, id=3928, stack(0x0000000000c60000,0x0000000000d60000)]
  0x00000000257ab000 JavaThread "Daemon worker Thread 23" [_thread_blocked, id=6880, stack(0x0000000020210000,0x0000000020310000)]
  0x00000000257a7800 JavaThread "Daemon Thread 22" [_thread_blocked, id=3672, stack(0x0000000000b60000,0x0000000000c60000)]
  0x0000000024e64800 JavaThread "Cache worker for Java compile cache (C:\Users\UNKNOWN\.gradle\caches\4.10.3\javaCompile)" [_thread_blocked, id=9100, stack(0x000000002aa60000,0x000000002ab60000)]
  0x0000000024e5c800 JavaThread "Cache worker for file content cache (C:\Users\UNKNOWN\.gradle\caches\4.10.3\fileContent)" [_thread_blocked, id=9688, stack(0x0000000028060000,0x0000000028160000)]
  0x0000000024e5b800 JavaThread "Memory manager" [_thread_blocked, id=6208, stack(0x0000000027b40000,0x0000000027c40000)]
  0x000000001f424000 JavaThread "Cache worker for Artifact transforms cache (C:\Users\UNKNOWN\.gradle\caches\transforms-1)" [_thread_blocked, id=1140, stack(0x0000000024380000,0x0000000024480000)]
  0x000000001f427000 JavaThread "Cache worker for journal cache (C:\Users\UNKNOWN\.gradle\caches\journal-1)" [_thread_blocked, id=5532, stack(0x0000000023e80000,0x0000000023f80000)]
  0x000000001f427800 JavaThread "File lock request listener" [_thread_in_native, id=8680, stack(0x0000000022cb0000,0x0000000022db0000)]
  0x000000001f424800 JavaThread "Cache worker for file hash cache (C:\Users\UNKNOWN\.gradle\caches\4.10.3\fileHashes)" [_thread_blocked, id=6548, stack(0x0000000022bb0000,0x0000000022cb0000)]
  0x000000001f308800 JavaThread "Daemon periodic checks" [_thread_blocked, id=7980, stack(0x0000000020110000,0x0000000020210000)]
  0x000000001f351800 JavaThread "Incoming local TCP Connector on port 51784" [_thread_in_native, id=1252, stack(0x000000001feb0000,0x000000001ffb0000)]
  0x000000001f117000 JavaThread "Daemon health stats" [_thread_blocked, id=6564, stack(0x000000001f870000,0x000000001f970000)]
  0x000000001c17e800 JavaThread "Service Thread" daemon [_thread_blocked, id=6032, stack(0x000000001dea0000,0x000000001dfa0000)]
  0x000000001c12e800 JavaThread "C1 CompilerThread2" daemon [_thread_blocked, id=8764, stack(0x000000001d9a0000,0x000000001daa0000)]
  0x000000001c128000 JavaThread "C2 CompilerThread1" daemon [_thread_blocked, id=9676, stack(0x000000001d8a0000,0x000000001d9a0000)]
  0x000000001c125000 JavaThread "C2 CompilerThread0" daemon [_thread_blocked, id=10056, stack(0x000000001d7a0000,0x000000001d8a0000)]
  0x000000001c122800 JavaThread "Attach Listener" daemon [_thread_blocked, id=7568, stack(0x000000001d6a0000,0x000000001d7a0000)]
  0x000000001c11d800 JavaThread "Signal Dispatcher" daemon [_thread_blocked, id=9812, stack(0x000000001d5a0000,0x000000001d6a0000)]
  0x0000000002a4d000 JavaThread "Finalizer" daemon [_thread_blocked, id=9780, stack(0x000000001d380000,0x000000001d480000)]
  0x0000000002a42000 JavaThread "Reference Handler" daemon [_thread_blocked, id=9776, stack(0x000000001d280000,0x000000001d380000)]
  0x000000000284e800 JavaThread "main" [_thread_blocked, id=1664, stack(0x0000000002850000,0x0000000002950000)]

Other Threads:
  0x000000001c0e7800 VMThread [stack: 0x000000001d180000,0x000000001d280000] [id=7836]
  0x000000001daeb000 WatcherThread [stack: 0x000000001dfa0000,0x000000001e0a0000] [id=4564]

=>0x0000000002967800 (exited) GCTaskThread [stack: 0x0000000012b80000,0x0000000012c80000] [id=4104]

VM state:at safepoint (normal execution)

VM Mutex/Monitor currently owned by a thread:  ([mutex/lock_event])
[0x000000000284d600] Threads_lock - owner thread: 0x000000001c0e7800
[0x000000000284d380] Heap_lock - owner thread: 0x00000000271a6000

heap address: 0x00000006c0000000, size: 4096 MB, Compressed Oops mode: Zero based, Oop shift amount: 3
Narrow klass base: 0x0000000000000000, Narrow klass shift: 3
Compressed class space size: 1073741824 Address: 0x00000007c0000000

Heap:
 PSYoungGen      total 931840K, used 754769K [0x000000076ab00000, 0x00000007c0000000, 0x00000007c0000000)
  eden space 465920K, 100% used [0x000000076ab00000,0x0000000787200000,0x0000000787200000)
  from space 465920K, 61% used [0x0000000787200000,0x0000000798c14478,0x00000007a3900000)
  to   space 465920K, 42% used [0x00000007a3900000,0x00000007afa20808,0x00000007c0000000)
 ParOldGen       total 2796544K, used 2625087K [0x00000006c0000000, 0x000000076ab00000, 0x000000076ab00000)
  object space 2796544K, 93% used [0x00000006c0000000,0x000000076038fcb8,0x000000076ab00000)
 Metaspace       used 219920K, capacity 226879K, committed 227032K, reserved 1245184K
  class space    used 29549K, capacity 31408K, committed 31488K, reserved 1048576K

Card table byte_map: [0x0000000011e10000,0x0000000012620000] byte_map_base: 0x000000000e810000

Marking Bits: (ParMarkBitMap*) 0x0000000053796d90
 Begin Bits: [0x0000000012f80000, 0x0000000016f80000)
 End Bits:   [0x0000000016f80000, 0x000000001af80000)

Polling page: 0x0000000000ed0000

CodeCache: size=245760Kb used=96152Kb max_used=96153Kb free=149607Kb
 bounds [0x0000000002a50000, 0x00000000088e0000, 0x0000000011a50000]
 total_blobs=25451 nmethods=24586 adapters=775
 compilation: enabled

Compilation events (10 events):
Event: 7488.599 Thread 0x000000001c12e800 nmethod 33657 0x00000000088d4fd0 code [0x00000000088d5240, 0x00000000088d6668]
Event: 7488.600 Thread 0x000000001c12e800 33658       3       sun.nio.ch.WindowsSelectorImpl::updateSelectedKeys (74 bytes)
Event: 7488.601 Thread 0x000000001c12e800 nmethod 33658 0x0000000004594990 code [0x0000000004594b60, 0x0000000004595288]
Event: 7488.603 Thread 0x000000001c12e800 33659       3       sun.nio.ch.WindowsSelectorImpl$SubSelector::access$2900 (6 bytes)
Event: 7488.603 Thread 0x000000001c12e800 nmethod 33659 0x00000000051d2390 code [0x00000000051d2500, 0x00000000051d2668]
Event: 7488.605 Thread 0x000000001c12e800 33660   !   3       sun.nio.ch.WindowsSelectorImpl::resetWakeupSocket (41 bytes)
Event: 7488.605 Thread 0x000000001c12e800 nmethod 33660 0x00000000080f9950 code [0x00000000080f9ac0, 0x00000000080f9ea8]
Event: 7504.426 Thread 0x000000001c12e800 33663       3       java.io.ObjectInputStream::readFloat (8 bytes)
Event: 7504.426 Thread 0x000000001c12e800 nmethod 33663 0x00000000084b9150 code [0x00000000084b92c0, 0x00000000084b9468]
Event: 7504.432 Thread 0x000000001c125000 33664   !   4       org.gradle.internal.event.DefaultListenerManager::getBroadcasterInternal (152 bytes)

GC Heap History (10 events):
Event: 7477.709 GC heap after
Heap after GC invocations=130 (full 9):
 PSYoungGen      total 875008K, used 275544K [0x000000076ab00000, 0x00000007bc580000, 0x00000007c0000000)
  eden space 569856K, 0% used [0x000000076ab00000,0x000000076ab00000,0x000000078d780000)
  from space 305152K, 90% used [0x000000078d780000,0x000000079e496150,0x00000007a0180000)
  to   space 348672K, 0% used [0x00000007a7100000,0x00000007a7100000,0x00000007bc580000)
 ParOldGen       total 2796544K, used 2429734K [0x00000006c0000000, 0x000000076ab00000, 0x000000076ab00000)
  object space 2796544K, 86% used [0x00000006c0000000,0x00000007544c98b8,0x000000076ab00000)
 Metaspace       used 214846K, capacity 221795K, committed 221912K, reserved 1241088K
  class space    used 28857K, capacity 30684K, committed 30720K, reserved 1048576K
}
Event: 7480.532 GC heap before
{Heap before GC invocations=131 (full 9):
 PSYoungGen      total 875008K, used 845400K [0x000000076ab00000, 0x00000007bc580000, 0x00000007c0000000)
  eden space 569856K, 100% used [0x000000076ab00000,0x000000078d780000,0x000000078d780000)
  from space 305152K, 90% used [0x000000078d780000,0x000000079e496150,0x00000007a0180000)
  to   space 348672K, 0% used [0x00000007a7100000,0x00000007a7100000,0x00000007bc580000)
 ParOldGen       total 2796544K, used 2429734K [0x00000006c0000000, 0x000000076ab00000, 0x000000076ab00000)
  object space 2796544K, 86% used [0x00000006c0000000,0x00000007544c98b8,0x000000076ab00000)
 Metaspace       used 219331K, capacity 226323K, committed 226392K, reserved 1245184K
  class space    used 29477K, capacity 31310K, committed 31360K, reserved 1048576K
Event: 7480.669 GC heap after
Heap after GC invocations=131 (full 9):
 PSYoungGen      total 927232K, used 347074K [0x000000076ab00000, 0x00000007c0000000, 0x00000007c0000000)
  eden space 578560K, 0% used [0x000000076ab00000,0x000000076ab00000,0x000000078e000000)
  from space 348672K, 99% used [0x00000007a7100000,0x00000007bc3f0888,0x00000007bc580000)
  to   space 409600K, 0% used [0x000000078e000000,0x000000078e000000,0x00000007a7000000)
 ParOldGen       total 2796544K, used 2432244K [0x00000006c0000000, 0x000000076ab00000, 0x000000076ab00000)
  object space 2796544K, 86% used [0x00000006c0000000,0x000000075473d320,0x000000076ab00000)
 Metaspace       used 219331K, capacity 226323K, committed 226392K, reserved 1245184K
  class space    used 29477K, capacity 31310K, committed 31360K, reserved 1048576K
}
Event: 7482.402 GC heap before
{Heap before GC invocations=132 (full 9):
 PSYoungGen      total 927232K, used 911701K [0x000000076ab00000, 0x00000007c0000000, 0x00000007c0000000)
  eden space 578560K, 97% used [0x000000076ab00000,0x000000078d264d18,0x000000078e000000)
  from space 348672K, 99% used [0x00000007a7100000,0x00000007bc3f0888,0x00000007bc580000)
  to   space 409600K, 0% used [0x000000078e000000,0x000000078e000000,0x00000007a7000000)
 ParOldGen       total 2796544K, used 2432244K [0x00000006c0000000, 0x000000076ab00000, 0x000000076ab00000)
  object space 2796544K, 86% used [0x00000006c0000000,0x000000075473d320,0x000000076ab00000)
 Metaspace       used 219896K, capacity 226879K, committed 227032K, reserved 1245184K
  class space    used 29548K, capacity 31408K, committed 31488K, reserved 1048576K
Event: 7482.523 GC heap after
Heap after GC invocations=132 (full 9):
 PSYoungGen      total 975360K, used 396306K [0x000000076ab00000, 0x00000007c0000000, 0x00000007c0000000)
  eden space 578560K, 0% used [0x000000076ab00000,0x000000076ab00000,0x000000078e000000)
  from space 396800K, 99% used [0x000000078e000000,0x00000007a6304840,0x00000007a6380000)
  to   space 422400K, 0% used [0x00000007a6380000,0x00000007a6380000,0x00000007c0000000)
 ParOldGen       total 2796544K, used 2432908K [0x00000006c0000000, 0x000000076ab00000, 0x000000076ab00000)
  object space 2796544K, 86% used [0x00000006c0000000,0x00000007547e3320,0x000000076ab00000)
 Metaspace       used 219896K, capacity 226879K, committed 227032K, reserved 1245184K
  class space    used 29548K, capacity 31408K, committed 31488K, reserved 1048576K
}
Event: 7486.387 GC heap before
{Heap before GC invocations=133 (full 9):
 PSYoungGen      total 975360K, used 937860K [0x000000076ab00000, 0x00000007c0000000, 0x00000007c0000000)
  eden space 578560K, 93% used [0x000000076ab00000,0x000000078bbdc930,0x000000078e000000)
  from space 396800K, 99% used [0x000000078e000000,0x00000007a6304840,0x00000007a6380000)
  to   space 422400K, 0% used [0x00000007a6380000,0x00000007a6380000,0x00000007c0000000)
 ParOldGen       total 2796544K, used 2432908K [0x00000006c0000000, 0x000000076ab00000, 0x000000076ab00000)
  object space 2796544K, 86% used [0x00000006c0000000,0x00000007547e3320,0x000000076ab00000)
 Metaspace       used 219918K, capacity 226879K, committed 227032K, reserved 1245184K
  class space    used 29549K, capacity 31408K, committed 31488K, reserved 1048576K
Event: 7486.506 GC heap after
Heap after GC invocations=133 (full 9):
 PSYoungGen      total 888320K, used 422391K [0x000000076ab00000, 0x00000007c0000000, 0x00000007c0000000)
  eden space 465920K, 0% used [0x000000076ab00000,0x000000076ab00000,0x0000000787200000)
  from space 422400K, 99% used [0x00000007a6380000,0x00000007bfffddd8,0x00000007c0000000)
  to   space 465920K, 0% used [0x0000000787200000,0x0000000787200000,0x00000007a3900000)
 ParOldGen       total 2796544K, used 2454421K [0x00000006c0000000, 0x000000076ab00000, 0x000000076ab00000)
  object space 2796544K, 87% used [0x00000006c0000000,0x0000000755ce5778,0x000000076ab00000)
 Metaspace       used 219918K, capacity 226879K, committed 227032K, reserved 1245184K
  class space    used 29549K, capacity 31408K, committed 31488K, reserved 1048576K
}
Event: 7487.618 GC heap before
{Heap before GC invocations=134 (full 9):
 PSYoungGen      total 888320K, used 885692K [0x000000076ab00000, 0x00000007c0000000, 0x00000007c0000000)
  eden space 465920K, 99% used [0x000000076ab00000,0x0000000786f71260,0x0000000787200000)
  from space 422400K, 99% used [0x00000007a6380000,0x00000007bfffddd8,0x00000007c0000000)
  to   space 465920K, 0% used [0x0000000787200000,0x0000000787200000,0x00000007a3900000)
 ParOldGen       total 2796544K, used 2454421K [0x00000006c0000000, 0x000000076ab00000, 0x000000076ab00000)
  object space 2796544K, 87% used [0x00000006c0000000,0x0000000755ce5778,0x000000076ab00000)
 Metaspace       used 219918K, capacity 226879K, committed 227032K, reserved 1245184K
  class space    used 29549K, capacity 31408K, committed 31488K, reserved 1048576K
Event: 7487.731 GC heap after
Heap after GC invocations=134 (full 9):
 PSYoungGen      total 931840K, used 288849K [0x000000076ab00000, 0x00000007c0000000, 0x00000007c0000000)
  eden space 465920K, 0% used [0x000000076ab00000,0x000000076ab00000,0x0000000787200000)
  from space 465920K, 61% used [0x0000000787200000,0x0000000798c14478,0x00000007a3900000)
  to   space 465920K, 0% used [0x00000007a3900000,0x00000007a3900000,0x00000007c0000000)
 ParOldGen       total 2796544K, used 2539765K [0x00000006c0000000, 0x000000076ab00000, 0x000000076ab00000)
  object space 2796544K, 90% used [0x00000006c0000000,0x000000075b03d7e8,0x000000076ab00000)
 Metaspace       used 219918K, capacity 226879K, committed 227032K, reserved 1245184K
  class space    used 29549K, capacity 31408K, committed 31488K, reserved 1048576K
}
Event: 7504.477 GC heap before
{Heap before GC invocations=135 (full 9):
 PSYoungGen      total 931840K, used 754769K [0x000000076ab00000, 0x00000007c0000000, 0x00000007c0000000)
  eden space 465920K, 100% used [0x000000076ab00000,0x0000000787200000,0x0000000787200000)
  from space 465920K, 61% used [0x0000000787200000,0x0000000798c14478,0x00000007a3900000)
  to   space 465920K, 0% used [0x00000007a3900000,0x00000007a3900000,0x00000007c0000000)
 ParOldGen       total 2796544K, used 2539765K [0x00000006c0000000, 0x000000076ab00000, 0x000000076ab00000)
  object space 2796544K, 90% used [0x00000006c0000000,0x000000075b03d7e8,0x000000076ab00000)
 Metaspace       used 219920K, capacity 226879K, committed 227032K, reserved 1245184K
  class space    used 29549K, capacity 31408K, committed 31488K, reserved 1048576K

Deoptimization events (10 events):
Event: 7463.045 Thread 0x0000000025534800 Uncommon trap: reason=class_check action=maybe_recompile pc=0x000000000305f678 method=sun.misc.URLClassPath$JarLoader.ensureOpen()V @ 31
Event: 7463.687 Thread 0x0000000025534800 Uncommon trap: reason=unstable_if action=reinterpret pc=0x0000000006370078 method=com.google.common.io.LineReader.readLine()Ljava/lang/String; @ 63
Event: 7463.763 Thread 0x0000000025534800 Uncommon trap: reason=unstable_if action=reinterpret pc=0x000000000636a2f8 method=com.google.common.collect.HashBiMap.seekByValue(Ljava/lang/Object;I)Lcom/google/common/collect/HashBiMap$BiEntry; @ 21
Event: 7463.905 Thread 0x0000000025534800 Uncommon trap: reason=unstable_if action=reinterpret pc=0x0000000005b0a1d4 method=com.google.common.collect.HashBiMap.seekByKey(Ljava/lang/Object;I)Lcom/google/common/collect/HashBiMap$BiEntry; @ 21
Event: 7463.948 Thread 0x0000000025534800 Uncommon trap: reason=unstable_if action=reinterpret pc=0x0000000006369794 method=com.google.common.base.Strings.nullToEmpty(Ljava/lang/String;)Ljava/lang/String; @ 1
Event: 7479.839 Thread 0x000000002552d000 Uncommon trap: reason=class_check action=maybe_recompile pc=0x000000000305f678 method=sun.misc.URLClassPath$JarLoader.ensureOpen()V @ 31
Event: 7480.478 Thread 0x000000002552d000 Uncommon trap: reason=unstable_if action=reinterpret pc=0x000000000885b058 method=com.google.common.io.LineReader.readLine()Ljava/lang/String; @ 63
Event: 7480.691 Thread 0x000000002552d000 Uncommon trap: reason=unstable_if action=reinterpret pc=0x0000000008873238 method=com.google.common.collect.HashBiMap.seekByValue(Ljava/lang/Object;I)Lcom/google/common/collect/HashBiMap$BiEntry; @ 21
Event: 7480.730 Thread 0x000000002552d000 Uncommon trap: reason=unstable_if action=reinterpret pc=0x000000000886d654 method=com.google.common.collect.HashBiMap.seekByKey(Ljava/lang/Object;I)Lcom/google/common/collect/HashBiMap$BiEntry; @ 21
Event: 7480.774 Thread 0x000000002552d000 Uncommon trap: reason=unstable_if action=reinterpret pc=0x000000000886a2d4 method=com.google.common.base.Strings.nullToEmpty(Ljava/lang/String;)Ljava/lang/String; @ 1

Classes redefined (0 events):
No events

Internal exceptions (10 events):
Event: 7480.380 Thread 0x000000002552d000 Exception <a 'java/lang/NoSuchMethodError': com.sun.jna.Native.load(Ljava/lang/String;Ljava/lang/Class;Ljava/util/Map;)Lcom/sun/jna/Library;> (0x0000000785e24208) thrown at [C:\re\workspace\8-2-build-windows-amd64-cygwin\jdk8u231\13620\hotspot\src\share\v
Event: 7480.380 Thread 0x000000002552d000 Exception <a 'java/lang/NoSuchMethodError'> (0x0000000785e24208) thrown at [C:\re\workspace\8-2-build-windows-amd64-cygwin\jdk8u231\13620\hotspot\src\share\vm\oops\instanceKlass.cpp, line 959]
Event: 7480.380 Thread 0x000000002552d000 Exception <a 'java/lang/NoSuchMethodError'> (0x0000000785e24208) thrown at [C:\re\workspace\8-2-build-windows-amd64-cygwin\jdk8u231\13620\hotspot\src\share\vm\oops\instanceKlass.cpp, line 959]
Event: 7480.382 Thread 0x000000002552d000 Exception <a 'java/lang/NoClassDefFoundError': org/fusesource/jansi/Ansi> (0x0000000785e574a8) thrown at [C:\re\workspace\8-2-build-windows-amd64-cygwin\jdk8u231\13620\hotspot\src\share\vm\classfile\systemDictionary.cpp, line 199]
Event: 7485.185 Thread 0x00000000271ae800 Exception <a 'java/net/SocketException': Socket closed> (0x0000000782d92e38) thrown at [C:\re\workspace\8-2-build-windows-amd64-cygwin\jdk8u231\13620\hotspot\src\share\vm\prims\jni.cpp, line 736]
Event: 7485.185 Thread 0x00000000271ae800 Exception <a 'java/net/SocketException': Socket closed> (0x0000000782d941d0) thrown at [C:\re\workspace\8-2-build-windows-amd64-cygwin\jdk8u231\13620\hotspot\src\share\vm\prims\jni.cpp, line 736]
Event: 7485.185 Thread 0x00000000271ae800 Exception <a 'java/net/SocketException': Socket closed> (0x0000000782d95568) thrown at [C:\re\workspace\8-2-build-windows-amd64-cygwin\jdk8u231\13620\hotspot\src\share\vm\prims\jni.cpp, line 736]
Event: 7485.360 Thread 0x00000000271ae800 Exception <a 'java/net/SocketException': Socket closed> (0x0000000782ee6fb0) thrown at [C:\re\workspace\8-2-build-windows-amd64-cygwin\jdk8u231\13620\hotspot\src\share\vm\prims\jni.cpp, line 736]
Event: 7485.360 Thread 0x00000000271ae800 Exception <a 'java/net/SocketException': Socket closed> (0x0000000782ee8348) thrown at [C:\re\workspace\8-2-build-windows-amd64-cygwin\jdk8u231\13620\hotspot\src\share\vm\prims\jni.cpp, line 736]
Event: 7485.360 Thread 0x00000000271ae800 Exception <a 'java/net/SocketException': Socket closed> (0x0000000782f73350) thrown at [C:\re\workspace\8-2-build-windows-amd64-cygwin\jdk8u231\13620\hotspot\src\share\vm\prims\jni.cpp, line 736]

Events (10 events):
Event: 7488.604 Thread 0x000000001c12e800 flushing nmethod 0x00000000084b8d90
Event: 7491.528 Thread 0x000000002719f800 Thread exited: 0x000000002719f800
Event: 7504.354 Thread 0x00000000271a5800 Thread added: 0x00000000271a5800
Event: 7504.425 Executing VM operation: RevokeBias
Event: 7504.425 Executing VM operation: RevokeBias done
Event: 7504.427 Thread 0x00000000271a4800 Thread added: 0x00000000271a4800
Event: 7504.429 Thread 0x00000000271a1800 Thread added: 0x00000000271a1800
Event: 7504.429 Thread 0x00000000271a6000 Thread added: 0x00000000271a6000
Event: 7504.431 Thread 0x000000002719f800 Thread added: 0x000000002719f800
Event: 7504.475 Executing VM operation: ParallelGCFailedAllocation


Dynamic libraries:
0x00007ff749b00000 - 0x00007ff749b37000 	C:\Program Files\Java\jdk1.8.0_231\bin\java.exe
0x00007ffda7370000 - 0x00007ffda7566000 	C:\WINDOWS\SYSTEM32\ntdll.dll
0x00007ffda53d0000 - 0x00007ffda548d000 	C:\WINDOWS\System32\KERNEL32.DLL
0x00007ffda50d0000 - 0x00007ffda5399000 	C:\WINDOWS\System32\KERNELBASE.dll
0x00007ffda62e0000 - 0x00007ffda638c000 	C:\WINDOWS\System32\ADVAPI32.dll
0x00007ffda5d50000 - 0x00007ffda5dee000 	C:\WINDOWS\System32\msvcrt.dll
0x00007ffda54b0000 - 0x00007ffda554c000 	C:\WINDOWS\System32\sechost.dll
0x00007ffda5ec0000 - 0x00007ffda5feb000 	C:\WINDOWS\System32\RPCRT4.dll
0x00007ffda5ff0000 - 0x00007ffda6190000 	C:\WINDOWS\System32\USER32.dll
0x00007ffda50a0000 - 0x00007ffda50c2000 	C:\WINDOWS\System32\win32u.dll
0x00007ffda6840000 - 0x00007ffda686a000 	C:\WINDOWS\System32\GDI32.dll
0x00007ffda4dc0000 - 0x00007ffda4ecb000 	C:\WINDOWS\System32\gdi32full.dll
0x00007ffda4ed0000 - 0x00007ffda4f6d000 	C:\WINDOWS\System32\msvcp_win.dll
0x00007ffda4b60000 - 0x00007ffda4c60000 	C:\WINDOWS\System32\ucrtbase.dll
0x00007ffd903e0000 - 0x00007ffd9067b000 	C:\WINDOWS\WinSxS\amd64_microsoft.windows.common-controls_6595b64144ccf1df_6.0.19041.746_none_ca02b4b61b8320a4\COMCTL32.dll
0x00007ffda6390000 - 0x00007ffda63c0000 	C:\WINDOWS\System32\IMM32.DLL
0x0000000053820000 - 0x00000000538f2000 	C:\Program Files\Java\jdk1.8.0_231\jre\bin\msvcr100.dll
0x0000000052f70000 - 0x0000000053816000 	C:\Program Files\Java\jdk1.8.0_231\jre\bin\server\jvm.dll
0x00007ffda72c0000 - 0x00007ffda72c8000 	C:\WINDOWS\System32\PSAPI.DLL
0x00007ffd9bf40000 - 0x00007ffd9bf67000 	C:\WINDOWS\SYSTEM32\WINMM.dll
0x00007ffda0aa0000 - 0x00007ffda0aa9000 	C:\WINDOWS\SYSTEM32\WSOCK32.dll
0x00007ffd9ecc0000 - 0x00007ffd9ecca000 	C:\WINDOWS\SYSTEM32\VERSION.dll
0x00007ffda6270000 - 0x00007ffda62db000 	C:\WINDOWS\System32\WS2_32.dll
0x00007ffd96040000 - 0x00007ffd9604f000 	C:\Program Files\Java\jdk1.8.0_231\jre\bin\verify.dll
0x00007ffd94280000 - 0x00007ffd942a9000 	C:\Program Files\Java\jdk1.8.0_231\jre\bin\java.dll
0x00007ffd94560000 - 0x00007ffd94576000 	C:\Program Files\Java\jdk1.8.0_231\jre\bin\zip.dll
0x00007ffda6930000 - 0x00007ffda7073000 	C:\WINDOWS\System32\SHELL32.dll
0x00007ffda2c30000 - 0x00007ffda33bf000 	C:\WINDOWS\SYSTEM32\windows.storage.dll
0x00007ffda5840000 - 0x00007ffda5b96000 	C:\WINDOWS\System32\combase.dll
0x00007ffda4510000 - 0x00007ffda453c000 	C:\WINDOWS\SYSTEM32\Wldp.dll
0x00007ffda7200000 - 0x00007ffda72ae000 	C:\WINDOWS\System32\SHCORE.dll
0x00007ffda72d0000 - 0x00007ffda7325000 	C:\WINDOWS\System32\shlwapi.dll
0x00007ffda49e0000 - 0x00007ffda4a06000 	C:\WINDOWS\SYSTEM32\profapi.dll
0x00007ffd94260000 - 0x00007ffd9427a000 	C:\Program Files\Java\jdk1.8.0_231\jre\bin\net.dll
0x00007ffda4290000 - 0x00007ffda42fa000 	C:\WINDOWS\system32\mswsock.dll
0x00007ffd94240000 - 0x00007ffd94252000 	C:\Program Files\Java\jdk1.8.0_231\jre\bin\nio.dll
0x00007ffd94ba0000 - 0x00007ffd94bbe000 	C:\Users\UNKNOWN\.gradle\native\25\windows-amd64\native-platform.dll
0x00007ffd95cf0000 - 0x00007ffd95cfd000 	C:\Program Files\Java\jdk1.8.0_231\jre\bin\management.dll
0x00007ffda4460000 - 0x00007ffda4478000 	C:\WINDOWS\SYSTEM32\CRYPTSP.dll
0x00007ffda3bc0000 - 0x00007ffda3bf4000 	C:\WINDOWS\system32\rsaenh.dll
0x00007ffda53a0000 - 0x00007ffda53c7000 	C:\WINDOWS\System32\bcrypt.dll
0x00007ffda4960000 - 0x00007ffda498e000 	C:\WINDOWS\SYSTEM32\USERENV.dll
0x00007ffda4f70000 - 0x00007ffda4ff0000 	C:\WINDOWS\System32\bcryptprimitives.dll
0x00007ffda4480000 - 0x00007ffda448c000 	C:\WINDOWS\SYSTEM32\CRYPTBASE.dll
0x00007ffda3f30000 - 0x00007ffda3f6b000 	C:\WINDOWS\SYSTEM32\IPHLPAPI.DLL
0x00007ffda72b0000 - 0x00007ffda72b8000 	C:\WINDOWS\System32\NSI.dll
0x00007ffd9ed50000 - 0x00007ffd9ed67000 	C:\WINDOWS\SYSTEM32\dhcpcsvc6.DLL
0x00007ffd9ed90000 - 0x00007ffd9edad000 	C:\WINDOWS\SYSTEM32\dhcpcsvc.DLL
0x00007ffda3f80000 - 0x00007ffda404b000 	C:\WINDOWS\SYSTEM32\DNSAPI.dll
0x00007ffd94030000 - 0x00007ffd94054000 	C:\Program Files\Java\jdk1.8.0_231\jre\bin\sunec.dll
0x00007ffd94b90000 - 0x00007ffd94b9b000 	C:\Program Files\Java\jdk1.8.0_231\jre\bin\sunmscapi.dll
0x00007ffda4c60000 - 0x00007ffda4db6000 	C:\WINDOWS\System32\CRYPT32.dll
0x00007ffd91760000 - 0x00007ffd9176a000 	C:\Windows\System32\rasadhlp.dll
0x00007ffd917a0000 - 0x00007ffd9181f000 	C:\WINDOWS\System32\fwpuclnt.dll
0x00007ffda0a50000 - 0x00007ffda0a67000 	C:\WINDOWS\system32\napinsp.dll
0x00007ffda09e0000 - 0x00007ffda09fb000 	C:\WINDOWS\system32\pnrpnsp.dll
0x00007ffd89f60000 - 0x00007ffd89f75000 	C:\WINDOWS\system32\wshbth.dll
0x00007ffda08f0000 - 0x00007ffda090d000 	C:\WINDOWS\system32\NLAapi.dll
0x00007ffda09c0000 - 0x00007ffda09d2000 	C:\WINDOWS\System32\winrnr.dll
0x00007ffd9eea0000 - 0x00007ffd9f084000 	C:\WINDOWS\SYSTEM32\dbghelp.dll

VM Arguments:
jvm_args: -Xmx4G -Dfile.encoding=windows-1252 -Duser.country=IT -Duser.language=it -Duser.variant 
java_command: org.gradle.launcher.daemon.bootstrap.GradleDaemon 4.10.3
java_class_path (initial): C:\Users\UNKNOWN\.gradle\wrapper\dists\gradle-4.10.3-bin\31t79e2qsceia4mkbojplrgx\gradle-4.10.3\lib\gradle-launcher-4.10.3.jar
Launcher Type: SUN_STANDARD

Environment Variables:
PATH=C:\Program Files (x86)\NVIDIA Corporation\PhysX\Common;C:\Program Files (x86)\Common Files\Oracle\Java\javapath;C:\WINDOWS\system32;C:\WINDOWS;C:\WINDOWS\System32\Wbem;C:\WINDOWS\System32\WindowsPowerShell\v1.0\;C:\WINDOWS\System32\OpenSSH\;C:\Program Files\Java\jdk1.8.0_231\bin;E:\Storage10\Programs10\Matlab\runtime\win64;E:\Storage10\Programs10\Matlab\bin;E:\Storage10\Programs10\Matlab\polyspace\bin;E:\Storage10\Programs10\Git\cmd;C:\Program Files\dotnet\;E:\Storage10\Programs10\MATLAB\R2020b\runtime\win64;E:\Storage10\Programs10\MATLAB\R2020b\bin;E:\Storage10\Programmi (x86)\Python36\Scripts\;E:\Storage10\Programmi (x86)\Python36\;C:\Users\UNKNOWN\AppData\Local\Microsoft\WindowsApps;;E:\Storage10\Programs10\JetBrains\IntelliJ IDEA Community Edition 2020.2\bin;;C:\Users\UNKNOWN\.dotnet\tools;E:\Storage10\Programs10\Microsoft VS Code\bin
USERNAME=UNKNOWN
OS=Windows_NT
PROCESSOR_IDENTIFIER=Intel64 Family 6 Model 94 Stepping 3, GenuineIntel



---------------  S Y S T E M  ---------------

OS: Windows 10.0 , 64 bit Build 19041 (10.0.19041.662)

CPU:total 4 (initial active 4) (4 cores per cpu, 1 threads per core) family 6 model 94 stepping 3, cmov, cx8, fxsr, mmx, sse, sse2, sse3, ssse3, sse4.1, sse4.2, popcnt, avx, avx2, aes, clmul, erms, rtm, 3dnowpref, lzcnt, tsc, tscinvbit, bmi1, bmi2, adx

Memory: 4k page, physical 16696244k(5669544k free), swap 26995372k(3550244k free)

vm_info: Java HotSpot(TM) 64-Bit Server VM (25.231-b11) for windows-amd64 JRE (1.8.0_231-b11), built on Oct  5 2019 03:11:30 by "java_re" with MS VC++ 10.0 (VS2010)

time: Tue Jan 26 14:56:20 2021
timezone: ora solare Europa occidentale
elapsed time: 7504 seconds (0d 2h 5m 4s)

