#
# A fatal error has been detected by the Java Runtime Environment:
#
#  EXCEPTION_ACCESS_VIOLATION (0xc0000005) at pc=0x0000000075e34ed6, pid=3220, tid=0x000000000000102c
#
# JRE version: Java(TM) SE Runtime Environment (8.0_231-b11) (build 1.8.0_231-b11)
# Java VM: Java HotSpot(TM) 64-Bit Server VM (25.231-b11 mixed mode windows-amd64 compressed oops)
# Problematic frame:
# V  [jvm.dll+0x404ed6]
#
# Failed to write core dump. Minidumps are not enabled by default on client versions of Windows
#
# If you would like to submit a bug report, please visit:
#   http://bugreport.java.com/bugreport/crash.jsp
#

---------------  T H R E A D  ---------------

Current thread (0x00000000027b9000):  GCTaskThread [stack: 0x0000000012ae0000,0x0000000012be0000] [id=4140]

siginfo: ExceptionCode=0xc0000005, reading address 0x00000000f6a37c94

Registers:
RAX=0x00000000f6a37c94, RBX=0x00000007b5af25d0, RCX=0x0000000000000007, RDX=0x0000000000000000
RSP=0x0000000012bdf840, RBP=0x0000000000000002, RSI=0x000000000288c200, RDI=0x00000006c39b3208
R8 =0x00000000f80f4b0a, R9 =0x1fffffffffffffff, R10=0x0000000000000008, R11=0x00000007bd54dba0
R12=0x0000000011c8cd98, R13=0x00000000f6a37c94, R14=0x0000000000000000, R15=0x00000000027b3800
RIP=0x0000000075e34ed6, EFLAGS=0x0000000000010202

Top of Stack: (sp=0x0000000012bdf840)
0x0000000012bdf840:   00000007b5af27a8 0000000000000005
0x0000000012bdf850:   000000000288c200 00000007b84b85c8
0x0000000012bdf860:   00000007bd545bb0 0000000000001000
0x0000000012bdf870:   00000006da5a3da8 0000000000000400
0x0000000012bdf880:   0000000000000000 000000000288c200
0x0000000012bdf890:   0000000011c8cd98 0000000075e35230
0x0000000012bdf8a0:   00000007bd545d34 0000000011c8ce01
0x0000000012bdf8b0:   000000000288c200 00000006c39b3208
0x0000000012bdf8c0:   00000007bd545d34 0000000075e35dd5
0x0000000012bdf8d0:   00000007b5ae5f40 0000000011c8ce01
0x0000000012bdf8e0:   000000000288c200 0000000000000003
0x0000000012bdf8f0:   000000000288c200 0000000075b1d2ba
0x0000000012bdf900:   00000006c22f70dc 0000000075b456c7
0x0000000012bdf910:   000000000288c200 0000000075b43da3
0x0000000012bdf920:   00000006c39b30b5 00000006c39b30b5
0x0000000012bdf930:   00000006c39b2d08 0000000075b456c7 

Instructions: (pc=0x0000000075e34ed6)
0x0000000075e34eb6:   48 8b 52 08 48 8b cb e8 fe ba ca ff 48 63 e8 41
0x0000000075e34ec6:   0f b6 c5 f6 d0 a8 01 49 8b c5 74 06 48 83 e0 fd
0x0000000075e34ed6:   8b 00 48 c1 e8 03 83 e0 0f 3b 05 b3 1f 42 00 0f
0x0000000075e34ee6:   83 11 01 00 00 48 8b d5 48 8b ce e8 fa f9 ff ff 


Register to memory mapping:

RAX=0x00000000f6a37c94 is an unknown value
RBX=0x00000007b5af25d0 is an unknown value
RCX=0x0000000000000007 is an unknown value
RDX=0x0000000000000000 is an unknown value
RSP=0x0000000012bdf840 is an unknown value
RBP=0x0000000000000002 is an unknown value
RSI=0x000000000288c200 is an unknown value
RDI=0x00000006c39b3208 is an oop
[C 
 - klass: {type array char}
 - length: 58
R8 =0x00000000f80f4b0a is an unknown value
R9 =0x1fffffffffffffff is an unknown value
R10=0x0000000000000008 is an unknown value
R11=0x00000007bd54dba0 is an oop

[error occurred during error reporting (printing register info), id 0xc0000005]

Stack: [0x0000000012ae0000,0x0000000012be0000],  sp=0x0000000012bdf840,  free space=1022k
Native frames: (J=compiled Java code, j=interpreted, Vv=VM code, C=native code)
V  [jvm.dll+0x404ed6]
V  [jvm.dll+0x405230]
V  [jvm.dll+0x405dd5]
V  [jvm.dll+0x3f589f]
V  [jvm.dll+0x407dc2]
V  [jvm.dll+0x3f706e]
V  [jvm.dll+0x29fd8a]
C  [msvcr100.dll+0x21d9f]
C  [msvcr100.dll+0x21e3b]
C  [KERNEL32.DLL+0x17034]
C  [ntdll.dll+0x4d0d1]


---------------  P R O C E S S  ---------------

Java Threads: ( => current thread )
  0x000000002100b800 JavaThread "Cache worker for Java compile cache (C:\Users\UNKNOWN\IdeaProjects\MinecraftModding\Supplementaries\.gradle\4.10.3\javaCompile)" [_thread_blocked, id=11628, stack(0x000000002a460000,0x000000002a560000)]
  0x0000000021004000 JavaThread "Cache worker for Build Output Cleanup Cache (C:\Users\UNKNOWN\IdeaProjects\MinecraftModding\Supplementaries\.gradle\buildOutputCleanup)" [_thread_blocked, id=11740, stack(0x000000002a360000,0x000000002a460000)]
  0x0000000021008800 JavaThread "Cache worker for task history cache (C:\Users\UNKNOWN\IdeaProjects\MinecraftModding\Supplementaries\.gradle\4.10.3\taskHistory)" [_thread_blocked, id=2928, stack(0x000000002a260000,0x000000002a360000)]
  0x0000000021009000 JavaThread "Task worker for ':' Thread 3" [_thread_blocked, id=1808, stack(0x0000000028eb0000,0x0000000028fb0000)]
  0x0000000021007000 JavaThread "Task worker for ':' Thread 2" [_thread_blocked, id=884, stack(0x0000000028ab0000,0x0000000028bb0000)]
  0x00000000221f8800 JavaThread "Task worker for ':'" [_thread_blocked, id=8240, stack(0x00000000289b0000,0x0000000028ab0000)]
  0x00000000221f7800 JavaThread "Cache worker for file content cache (C:\Users\UNKNOWN\IdeaProjects\MinecraftModding\Supplementaries\.gradle\4.10.3\fileContent)" [_thread_blocked, id=8880, stack(0x00000000288b0000,0x00000000289b0000)]
  0x00000000221f6000 JavaThread "Keep-Alive-Timer" daemon [_thread_blocked, id=11564, stack(0x0000000028120000,0x0000000028220000)]
  0x00000000221f5800 JavaThread "Build operations Thread 4" [_thread_blocked, id=2672, stack(0x0000000027a20000,0x0000000027b20000)]
  0x00000000221f4800 JavaThread "Build operations Thread 3" [_thread_blocked, id=9612, stack(0x00000000272c0000,0x00000000273c0000)]
  0x00000000221fb800 JavaThread "Build operations Thread 2" [_thread_blocked, id=10496, stack(0x0000000025d10000,0x0000000025e10000)]
  0x00000000221f9000 JavaThread "Build operations" [_thread_blocked, id=6800, stack(0x00000000245a0000,0x00000000246a0000)]
  0x00000000221f7000 JavaThread "Cache worker for cache directory md-rule (C:\Users\UNKNOWN\.gradle\caches\4.10.3\md-rule)" [_thread_blocked, id=8628, stack(0x0000000024350000,0x0000000024450000)]
  0x00000000221fa800 JavaThread "Cache worker for cache directory md-supplier (C:\Users\UNKNOWN\.gradle\caches\4.10.3\md-supplier)" [_thread_blocked, id=12060, stack(0x0000000022c80000,0x0000000022d80000)]
  0x00000000221ef800 JavaThread "Cache worker for file hash cache (C:\Users\UNKNOWN\IdeaProjects\MinecraftModding\Supplementaries\.gradle\4.10.3\fileHashes)" [_thread_blocked, id=3284, stack(0x00000000205e0000,0x00000000206e0000)]
  0x00000000221ed000 JavaThread "Stdin handler" [_thread_blocked, id=2740, stack(0x00000000204e0000,0x00000000205e0000)]
  0x00000000221f0000 JavaThread "Asynchronous log dispatcher for DefaultDaemonConnection: socket connection from /127.0.0.1:52783 to /127.0.0.1:53543" [_thread_blocked, id=1012, stack(0x00000000201e0000,0x00000000202e0000)]
  0x00000000221f4000 JavaThread "Daemon worker Thread 11" [_thread_blocked, id=12148, stack(0x00000000200e0000,0x00000000201e0000)]
  0x00000000221ec800 JavaThread "Cancel handler" [_thread_blocked, id=8268, stack(0x0000000000df0000,0x0000000000ef0000)]
  0x00000000221f3000 JavaThread "Handler for socket connection from /127.0.0.1:52783 to /127.0.0.1:53543" [_thread_in_native, id=3176, stack(0x0000000000cf0000,0x0000000000df0000)]
  0x00000000221f1800 JavaThread "Daemon Thread 11" [_thread_blocked, id=10316, stack(0x0000000000bf0000,0x0000000000cf0000)]
  0x00000000221f1000 JavaThread "Cache worker for Java compile cache (C:\Users\UNKNOWN\.gradle\caches\4.10.3\javaCompile)" [_thread_blocked, id=9180, stack(0x0000000028db0000,0x0000000028eb0000)]
  0x00000000221f2800 JavaThread "Cache worker for file content cache (C:\Users\UNKNOWN\.gradle\caches\4.10.3\fileContent)" [_thread_blocked, id=3912, stack(0x0000000028020000,0x0000000028120000)]
  0x00000000221ee800 JavaThread "Memory manager" [_thread_blocked, id=11928, stack(0x0000000027f20000,0x0000000028020000)]
  0x000000001f441000 JavaThread "Cache worker for Artifact transforms cache (C:\Users\UNKNOWN\.gradle\caches\transforms-1)" [_thread_blocked, id=11700, stack(0x00000000246a0000,0x00000000247a0000)]
  0x000000001f442800 JavaThread "Cache worker for journal cache (C:\Users\UNKNOWN\.gradle\caches\journal-1)" [_thread_blocked, id=10692, stack(0x00000000244a0000,0x00000000245a0000)]
  0x000000001f43e000 JavaThread "File lock request listener" [_thread_in_native, id=10116, stack(0x0000000022b80000,0x0000000022c80000)]
  0x000000001f443000 JavaThread "Cache worker for file hash cache (C:\Users\UNKNOWN\.gradle\caches\4.10.3\fileHashes)" [_thread_blocked, id=10408, stack(0x0000000022a80000,0x0000000022b80000)]
  0x000000001f2c2000 JavaThread "Daemon periodic checks" [_thread_blocked, id=3880, stack(0x000000001ffe0000,0x00000000200e0000)]
  0x000000001f2bf000 JavaThread "Incoming local TCP Connector on port 52783" [_thread_in_native, id=8452, stack(0x000000001fd80000,0x000000001fe80000)]
  0x000000001f1be800 JavaThread "Daemon health stats" [_thread_blocked, id=11848, stack(0x000000001f740000,0x000000001f840000)]
  0x000000001d978800 JavaThread "Service Thread" daemon [_thread_blocked, id=12216, stack(0x000000001dd50000,0x000000001de50000)]
  0x000000001bfdd000 JavaThread "C1 CompilerThread2" daemon [_thread_blocked, id=8200, stack(0x000000001d850000,0x000000001d950000)]
  0x000000001bfd5800 JavaThread "C2 CompilerThread1" daemon [_thread_blocked, id=3700, stack(0x000000001d750000,0x000000001d850000)]
  0x000000001bfd2800 JavaThread "C2 CompilerThread0" daemon [_thread_blocked, id=2728, stack(0x000000001d650000,0x000000001d750000)]
  0x000000001bfd0000 JavaThread "Attach Listener" daemon [_thread_blocked, id=8408, stack(0x000000001d550000,0x000000001d650000)]
  0x000000001bfcc800 JavaThread "Signal Dispatcher" daemon [_thread_blocked, id=6524, stack(0x000000001d450000,0x000000001d550000)]
  0x000000000289a800 JavaThread "Finalizer" daemon [_thread_blocked, id=232, stack(0x000000001d220000,0x000000001d320000)]
  0x0000000002892000 JavaThread "Reference Handler" daemon [_thread_blocked, id=252, stack(0x000000001d120000,0x000000001d220000)]
  0x0000000000ace800 JavaThread "main" [_thread_blocked, id=10136, stack(0x0000000002690000,0x0000000002790000)]

Other Threads:
  0x000000001bf97000 VMThread [stack: 0x000000001d020000,0x000000001d120000] [id=7132]
  0x000000001d999800 WatcherThread [stack: 0x000000001de50000,0x000000001df50000] [id=8156]

=>0x00000000027b9000 (exited) GCTaskThread [stack: 0x0000000012ae0000,0x0000000012be0000] [id=4140]

VM state:at safepoint (normal execution)

VM Mutex/Monitor currently owned by a thread:  ([mutex/lock_event])
[0x0000000000acd700] Threads_lock - owner thread: 0x000000001bf97000
[0x0000000000acd800] Heap_lock - owner thread: 0x0000000021009000

heap address: 0x00000006c0000000, size: 4096 MB, Compressed Oops mode: Zero based, Oop shift amount: 3
Narrow klass base: 0x0000000000000000, Narrow klass shift: 3
Compressed class space size: 1073741824 Address: 0x00000007c0000000

Heap:
 PSYoungGen      total 1298432K, used 1298323K [0x000000076ab00000, 0x00000007c0000000, 0x00000007c0000000)
  eden space 1199104K, 99% used [0x000000076ab00000,0x00000007b3dec6f0,0x00000007b3e00000)
  from space 99328K, 99% used [0x00000007b3e00000,0x00000007b9ef8868,0x00000007b9f00000)
  to   space 99328K, 95% used [0x00000007b9f00000,0x00000007bfbe1e58,0x00000007c0000000)
 ParOldGen       total 529408K, used 431783K [0x00000006c0000000, 0x00000006e0500000, 0x000000076ab00000)
  object space 529408K, 81% used [0x00000006c0000000,0x00000006da5a9da8,0x00000006e0500000)
 Metaspace       used 90334K, capacity 94022K, committed 94336K, reserved 1130496K
  class space    used 11899K, capacity 12653K, committed 12672K, reserved 1048576K

Card table byte_map: [0x0000000011c70000,0x0000000012480000] byte_map_base: 0x000000000e670000

Marking Bits: (ParMarkBitMap*) 0x0000000076256d90
 Begin Bits: [0x0000000012de0000, 0x0000000016de0000)
 End Bits:   [0x0000000016de0000, 0x000000001ade0000)

Polling page: 0x0000000000ae0000

CodeCache: size=245760Kb used=57521Kb max_used=58250Kb free=188238Kb
 bounds [0x00000000028b0000, 0x0000000006250000, 0x00000000118b0000]
 total_blobs=16207 nmethods=15365 adapters=752
 compilation: enabled

Compilation events (10 events):
Event: 2075.665 Thread 0x000000001bfd5800 20528       4       com.sun.tools.javac.tree.TreeMaker::If (24 bytes)
Event: 2075.666 Thread 0x000000001bfd5800 nmethod 20528 0x00000000046d8010 code [0x00000000046d8160, 0x00000000046d8278]
Event: 2075.678 Thread 0x000000001bfdd000 20529       3       sun.misc.FloatingDecimal$PreparedASCIIToBinaryBuffer::floatValue (5 bytes)
Event: 2075.678 Thread 0x000000001bfdd000 nmethod 20529 0x000000000470e6d0 code [0x000000000470e820, 0x000000000470e970]
Event: 2075.679 Thread 0x000000001bfd2800 20530       4       com.sun.tools.javac.parser.JavacParser::analyzeParens (1197 bytes)
Event: 2075.679 Thread 0x000000001bfd5800 20531       4       com.sun.tools.javac.tree.TreeMaker::Parens (19 bytes)
Event: 2075.680 Thread 0x000000001bfd5800 nmethod 20531 0x00000000044bed90 code [0x00000000044beee0, 0x00000000044befd8]
Event: 2075.682 Thread 0x000000001bfd5800 20532       4       com.sun.tools.javac.parser.Tokens$StringToken::checkKind (43 bytes)
Event: 2075.682 Thread 0x000000001bfd5800 nmethod 20532 0x000000000457f690 code [0x000000000457f7e0, 0x000000000457f878]
Event: 2075.687 Thread 0x000000001bfd5800 20533       4       com.sun.tools.javac.parser.UnicodeReader::<init> (102 bytes)

GC Heap History (10 events):
Event: 916.734 GC heap after
Heap after GC invocations=29 (full 4):
 PSYoungGen      total 1312256K, used 7437K [0x000000076ab00000, 0x00000007bfd00000, 0x00000007c0000000)
  eden space 1241088K, 0% used [0x000000076ab00000,0x000000076ab00000,0x00000007b6700000)
  from space 71168K, 10% used [0x00000007b6700000,0x00000007b6e435d0,0x00000007bac80000)
  to   space 68608K, 0% used [0x00000007bba00000,0x00000007bba00000,0x00000007bfd00000)
 ParOldGen       total 529408K, used 279539K [0x00000006c0000000, 0x00000006e0500000, 0x000000076ab00000)
  object space 529408K, 52% used [0x00000006c0000000,0x00000006d10fcf50,0x00000006e0500000)
 Metaspace       used 72893K, capacity 74682K, committed 74752K, reserved 1114112K
  class space    used 9530K, capacity 9968K, committed 9984K, reserved 1048576K
}
Event: 999.460 GC heap before
{Heap before GC invocations=30 (full 4):
 PSYoungGen      total 1312256K, used 1248420K [0x000000076ab00000, 0x00000007bfd00000, 0x00000007c0000000)
  eden space 1241088K, 99% used [0x000000076ab00000,0x00000007b66e5cf8,0x00000007b6700000)
  from space 71168K, 10% used [0x00000007b6700000,0x00000007b6e435d0,0x00000007bac80000)
  to   space 68608K, 0% used [0x00000007bba00000,0x00000007bba00000,0x00000007bfd00000)
 ParOldGen       total 529408K, used 279539K [0x00000006c0000000, 0x00000006e0500000, 0x000000076ab00000)
  object space 529408K, 52% used [0x00000006c0000000,0x00000006d10fcf50,0x00000006e0500000)
 Metaspace       used 74211K, capacity 77544K, committed 77824K, reserved 1116160K
  class space    used 9777K, capacity 10413K, committed 10496K, reserved 1048576K
Event: 999.466 GC heap after
Heap after GC invocations=30 (full 4):
 PSYoungGen      total 1321984K, used 6832K [0x000000076ab00000, 0x00000007bf880000, 0x00000007c0000000)
  eden space 1257984K, 0% used [0x000000076ab00000,0x000000076ab00000,0x00000007b7780000)
  from space 64000K, 10% used [0x00000007bba00000,0x00000007bc0ac0f0,0x00000007bf880000)
  to   space 66048K, 0% used [0x00000007b7780000,0x00000007b7780000,0x00000007bb800000)
 ParOldGen       total 529408K, used 279547K [0x00000006c0000000, 0x00000006e0500000, 0x000000076ab00000)
  object space 529408K, 52% used [0x00000006c0000000,0x00000006d10fef50,0x00000006e0500000)
 Metaspace       used 74211K, capacity 77544K, committed 77824K, reserved 1116160K
  class space    used 9777K, capacity 10413K, committed 10496K, reserved 1048576K
}
Event: 1078.617 GC heap before
{Heap before GC invocations=31 (full 4):
 PSYoungGen      total 1321984K, used 1264533K [0x000000076ab00000, 0x00000007bf880000, 0x00000007c0000000)
  eden space 1257984K, 99% used [0x000000076ab00000,0x00000007b7739558,0x00000007b7780000)
  from space 64000K, 10% used [0x00000007bba00000,0x00000007bc0ac0f0,0x00000007bf880000)
  to   space 66048K, 0% used [0x00000007b7780000,0x00000007b7780000,0x00000007bb800000)
 ParOldGen       total 529408K, used 279547K [0x00000006c0000000, 0x00000006e0500000, 0x000000076ab00000)
  object space 529408K, 52% used [0x00000006c0000000,0x00000006d10fef50,0x00000006e0500000)
 Metaspace       used 74451K, capacity 77740K, committed 77824K, reserved 1116160K
  class space    used 9801K, capacity 10431K, committed 10496K, reserved 1048576K
Event: 1078.625 GC heap after
Heap after GC invocations=31 (full 4):
 PSYoungGen      total 1324032K, used 7327K [0x000000076ab00000, 0x00000007bfc00000, 0x00000007c0000000)
  eden space 1257984K, 0% used [0x000000076ab00000,0x000000076ab00000,0x00000007b7780000)
  from space 66048K, 11% used [0x00000007b7780000,0x00000007b7ea7ec0,0x00000007bb800000)
  to   space 62976K, 0% used [0x00000007bbe80000,0x00000007bbe80000,0x00000007bfc00000)
 ParOldGen       total 529408K, used 279547K [0x00000006c0000000, 0x00000006e0500000, 0x000000076ab00000)
  object space 529408K, 52% used [0x00000006c0000000,0x00000006d10fef50,0x00000006e0500000)
 Metaspace       used 74451K, capacity 77740K, committed 77824K, reserved 1116160K
  class space    used 9801K, capacity 10431K, committed 10496K, reserved 1048576K
}
Event: 1497.818 GC heap before
{Heap before GC invocations=32 (full 4):
 PSYoungGen      total 1324032K, used 1265168K [0x000000076ab00000, 0x00000007bfc00000, 0x00000007c0000000)
  eden space 1257984K, 99% used [0x000000076ab00000,0x00000007b775c460,0x00000007b7780000)
  from space 66048K, 11% used [0x00000007b7780000,0x00000007b7ea7ec0,0x00000007bb800000)
  to   space 62976K, 0% used [0x00000007bbe80000,0x00000007bbe80000,0x00000007bfc00000)
 ParOldGen       total 529408K, used 279547K [0x00000006c0000000, 0x00000006e0500000, 0x000000076ab00000)
  object space 529408K, 52% used [0x00000006c0000000,0x00000006d10fef50,0x00000006e0500000)
 Metaspace       used 79811K, capacity 83270K, committed 83456K, reserved 1122304K
  class space    used 10507K, capacity 11193K, committed 11264K, reserved 1048576K
Event: 1497.907 GC heap after
Heap after GC invocations=32 (full 4):
 PSYoungGen      total 1262080K, used 62962K [0x000000076ab00000, 0x00000007c0000000, 0x00000007c0000000)
  eden space 1199104K, 0% used [0x000000076ab00000,0x000000076ab00000,0x00000007b3e00000)
  from space 62976K, 99% used [0x00000007bbe80000,0x00000007bfbfc910,0x00000007bfc00000)
  to   space 99328K, 0% used [0x00000007b3e00000,0x00000007b3e00000,0x00000007b9f00000)
 ParOldGen       total 529408K, used 344614K [0x00000006c0000000, 0x00000006e0500000, 0x000000076ab00000)
  object space 529408K, 65% used [0x00000006c0000000,0x00000006d50898a8,0x00000006e0500000)
 Metaspace       used 79811K, capacity 83270K, committed 83456K, reserved 1122304K
  class space    used 10507K, capacity 11193K, committed 11264K, reserved 1048576K
}
Event: 1550.377 GC heap before
{Heap before GC invocations=33 (full 4):
 PSYoungGen      total 1262080K, used 1262066K [0x000000076ab00000, 0x00000007c0000000, 0x00000007c0000000)
  eden space 1199104K, 100% used [0x000000076ab00000,0x00000007b3e00000,0x00000007b3e00000)
  from space 62976K, 99% used [0x00000007bbe80000,0x00000007bfbfc910,0x00000007bfc00000)
  to   space 99328K, 0% used [0x00000007b3e00000,0x00000007b3e00000,0x00000007b9f00000)
 ParOldGen       total 529408K, used 344614K [0x00000006c0000000, 0x00000006e0500000, 0x000000076ab00000)
  object space 529408K, 65% used [0x00000006c0000000,0x00000006d50898a8,0x00000006e0500000)
 Metaspace       used 85096K, capacity 88644K, committed 89088K, reserved 1126400K
  class space    used 11201K, capacity 11921K, committed 12032K, reserved 1048576K
Event: 1550.539 GC heap after
Heap after GC invocations=33 (full 4):
 PSYoungGen      total 1298432K, used 99298K [0x000000076ab00000, 0x00000007c0000000, 0x00000007c0000000)
  eden space 1199104K, 0% used [0x000000076ab00000,0x000000076ab00000,0x00000007b3e00000)
  from space 99328K, 99% used [0x00000007b3e00000,0x00000007b9ef8868,0x00000007b9f00000)
  to   space 99328K, 0% used [0x00000007b9f00000,0x00000007b9f00000,0x00000007c0000000)
 ParOldGen       total 529408K, used 431751K [0x00000006c0000000, 0x00000006e0500000, 0x000000076ab00000)
  object space 529408K, 81% used [0x00000006c0000000,0x00000006da5a1da8,0x00000006e0500000)
 Metaspace       used 85096K, capacity 88644K, committed 89088K, reserved 1126400K
  class space    used 11201K, capacity 11921K, committed 12032K, reserved 1048576K
}
Event: 2075.689 GC heap before
{Heap before GC invocations=34 (full 4):
 PSYoungGen      total 1298432K, used 1298323K [0x000000076ab00000, 0x00000007c0000000, 0x00000007c0000000)
  eden space 1199104K, 99% used [0x000000076ab00000,0x00000007b3dec6f0,0x00000007b3e00000)
  from space 99328K, 99% used [0x00000007b3e00000,0x00000007b9ef8868,0x00000007b9f00000)
  to   space 99328K, 0% used [0x00000007b9f00000,0x00000007b9f00000,0x00000007c0000000)
 ParOldGen       total 529408K, used 431751K [0x00000006c0000000, 0x00000006e0500000, 0x000000076ab00000)
  object space 529408K, 81% used [0x00000006c0000000,0x00000006da5a1da8,0x00000006e0500000)
 Metaspace       used 90334K, capacity 94022K, committed 94336K, reserved 1130496K
  class space    used 11899K, capacity 12653K, committed 12672K, reserved 1048576K

Deoptimization events (10 events):
Event: 1551.311 Thread 0x0000000021012000 Uncommon trap: reason=unstable_if action=reinterpret pc=0x00000000047ec994 method=com.google.common.collect.HashBiMap.seekByKey(Ljava/lang/Object;I)Lcom/google/common/collect/HashBiMap$BiEntry; @ 21
Event: 1551.349 Thread 0x0000000021012000 Uncommon trap: reason=unstable_if action=reinterpret pc=0x00000000037c6f54 method=com.google.common.base.Strings.nullToEmpty(Ljava/lang/String;)Ljava/lang/String; @ 1
Event: 1551.888 Thread 0x0000000021012000 Uncommon trap: reason=class_check action=maybe_recompile pc=0x0000000004715b9c method=com.sun.tools.javac.code.Symbol.isInterface()Z @ 1
Event: 1551.896 Thread 0x0000000021012000 Uncommon trap: reason=class_check action=maybe_recompile pc=0x0000000004715b9c method=com.sun.tools.javac.code.Symbol.isInterface()Z @ 1
Event: 1551.900 Thread 0x0000000021012000 Uncommon trap: reason=class_check action=maybe_recompile pc=0x0000000004715b9c method=com.sun.tools.javac.code.Symbol.isInterface()Z @ 1
Event: 1551.901 Thread 0x0000000021012000 Uncommon trap: reason=class_check action=maybe_recompile pc=0x0000000004715b9c method=com.sun.tools.javac.code.Symbol.isInterface()Z @ 1
Event: 1552.024 Thread 0x0000000021012000 Uncommon trap: reason=class_check action=maybe_recompile pc=0x0000000005f321ac method=com.sun.tools.javac.comp.Check$ClashFilter.accepts(Ljava/lang/Object;)Z @ 2
Event: 1552.024 Thread 0x0000000021012000 Uncommon trap: reason=class_check action=maybe_recompile pc=0x0000000005f321ac method=com.sun.tools.javac.comp.Check$ClashFilter.accepts(Ljava/lang/Object;)Z @ 2
Event: 1552.142 Thread 0x0000000021012000 Uncommon trap: reason=class_check action=maybe_recompile pc=0x00000000051327f8 method=com.sun.tools.javac.code.Types$4.visitType(Lcom/sun/tools/javac/code/Type;Lcom/sun/tools/javac/code/Type;)Ljava/lang/Boolean; @ 174
Event: 2075.458 Thread 0x00000000221f4800 Uncommon trap: reason=unstable_if action=reinterpret pc=0x00000000048a1a94 method=java.util.concurrent.locks.AbstractQueuedSynchronizer.enq(Ljava/util/concurrent/locks/AbstractQueuedSynchronizer$Node;)Ljava/util/concurrent/locks/AbstractQueuedSynchronizer

Classes redefined (0 events):
No events

Internal exceptions (10 events):
Event: 2075.546 Thread 0x0000000021009000 Exception <a 'java/security/PrivilegedActionException'> (0x00000007b0b79e98) thrown at [C:\re\workspace\8-2-build-windows-amd64-cygwin\jdk8u231\13620\hotspot\src\share\vm\prims\jvm.cpp, line 1502]
Event: 2075.546 Thread 0x0000000021009000 Exception <a 'java/security/PrivilegedActionException'> (0x00000007b0b7a478) thrown at [C:\re\workspace\8-2-build-windows-amd64-cygwin\jdk8u231\13620\hotspot\src\share\vm\prims\jvm.cpp, line 1502]
Event: 2075.546 Thread 0x0000000021009000 Exception <a 'java/security/PrivilegedActionException'> (0x00000007b0b7ce58) thrown at [C:\re\workspace\8-2-build-windows-amd64-cygwin\jdk8u231\13620\hotspot\src\share\vm\prims\jvm.cpp, line 1502]
Event: 2075.546 Thread 0x0000000021009000 Exception <a 'java/security/PrivilegedActionException'> (0x00000007b0b7d438) thrown at [C:\re\workspace\8-2-build-windows-amd64-cygwin\jdk8u231\13620\hotspot\src\share\vm\prims\jvm.cpp, line 1502]
Event: 2075.547 Thread 0x0000000021009000 Exception <a 'java/security/PrivilegedActionException'> (0x00000007b0b7fbe0) thrown at [C:\re\workspace\8-2-build-windows-amd64-cygwin\jdk8u231\13620\hotspot\src\share\vm\prims\jvm.cpp, line 1502]
Event: 2075.547 Thread 0x0000000021009000 Exception <a 'java/security/PrivilegedActionException'> (0x00000007b0b801c0) thrown at [C:\re\workspace\8-2-build-windows-amd64-cygwin\jdk8u231\13620\hotspot\src\share\vm\prims\jvm.cpp, line 1502]
Event: 2075.547 Thread 0x0000000021009000 Exception <a 'java/security/PrivilegedActionException'> (0x00000007b0b827e0) thrown at [C:\re\workspace\8-2-build-windows-amd64-cygwin\jdk8u231\13620\hotspot\src\share\vm\prims\jvm.cpp, line 1502]
Event: 2075.547 Thread 0x0000000021009000 Exception <a 'java/security/PrivilegedActionException'> (0x00000007b0b82dc0) thrown at [C:\re\workspace\8-2-build-windows-amd64-cygwin\jdk8u231\13620\hotspot\src\share\vm\prims\jvm.cpp, line 1502]
Event: 2075.547 Thread 0x0000000021009000 Exception <a 'java/security/PrivilegedActionException'> (0x00000007b0b85870) thrown at [C:\re\workspace\8-2-build-windows-amd64-cygwin\jdk8u231\13620\hotspot\src\share\vm\prims\jvm.cpp, line 1502]
Event: 2075.547 Thread 0x0000000021009000 Exception <a 'java/security/PrivilegedActionException'> (0x00000007b0b85e50) thrown at [C:\re\workspace\8-2-build-windows-amd64-cygwin\jdk8u231\13620\hotspot\src\share\vm\prims\jvm.cpp, line 1502]

Events (10 events):
Event: 2075.543 loading class org/apache/logging/log4j/core/config/plugins/processor/PluginProcessor done
Event: 2075.560 loading class org/apache/logging/log4j/core/config/plugins/processor/PluginCache
Event: 2075.560 loading class org/apache/logging/log4j/core/config/plugins/processor/PluginCache done
Event: 2075.561 loading class org/spongepowered/tools/obfuscation/MixinObfuscationProcessorInjection
Event: 2075.561 loading class org/spongepowered/tools/obfuscation/MixinObfuscationProcessorInjection done
Event: 2075.566 loading class org/spongepowered/tools/obfuscation/MixinObfuscationProcessor
Event: 2075.566 loading class org/spongepowered/tools/obfuscation/MixinObfuscationProcessor done
Event: 2075.566 loading class org/spongepowered/tools/obfuscation/MixinObfuscationProcessorTargets
Event: 2075.566 loading class org/spongepowered/tools/obfuscation/MixinObfuscationProcessorTargets done
Event: 2075.688 Executing VM operation: ParallelGCFailedAllocation


Dynamic libraries:
0x00007ff6afc70000 - 0x00007ff6afca7000 	C:\Program Files\Java\jdk1.8.0_231\bin\java.exe
0x00007ffafd5b0000 - 0x00007ffafd7a6000 	C:\WINDOWS\SYSTEM32\ntdll.dll
0x00007ffafbac0000 - 0x00007ffafbb7d000 	C:\WINDOWS\System32\KERNEL32.DLL
0x00007ffafad20000 - 0x00007ffafafe9000 	C:\WINDOWS\System32\KERNELBASE.dll
0x00007ffafc400000 - 0x00007ffafc4ac000 	C:\WINDOWS\System32\ADVAPI32.dll
0x00007ffafd3c0000 - 0x00007ffafd45e000 	C:\WINDOWS\System32\msvcrt.dll
0x00007ffafd230000 - 0x00007ffafd2cc000 	C:\WINDOWS\System32\sechost.dll
0x00007ffafb990000 - 0x00007ffafbabb000 	C:\WINDOWS\System32\RPCRT4.dll
0x00007ffafb640000 - 0x00007ffafb7e0000 	C:\WINDOWS\System32\USER32.dll
0x00007ffafacf0000 - 0x00007ffafad12000 	C:\WINDOWS\System32\win32u.dll
0x00007ffafbc60000 - 0x00007ffafbc8a000 	C:\WINDOWS\System32\GDI32.dll
0x00007ffafb3a0000 - 0x00007ffafb4a9000 	C:\WINDOWS\System32\gdi32full.dll
0x00007ffafb170000 - 0x00007ffafb20d000 	C:\WINDOWS\System32\msvcp_win.dll
0x00007ffafb4b0000 - 0x00007ffafb5b0000 	C:\WINDOWS\System32\ucrtbase.dll
0x00007ffae8100000 - 0x00007ffae839b000 	C:\WINDOWS\WinSxS\amd64_microsoft.windows.common-controls_6595b64144ccf1df_6.0.19041.488_none_ca04af081b815d21\COMCTL32.dll
0x00007ffafb840000 - 0x00007ffafb870000 	C:\WINDOWS\System32\IMM32.DLL
0x00000000762e0000 - 0x00000000763b2000 	C:\Program Files\Java\jdk1.8.0_231\jre\bin\msvcr100.dll
0x0000000075a30000 - 0x00000000762d6000 	C:\Program Files\Java\jdk1.8.0_231\jre\bin\server\jvm.dll
0x00007ffafb870000 - 0x00007ffafb878000 	C:\WINDOWS\System32\PSAPI.DLL
0x00007ffaf6510000 - 0x00007ffaf6519000 	C:\WINDOWS\SYSTEM32\WSOCK32.dll
0x00007ffaf1a00000 - 0x00007ffaf1a27000 	C:\WINDOWS\SYSTEM32\WINMM.dll
0x00007ffaf5120000 - 0x00007ffaf512a000 	C:\WINDOWS\SYSTEM32\VERSION.dll
0x00007ffafd350000 - 0x00007ffafd3bb000 	C:\WINDOWS\System32\WS2_32.dll
0x00007ffaec470000 - 0x00007ffaec47f000 	C:\Program Files\Java\jdk1.8.0_231\jre\bin\verify.dll
0x00007ffae61b0000 - 0x00007ffae61d9000 	C:\Program Files\Java\jdk1.8.0_231\jre\bin\java.dll
0x00007ffae6190000 - 0x00007ffae61a6000 	C:\Program Files\Java\jdk1.8.0_231\jre\bin\zip.dll
0x00007ffafca50000 - 0x00007ffafd192000 	C:\WINDOWS\System32\SHELL32.dll
0x00007ffaf8e60000 - 0x00007ffaf95f5000 	C:\WINDOWS\SYSTEM32\windows.storage.dll
0x00007ffafc0a0000 - 0x00007ffafc3f6000 	C:\WINDOWS\System32\combase.dll
0x00007ffafa760000 - 0x00007ffafa78c000 	C:\WINDOWS\SYSTEM32\Wldp.dll
0x00007ffafd4c0000 - 0x00007ffafd56e000 	C:\WINDOWS\System32\SHCORE.dll
0x00007ffafb7e0000 - 0x00007ffafb835000 	C:\WINDOWS\System32\shlwapi.dll
0x00007ffafac20000 - 0x00007ffafac46000 	C:\WINDOWS\SYSTEM32\profapi.dll
0x00007ffae6720000 - 0x00007ffae673a000 	C:\Program Files\Java\jdk1.8.0_231\jre\bin\net.dll
0x00007ffafa4e0000 - 0x00007ffafa54a000 	C:\WINDOWS\system32\mswsock.dll
0x00007ffae6170000 - 0x00007ffae6182000 	C:\Program Files\Java\jdk1.8.0_231\jre\bin\nio.dll
0x00007ffae6260000 - 0x00007ffae627e000 	C:\Users\UNKNOWN\.gradle\native\25\windows-amd64\native-platform.dll
0x00007ffae9ec0000 - 0x00007ffae9ecd000 	C:\Program Files\Java\jdk1.8.0_231\jre\bin\management.dll
0x00007ffafa6b0000 - 0x00007ffafa6c8000 	C:\WINDOWS\SYSTEM32\CRYPTSP.dll
0x00007ffaf9e00000 - 0x00007ffaf9e34000 	C:\WINDOWS\system32\rsaenh.dll
0x00007ffafb210000 - 0x00007ffafb237000 	C:\WINDOWS\System32\bcrypt.dll
0x00007ffafabe0000 - 0x00007ffafac0e000 	C:\WINDOWS\SYSTEM32\USERENV.dll
0x00007ffafb040000 - 0x00007ffafb0c0000 	C:\WINDOWS\System32\bcryptprimitives.dll
0x00007ffafa6d0000 - 0x00007ffafa6dc000 	C:\WINDOWS\SYSTEM32\CRYPTBASE.dll
0x00007ffafa180000 - 0x00007ffafa1bb000 	C:\WINDOWS\SYSTEM32\IPHLPAPI.DLL
0x00007ffafc5d0000 - 0x00007ffafc5d8000 	C:\WINDOWS\System32\NSI.dll
0x00007ffaf52d0000 - 0x00007ffaf52e7000 	C:\WINDOWS\SYSTEM32\dhcpcsvc6.DLL
0x00007ffaf52b0000 - 0x00007ffaf52cd000 	C:\WINDOWS\SYSTEM32\dhcpcsvc.DLL
0x00007ffafa1d0000 - 0x00007ffafa29b000 	C:\WINDOWS\SYSTEM32\DNSAPI.dll
0x00007ffae6100000 - 0x00007ffae6124000 	C:\Program Files\Java\jdk1.8.0_231\jre\bin\sunec.dll
0x00007ffae8510000 - 0x00007ffae851b000 	C:\Program Files\Java\jdk1.8.0_231\jre\bin\sunmscapi.dll
0x00007ffafb240000 - 0x00007ffafb39d000 	C:\WINDOWS\System32\CRYPT32.dll
0x00007ffaf3ba0000 - 0x00007ffaf3baa000 	C:\Windows\System32\rasadhlp.dll
0x00007ffaefe90000 - 0x00007ffaeff0f000 	C:\WINDOWS\System32\fwpuclnt.dll
0x00007ffae60e0000 - 0x00007ffae60f7000 	C:\WINDOWS\system32\napinsp.dll
0x00007ffae15b0000 - 0x00007ffae15cb000 	C:\WINDOWS\system32\pnrpnsp.dll
0x00007ffae08f0000 - 0x00007ffae0905000 	C:\WINDOWS\system32\wshbth.dll
0x00007ffaf6b20000 - 0x00007ffaf6b3d000 	C:\WINDOWS\system32\NLAapi.dll
0x00007ffae1590000 - 0x00007ffae15a2000 	C:\WINDOWS\System32\winrnr.dll
0x00007ffaf4d70000 - 0x00007ffaf4f54000 	C:\WINDOWS\SYSTEM32\dbghelp.dll

VM Arguments:
jvm_args: -Xmx4G -Dfile.encoding=windows-1252 -Duser.country=IT -Duser.language=it -Duser.variant 
java_command: org.gradle.launcher.daemon.bootstrap.GradleDaemon 4.10.3
java_class_path (initial): C:\Users\UNKNOWN\.gradle\wrapper\dists\gradle-4.10.3-bin\31t79e2qsceia4mkbojplrgx\gradle-4.10.3\lib\gradle-launcher-4.10.3.jar
Launcher Type: SUN_STANDARD

Environment Variables:
PATH=C:\Program Files (x86)\NVIDIA Corporation\PhysX\Common;C:\Program Files (x86)\Common Files\Oracle\Java\javapath;C:\WINDOWS\system32;C:\WINDOWS;C:\WINDOWS\System32\Wbem;C:\WINDOWS\System32\WindowsPowerShell\v1.0\;C:\WINDOWS\System32\OpenSSH\;C:\Program Files\Java\jdk1.8.0_231\bin;E:\Storage10\Programs10\Matlab\runtime\win64;E:\Storage10\Programs10\Matlab\bin;E:\Storage10\Programs10\Matlab\polyspace\bin;E:\Storage10\Programs10\Git\cmd;C:\Program Files\dotnet\;E:\Storage10\Programs10\MATLAB\R2020b\runtime\win64;E:\Storage10\Programs10\MATLAB\R2020b\bin;E:\Storage10\Programmi (x86)\Python36\Scripts\;E:\Storage10\Programmi (x86)\Python36\;C:\Users\UNKNOWN\AppData\Local\Microsoft\WindowsApps;;E:\Storage10\Programs10\JetBrains\IntelliJ IDEA Community Edition 2020.2\bin;;C:\Users\UNKNOWN\.dotnet\tools;E:\Storage10\Programs10\Microsoft VS Code\bin
USERNAME=UNKNOWN
OS=Windows_NT
PROCESSOR_IDENTIFIER=Intel64 Family 6 Model 94 Stepping 3, GenuineIntel



---------------  S Y S T E M  ---------------

OS: Windows 10.0 , 64 bit Build 19041 (10.0.19041.662)

CPU:total 4 (initial active 4) (4 cores per cpu, 1 threads per core) family 6 model 94 stepping 3, cmov, cx8, fxsr, mmx, sse, sse2, sse3, ssse3, sse4.1, sse4.2, popcnt, avx, avx2, aes, clmul, erms, rtm, 3dnowpref, lzcnt, tsc, tscinvbit, bmi1, bmi2, adx

Memory: 4k page, physical 16696244k(6212076k free), swap 25625524k(9847292k free)

vm_info: Java HotSpot(TM) 64-Bit Server VM (25.231-b11) for windows-amd64 JRE (1.8.0_231-b11), built on Oct  5 2019 03:11:30 by "java_re" with MS VC++ 10.0 (VS2010)

time: Mon Jan 04 18:19:05 2021
timezone: ora solare Europa occidentale
elapsed time: 2075 seconds (0d 0h 34m 35s)

