#
# A fatal error has been detected by the Java Runtime Environment:
#
#  EXCEPTION_ACCESS_VIOLATION (0xc0000005) at pc=0x0000000054c009c0, pid=2996, tid=0x0000000000001010
#
# JRE version: Java(TM) SE Runtime Environment (8.0_231-b11) (build 1.8.0_231-b11)
# Java VM: Java HotSpot(TM) 64-Bit Server VM (25.231-b11 mixed mode windows-amd64 compressed oops)
# Problematic frame:
# V  [jvm.dll+0xb09c0]
#
# Failed to write core dump. Minidumps are not enabled by default on client versions of Windows
#
# If you would like to submit a bug report, please visit:
#   http://bugreport.java.com/bugreport/crash.jsp
#

---------------  T H R E A D  ---------------

Current thread (0x0000000002d17800):  GCTaskThread [stack: 0x0000000012f30000,0x0000000013030000] [id=4112]

siginfo: ExceptionCode=0xc0000005, reading address 0x000000070b0a72a0

Registers:
RAX=0x0000000000000001, RBX=0x00000007a4907498, RCX=0x00000007a4907498, RDX=0x000000070b0a7298
RSP=0x000000001302f548, RBP=0x0000000000000000, RSI=0x0000000002dec080, RDI=0x0000000029890d50
R8 =0x0000000002dec080, R9 =0x0000000000000010, R10=0xd84f3d8dd84f3d8d, R11=0x00000006e1615048
R12=0x00000000551adb28, R13=0x00000000d84f3d8d, R14=0x0000000000000000, R15=0x0000000002d17d50
RIP=0x0000000054c009c0, EFLAGS=0x0000000000010202

Top of Stack: (sp=0x000000001302f548)
0x000000001302f548:   0000000054f54ec2 00000007a4907738
0x000000001302f558:   0000000000000003 0000000002dec080
0x000000001302f568:   0000000054c3d2ba 00000007b27fcbd8
0x000000001302f578:   0000000054f5560b 00000006e1614778
0x000000001302f588:   0000000000000400 0000000000000000
0x000000001302f598:   0000000002d0ff01 00000000551adb28
0x000000001302f5a8:   0000000054f55230 00000006e16150cc
0x000000001302f5b8:   0000000000000000 0000000002dec080
0x000000001302f5c8:   0000000029890d50 00000006e16150cc
0x000000001302f5d8:   0000000054f55c05 00000007a4d712f0
0x000000001302f5e8:   0000000000000000 0000000002dec080
0x000000001302f5f8:   0000000054f55141 00000007a64ff6a8
0x000000001302f608:   0000000000000006 0000000002dec080
0x000000001302f618:   000184d200004cbb 0000000029890d20
0x000000001302f628:   000184d100004cbb 000115540001253b
0x000000001302f638:   0001155400012539 0000000002d17d40 

Instructions: (pc=0x0000000054c009c0)
0x0000000054c009a0:   4c e0 1d 00 48 8b 9c 24 d0 00 00 00 48 81 c4 c0
0x0000000054c009b0:   00 00 00 5d c3 cc cc cc cc cc cc cc cc cc cc cc
0x0000000054c009c0:   44 8b 42 08 4c 8b ca 45 85 c0 7e 0e 41 f6 c0 01
0x0000000054c009d0:   75 57 41 c1 f8 03 41 8b c0 c3 79 4d 80 3d ee 6f 


Register to memory mapping:

RAX=0x0000000000000001 is an unknown value
RBX=0x00000007a4907498 is an unknown value
RCX=0x00000007a4907498 is an unknown value
RDX=0x000000070b0a7298 is an unallocated location in the heap
RSP=0x000000001302f548 is an unknown value
RBP=0x0000000000000000 is an unknown value
RSI=0x0000000002dec080 is an unknown value
RDI=0x0000000029890d50 is an unknown value
R8 =0x0000000002dec080 is an unknown value
R9 =0x0000000000000010 is an unknown value
R10=0xd84f3d8dd84f3d8d is an unknown value
R11=0x00000006e1615048 is an oop
com.sun.tools.javac.code.Symbol$MethodSymbol 
 - klass: 'com/sun/tools/javac/code/Symbol$MethodSymbol'
R12=0x00000000551adb28 is an unknown value
R13=0x00000000d84f3d8d is an unknown value
R14=0x0000000000000000 is an unknown value
R15=0x0000000002d17d50 is an unknown value


Stack: [0x0000000012f30000,0x0000000013030000],  sp=0x000000001302f548,  free space=1021k
Native frames: (J=compiled Java code, j=interpreted, Vv=VM code, C=native code)


---------------  P R O C E S S  ---------------

Java Threads: ( => current thread )
  0x000000001f3fa000 JavaThread "Cache worker for Java compile cache (C:\Users\UNKNOWN\IdeaProjects\MinecraftModding\Supplementaries\.gradle\6.9\javaCompile)" [_thread_blocked, id=6424, stack(0x00000000292e0000,0x00000000293e0000)]
  0x000000001f3f4800 JavaThread "Cache worker for execution history cache (C:\Users\UNKNOWN\IdeaProjects\MinecraftModding\Supplementaries\.gradle\6.9\executionHistory)" [_thread_blocked, id=10496, stack(0x000000002fcd0000,0x000000002fdd0000)]
  0x000000001f3f4000 JavaThread "Execution worker for ':' Thread 3" [_thread_blocked, id=3496, stack(0x000000002ce30000,0x000000002cf30000)]
  0x000000001f3f7800 JavaThread "Execution worker for ':' Thread 2" [_thread_blocked, id=1876, stack(0x000000002ca30000,0x000000002cb30000)]
  0x000000001f3f3000 JavaThread "Execution worker for ':'" [_thread_blocked, id=4984, stack(0x000000002bc10000,0x000000002bd10000)]
  0x000000001f3f0000 JavaThread "Build operations Thread 4" [_thread_blocked, id=5924, stack(0x00000000271e0000,0x00000000272e0000)]
  0x000000002038f800 JavaThread "Build operations Thread 3" [_thread_blocked, id=7200, stack(0x00000000270e0000,0x00000000271e0000)]
  0x000000002038f000 JavaThread "Build operations Thread 2" [_thread_blocked, id=3152, stack(0x00000000269c0000,0x0000000026ac0000)]
  0x0000000020387800 JavaThread "Build operations" [_thread_blocked, id=8968, stack(0x00000000261c0000,0x00000000262c0000)]
  0x0000000020389000 JavaThread "Cache worker for Build Output Cleanup Cache (C:\Users\UNKNOWN\IdeaProjects\MinecraftModding\Supplementaries\.gradle\buildOutputCleanup)" [_thread_blocked, id=1588, stack(0x0000000024900000,0x0000000024a00000)]
  0x000000002038e000 JavaThread "Cache worker for cache directory md-rule (C:\Users\UNKNOWN\.gradle\caches\6.9\md-rule)" [_thread_blocked, id=9116, stack(0x0000000023560000,0x0000000023660000)]
  0x0000000020386800 JavaThread "Cache worker for cache directory md-supplier (C:\Users\UNKNOWN\.gradle\caches\6.9\md-supplier)" [_thread_blocked, id=1728, stack(0x0000000021d90000,0x0000000021e90000)]
  0x000000002038c800 JavaThread "Cache worker for checksums cache (C:\Users\UNKNOWN\IdeaProjects\MinecraftModding\Supplementaries\.gradle\checksums)" [_thread_blocked, id=8980, stack(0x0000000021c90000,0x0000000021d90000)]
  0x0000000020385000 JavaThread "Cache worker for file hash cache (C:\Users\UNKNOWN\IdeaProjects\MinecraftModding\Supplementaries\.gradle\6.9\fileHashes)" [_thread_blocked, id=7120, stack(0x0000000021b90000,0x0000000021c90000)]
  0x000000002038c000 JavaThread "Daemon client event forwarder" [_thread_blocked, id=10416, stack(0x0000000021a90000,0x0000000021b90000)]
  0x0000000020386000 JavaThread "Stdin handler" [_thread_blocked, id=5432, stack(0x0000000021990000,0x0000000021a90000)]
  0x000000002038b000 JavaThread "Asynchronous log dispatcher for DefaultDaemonConnection: socket connection from /127.0.0.1:64926 to /127.0.0.1:50275" [_thread_blocked, id=10396, stack(0x0000000021890000,0x0000000021990000)]
  0x0000000020389800 JavaThread "Cancel handler" [_thread_blocked, id=6384, stack(0x00000000012c0000,0x00000000013c0000)]
  0x0000000020388000 JavaThread "Handler for socket connection from /127.0.0.1:64926 to /127.0.0.1:50275" [_thread_in_native, id=5700, stack(0x00000000011c0000,0x00000000012c0000)]
  0x000000001faf5000 JavaThread "jar transforms Thread 248" [_thread_blocked, id=912, stack(0x00000000291e0000,0x00000000292e0000)]
  0x000000001faf3800 JavaThread "jar transforms Thread 247" [_thread_blocked, id=7020, stack(0x00000000290e0000,0x00000000291e0000)]
  0x000000001faf4800 JavaThread "jar transforms Thread 246" [_thread_blocked, id=3168, stack(0x0000000028fe0000,0x00000000290e0000)]
  0x000000001faf1800 JavaThread "jar transforms Thread 245" [_thread_blocked, id=4884, stack(0x0000000028ee0000,0x0000000028fe0000)]
  0x000000001fae7000 JavaThread "jar transforms Thread 244" [_thread_blocked, id=2092, stack(0x0000000028de0000,0x0000000028ee0000)]
  0x000000001faed800 JavaThread "jar transforms Thread 243" [_thread_blocked, id=9060, stack(0x0000000028ce0000,0x0000000028de0000)]
  0x000000001faec000 JavaThread "jar transforms Thread 242" [_thread_blocked, id=3528, stack(0x0000000028be0000,0x0000000028ce0000)]
  0x000000001fae7800 JavaThread "jar transforms Thread 241" [_thread_blocked, id=2516, stack(0x0000000028ae0000,0x0000000028be0000)]
  0x0000000024236800 JavaThread "jar transforms Thread 240" [_thread_blocked, id=7524, stack(0x00000000289e0000,0x0000000028ae0000)]
  0x0000000024235800 JavaThread "jar transforms Thread 239" [_thread_blocked, id=2764, stack(0x00000000288e0000,0x00000000289e0000)]
  0x0000000024239800 JavaThread "jar transforms Thread 238" [_thread_blocked, id=2564, stack(0x00000000287e0000,0x00000000288e0000)]
  0x0000000024234000 JavaThread "jar transforms Thread 237" [_thread_blocked, id=1460, stack(0x00000000286e0000,0x00000000287e0000)]
  0x0000000024233800 JavaThread "jar transforms Thread 236" [_thread_blocked, id=9104, stack(0x00000000285e0000,0x00000000286e0000)]
  0x0000000024238000 JavaThread "jar transforms Thread 235" [_thread_blocked, id=7616, stack(0x00000000284e0000,0x00000000285e0000)]
  0x0000000024238800 JavaThread "jar transforms Thread 234" [_thread_blocked, id=2852, stack(0x00000000283e0000,0x00000000284e0000)]
  0x0000000024235000 JavaThread "jar transforms Thread 233" [_thread_blocked, id=1152, stack(0x00000000282e0000,0x00000000283e0000)]
  0x000000002422b000 JavaThread "jar transforms Thread 232" [_thread_blocked, id=8284, stack(0x00000000281e0000,0x00000000282e0000)]
  0x0000000024231800 JavaThread "jar transforms Thread 231" [_thread_blocked, id=8132, stack(0x00000000280e0000,0x00000000281e0000)]
  0x0000000024230000 JavaThread "jar transforms Thread 230" [_thread_blocked, id=2140, stack(0x0000000027fe0000,0x00000000280e0000)]
  0x000000002422e800 JavaThread "jar transforms Thread 229" [_thread_blocked, id=6628, stack(0x0000000027de0000,0x0000000027ee0000)]
  0x000000002422a000 JavaThread "jar transforms Thread 228" [_thread_blocked, id=5652, stack(0x0000000027ce0000,0x0000000027de0000)]
  0x000000002422e000 JavaThread "jar transforms Thread 227" [_thread_blocked, id=8720, stack(0x0000000027be0000,0x0000000027ce0000)]
  0x0000000024231000 JavaThread "jar transforms Thread 226" [_thread_blocked, id=6316, stack(0x0000000027ae0000,0x0000000027be0000)]
  0x000000002422d000 JavaThread "jar transforms Thread 225" [_thread_blocked, id=4796, stack(0x00000000279e0000,0x0000000027ae0000)]
  0x000000002422c800 JavaThread "jar transforms Thread 224" [_thread_blocked, id=6248, stack(0x00000000278e0000,0x00000000279e0000)]
  0x000000002422b800 JavaThread "jar transforms Thread 223" [_thread_blocked, id=7324, stack(0x00000000277e0000,0x00000000278e0000)]
  0x0000000020392000 JavaThread "jar transforms Thread 222" [_thread_blocked, id=6528, stack(0x00000000276e0000,0x00000000277e0000)]
  0x0000000020393800 JavaThread "jar transforms Thread 221" [_thread_blocked, id=9088, stack(0x00000000275e0000,0x00000000276e0000)]
  0x0000000020392800 JavaThread "jar transforms Thread 220" [_thread_blocked, id=11020, stack(0x00000000274e0000,0x00000000275e0000)]
  0x0000000020391000 JavaThread "jar transforms Thread 219" [_thread_blocked, id=1700, stack(0x00000000273e0000,0x00000000274e0000)]
  0x0000000020390800 JavaThread "jar transforms Thread 218" [_thread_blocked, id=6080, stack(0x00000000272e0000,0x00000000273e0000)]
  0x0000000020384000 JavaThread "Daemon worker Thread 8" [_thread_blocked, id=9164, stack(0x0000000021790000,0x0000000021890000)]
  0x000000001e653000 JavaThread "Daemon Thread 8" [_thread_blocked, id=9528, stack(0x00000000010c0000,0x00000000011c0000)]
  0x000000002422f800 JavaThread "Cache worker for Java compile cache (C:\Users\UNKNOWN\.gradle\caches\6.9\javaCompile)" [_thread_blocked, id=660, stack(0x00000000293e0000,0x00000000294e0000)]
  0x000000002038d800 JavaThread "Memory manager" [_thread_blocked, id=5076, stack(0x0000000029720000,0x0000000029820000)]
  0x000000001e658800 JavaThread "Cache worker for file content cache (C:\Users\UNKNOWN\.gradle\caches\6.9\fileContent)" [_thread_blocked, id=5464, stack(0x00000000268c0000,0x00000000269c0000)]
  0x000000001e657800 JavaThread "Cache worker for execution history cache (C:\Users\UNKNOWN\.gradle\caches\6.9\executionHistory)" [_thread_blocked, id=8360, stack(0x0000000025ec0000,0x0000000025fc0000)]
  0x000000001e652800 JavaThread "Cache worker for journal cache (C:\Users\UNKNOWN\.gradle\caches\journal-1)" [_thread_blocked, id=2308, stack(0x0000000023460000,0x0000000023560000)]
  0x000000001e655800 JavaThread "File lock request listener" [_thread_in_native, id=3036, stack(0x0000000022190000,0x0000000022290000)]
  0x000000001e659000 JavaThread "Cache worker for file hash cache (C:\Users\UNKNOWN\.gradle\caches\6.9\fileHashes)" [_thread_blocked, id=9040, stack(0x0000000022090000,0x0000000022190000)]
  0x000000001ff56800 JavaThread "Daemon periodic checks" [_thread_blocked, id=4772, stack(0x0000000021490000,0x0000000021590000)]
  0x000000001ff53800 JavaThread "Incoming local TCP Connector on port 64926" [_thread_in_native, id=6792, stack(0x0000000021230000,0x0000000021330000)]
  0x000000001fea8000 JavaThread "Daemon health stats" [_thread_blocked, id=6500, stack(0x0000000020df0000,0x0000000020ef0000)]
  0x000000001dd81800 JavaThread "Service Thread" daemon [_thread_blocked, id=2868, stack(0x000000001e250000,0x000000001e350000)]
  0x000000001dd58800 JavaThread "C1 CompilerThread2" daemon [_thread_blocked, id=4160, stack(0x000000001e150000,0x000000001e250000)]
  0x000000001c523000 JavaThread "C2 CompilerThread1" daemon [_thread_blocked, id=4552, stack(0x000000001dc50000,0x000000001dd50000)]
  0x000000001c4cc000 JavaThread "C2 CompilerThread0" daemon [_thread_blocked, id=6300, stack(0x000000001db50000,0x000000001dc50000)]
  0x000000001c4ca000 JavaThread "Attach Listener" daemon [_thread_blocked, id=2972, stack(0x000000001da50000,0x000000001db50000)]
  0x000000001c4d8000 JavaThread "Signal Dispatcher" daemon [_thread_blocked, id=5000, stack(0x000000001d950000,0x000000001da50000)]
  0x0000000002dfa800 JavaThread "Finalizer" daemon [_thread_blocked, id=4816, stack(0x000000001d730000,0x000000001d830000)]
  0x000000001c4ba800 JavaThread "Reference Handler" daemon [_thread_blocked, id=5236, stack(0x000000001d630000,0x000000001d730000)]
  0x0000000000f1e800 JavaThread "main" [_thread_blocked, id=5240, stack(0x0000000002b60000,0x0000000002c60000)]

Other Threads:
  0x000000001c497000 VMThread [stack: 0x000000001d530000,0x000000001d630000] [id=4512]
  0x000000001dd82000 WatcherThread [stack: 0x000000001e350000,0x000000001e450000] [id=4752]

=>0x0000000002d17800 (exited) GCTaskThread [stack: 0x0000000012f30000,0x0000000013030000] [id=4112]

VM state:at safepoint (normal execution)

VM Mutex/Monitor currently owned by a thread:  ([mutex/lock_event])
[0x0000000000f1d8e0] Threads_lock - owner thread: 0x000000001c497000
[0x0000000002d01550] Heap_lock - owner thread: 0x0000000020384000

heap address: 0x00000006c0000000, size: 4096 MB, Compressed Oops mode: Zero based, Oop shift amount: 3
Narrow klass base: 0x0000000000000000, Narrow klass shift: 3
Compressed class space size: 1073741824 Address: 0x00000007c0000000

Heap:
 PSYoungGen      total 1139200K, used 1031885K [0x000000076ab00000, 0x00000007c0000000, 0x00000007c0000000)
  eden space 899584K, 100% used [0x000000076ab00000,0x00000007a1980000,0x00000007a1980000)
  from space 239616K, 55% used [0x00000007a1980000,0x00000007a9ab3628,0x00000007b0380000)
  to   space 242176K, 11% used [0x00000007b1380000,0x00000007b2ee19c0,0x00000007c0000000)
 ParOldGen       total 1045504K, used 566482K [0x00000006c0000000, 0x00000006ffd00000, 0x000000076ab00000)
  object space 1045504K, 54% used [0x00000006c0000000,0x00000006e2934a30,0x00000006ffd00000)
 Metaspace       used 79980K, capacity 86382K, committed 97920K, reserved 1134592K
  class space    used 10361K, capacity 11446K, committed 12928K, reserved 1048576K

Card table byte_map: [0x00000000121c0000,0x00000000129d0000] byte_map_base: 0x000000000ebc0000

Marking Bits: (ParMarkBitMap*) 0x0000000055376d90
 Begin Bits: [0x0000000013330000, 0x0000000017330000)
 End Bits:   [0x0000000017330000, 0x000000001b330000)

Polling page: 0x0000000000f00000

CodeCache: size=245760Kb used=68089Kb max_used=70892Kb free=177670Kb
 bounds [0x0000000002e00000, 0x00000000073b0000, 0x0000000011e00000]
 total_blobs=18239 nmethods=17379 adapters=770
 compilation: enabled

Compilation events (10 events):
Event: 8591.318 Thread 0x000000001dd58800 25598       3       org.gradle.internal.operations.BuildOperationState::getId (8 bytes)
Event: 8591.319 Thread 0x000000001dd58800 nmethod 25598 0x00000000040796d0 code [0x0000000004079820, 0x0000000004079a10]
Event: 8591.319 Thread 0x000000001c4cc000 nmethod 25589 0x0000000005eba390 code [0x0000000005eba520, 0x0000000005ebaae8]
Event: 8591.320 Thread 0x000000001dd58800 25599       3       org.gradle.api.internal.tasks.StaticValue::call (32 bytes)
Event: 8591.320 Thread 0x000000001dd58800 nmethod 25599 0x000000000489cf10 code [0x000000000489d0a0, 0x000000000489d568]
Event: 8591.320 Thread 0x000000001dd58800 25600       3       org.gradle.api.internal.file.copy.DefaultCopySpec::buildResolverRelativeToParent (11 bytes)
Event: 8591.320 Thread 0x000000001dd58800 nmethod 25600 0x0000000005160a10 code [0x0000000005160b80, 0x0000000005160e70]
Event: 8591.321 Thread 0x000000001c523000 nmethod 25597 0x00000000064e2710 code [0x00000000064e2880, 0x00000000064e2db8]
Event: 8591.346 Thread 0x000000001c4cc000 25601       4       org.gradle.internal.hash.Hashing$DefaultHasher::hash (47 bytes)
Event: 8591.347 Thread 0x000000001c4cc000 nmethod 25601 0x00000000064cb490 code [0x00000000064cb5e0, 0x00000000064cb778]

GC Heap History (10 events):
Event: 8560.008 GC heap after
Heap after GC invocations=57 (full 7):
 PSYoungGen      total 1092608K, used 69555K [0x000000076ab00000, 0x00000007bdb80000, 0x00000007c0000000)
  eden space 858624K, 0% used [0x000000076ab00000,0x000000076ab00000,0x000000079f180000)
  from space 233984K, 29% used [0x00000007af700000,0x00000007b3aecd18,0x00000007bdb80000)
  to   space 250880K, 0% used [0x000000079f180000,0x000000079f180000,0x00000007ae680000)
 ParOldGen       total 1715200K, used 1419931K [0x00000006c0000000, 0x0000000728b00000, 0x000000076ab00000)
  object space 1715200K, 82% used [0x00000006c0000000,0x0000000716aa6cc0,0x0000000728b00000)
 Metaspace       used 87589K, capacity 92438K, committed 92544K, reserved 1130496K
  class space    used 11211K, capacity 12119K, committed 12160K, reserved 1048576K
}
Event: 8561.509 GC heap before
{Heap before GC invocations=58 (full 7):
 PSYoungGen      total 1092608K, used 928179K [0x000000076ab00000, 0x00000007bdb80000, 0x00000007c0000000)
  eden space 858624K, 100% used [0x000000076ab00000,0x000000079f180000,0x000000079f180000)
  from space 233984K, 29% used [0x00000007af700000,0x00000007b3aecd18,0x00000007bdb80000)
  to   space 250880K, 0% used [0x000000079f180000,0x000000079f180000,0x00000007ae680000)
 ParOldGen       total 1715200K, used 1419931K [0x00000006c0000000, 0x0000000728b00000, 0x000000076ab00000)
  object space 1715200K, 82% used [0x00000006c0000000,0x0000000716aa6cc0,0x0000000728b00000)
 Metaspace       used 89379K, capacity 94280K, committed 94592K, reserved 1132544K
  class space    used 11435K, capacity 12351K, committed 12416K, reserved 1048576K
Event: 8561.631 GC heap after
Heap after GC invocations=58 (full 7):
 PSYoungGen      total 1109504K, used 121159K [0x000000076ab00000, 0x00000007c0000000, 0x00000007c0000000)
  eden space 858624K, 0% used [0x000000076ab00000,0x000000076ab00000,0x000000079f180000)
  from space 250880K, 48% used [0x000000079f180000,0x00000007a67d1d78,0x00000007ae680000)
  to   space 247296K, 0% used [0x00000007b0e80000,0x00000007b0e80000,0x00000007c0000000)
 ParOldGen       total 1715200K, used 1464036K [0x00000006c0000000, 0x0000000728b00000, 0x000000076ab00000)
  object space 1715200K, 85% used [0x00000006c0000000,0x00000007195b9220,0x0000000728b00000)
 Metaspace       used 89379K, capacity 94280K, committed 94592K, reserved 1132544K
  class space    used 11435K, capacity 12351K, committed 12416K, reserved 1048576K
}
Event: 8584.524 GC heap before
{Heap before GC invocations=59 (full 7):
 PSYoungGen      total 1109504K, used 979667K [0x000000076ab00000, 0x00000007c0000000, 0x00000007c0000000)
  eden space 858624K, 99% used [0x000000076ab00000,0x000000079f162fd8,0x000000079f180000)
  from space 250880K, 48% used [0x000000079f180000,0x00000007a67d1d78,0x00000007ae680000)
  to   space 247296K, 0% used [0x00000007b0e80000,0x00000007b0e80000,0x00000007c0000000)
 ParOldGen       total 1715200K, used 1464036K [0x00000006c0000000, 0x0000000728b00000, 0x000000076ab00000)
  object space 1715200K, 85% used [0x00000006c0000000,0x00000007195b9220,0x0000000728b00000)
 Metaspace       used 90853K, capacity 97686K, committed 97920K, reserved 1134592K
  class space    used 11734K, capacity 12886K, committed 12928K, reserved 1048576K
Event: 8584.594 GC heap after
Heap after GC invocations=59 (full 7):
 PSYoungGen      total 1127936K, used 40389K [0x000000076ab00000, 0x00000007bed80000, 0x00000007c0000000)
  eden space 899584K, 0% used [0x000000076ab00000,0x000000076ab00000,0x00000007a1980000)
  from space 228352K, 17% used [0x00000007b0e80000,0x00000007b35f14e0,0x00000007bed80000)
  to   space 239616K, 0% used [0x00000007a1980000,0x00000007a1980000,0x00000007b0380000)
 ParOldGen       total 1715200K, used 1582484K [0x00000006c0000000, 0x0000000728b00000, 0x000000076ab00000)
  object space 1715200K, 92% used [0x00000006c0000000,0x0000000720965138,0x0000000728b00000)
 Metaspace       used 90853K, capacity 97686K, committed 97920K, reserved 1134592K
  class space    used 11734K, capacity 12886K, committed 12928K, reserved 1048576K
}
Event: 8584.594 GC heap before
{Heap before GC invocations=60 (full 8):
 PSYoungGen      total 1127936K, used 40389K [0x000000076ab00000, 0x00000007bed80000, 0x00000007c0000000)
  eden space 899584K, 0% used [0x000000076ab00000,0x000000076ab00000,0x00000007a1980000)
  from space 228352K, 17% used [0x00000007b0e80000,0x00000007b35f14e0,0x00000007bed80000)
  to   space 239616K, 0% used [0x00000007a1980000,0x00000007a1980000,0x00000007b0380000)
 ParOldGen       total 1715200K, used 1582484K [0x00000006c0000000, 0x0000000728b00000, 0x000000076ab00000)
  object space 1715200K, 92% used [0x00000006c0000000,0x0000000720965138,0x0000000728b00000)
 Metaspace       used 90853K, capacity 97686K, committed 97920K, reserved 1134592K
  class space    used 11734K, capacity 12886K, committed 12928K, reserved 1048576K
Event: 8585.797 GC heap after
Heap after GC invocations=60 (full 8):
 PSYoungGen      total 1127936K, used 0K [0x000000076ab00000, 0x00000007bed80000, 0x00000007c0000000)
  eden space 899584K, 0% used [0x000000076ab00000,0x000000076ab00000,0x00000007a1980000)
  from space 228352K, 0% used [0x00000007b0e80000,0x00000007b0e80000,0x00000007bed80000)
  to   space 239616K, 0% used [0x00000007a1980000,0x00000007a1980000,0x00000007b0380000)
 ParOldGen       total 1045504K, used 512947K [0x00000006c0000000, 0x00000006ffd00000, 0x000000076ab00000)
  object space 1045504K, 49% used [0x00000006c0000000,0x00000006df4ece00,0x00000006ffd00000)
 Metaspace       used 78093K, capacity 84446K, committed 97920K, reserved 1134592K
  class space    used 10123K, capacity 11196K, committed 12928K, reserved 1048576K
}
Event: 8589.207 GC heap before
{Heap before GC invocations=61 (full 8):
 PSYoungGen      total 1127936K, used 899584K [0x000000076ab00000, 0x00000007bed80000, 0x00000007c0000000)
  eden space 899584K, 100% used [0x000000076ab00000,0x00000007a1980000,0x00000007a1980000)
  from space 228352K, 0% used [0x00000007b0e80000,0x00000007b0e80000,0x00000007bed80000)
  to   space 239616K, 0% used [0x00000007a1980000,0x00000007a1980000,0x00000007b0380000)
 ParOldGen       total 1045504K, used 512947K [0x00000006c0000000, 0x00000006ffd00000, 0x000000076ab00000)
  object space 1045504K, 49% used [0x00000006c0000000,0x00000006df4ece00,0x00000006ffd00000)
 Metaspace       used 79505K, capacity 85904K, committed 97920K, reserved 1134592K
  class space    used 10295K, capacity 11375K, committed 12928K, reserved 1048576K
Event: 8589.295 GC heap after
Heap after GC invocations=61 (full 8):
 PSYoungGen      total 1139200K, used 132301K [0x000000076ab00000, 0x00000007c0000000, 0x00000007c0000000)
  eden space 899584K, 0% used [0x000000076ab00000,0x000000076ab00000,0x00000007a1980000)
  from space 239616K, 55% used [0x00000007a1980000,0x00000007a9ab3628,0x00000007b0380000)
  to   space 242176K, 0% used [0x00000007b1380000,0x00000007b1380000,0x00000007c0000000)
 ParOldGen       total 1045504K, used 512947K [0x00000006c0000000, 0x00000006ffd00000, 0x000000076ab00000)
  object space 1045504K, 49% used [0x00000006c0000000,0x00000006df4ece00,0x00000006ffd00000)
 Metaspace       used 79505K, capacity 85904K, committed 97920K, reserved 1134592K
  class space    used 10295K, capacity 11375K, committed 12928K, reserved 1048576K
}
Event: 8591.433 GC heap before
{Heap before GC invocations=62 (full 8):
 PSYoungGen      total 1139200K, used 1031885K [0x000000076ab00000, 0x00000007c0000000, 0x00000007c0000000)
  eden space 899584K, 100% used [0x000000076ab00000,0x00000007a1980000,0x00000007a1980000)
  from space 239616K, 55% used [0x00000007a1980000,0x00000007a9ab3628,0x00000007b0380000)
  to   space 242176K, 0% used [0x00000007b1380000,0x00000007b1380000,0x00000007c0000000)
 ParOldGen       total 1045504K, used 512947K [0x00000006c0000000, 0x00000006ffd00000, 0x000000076ab00000)
  object space 1045504K, 49% used [0x00000006c0000000,0x00000006df4ece00,0x00000006ffd00000)
 Metaspace       used 79980K, capacity 86382K, committed 97920K, reserved 1134592K
  class space    used 10361K, capacity 11446K, committed 12928K, reserved 1048576K

Deoptimization events (10 events):
Event: 8588.192 Thread 0x0000000020384000 Uncommon trap: reason=class_check action=maybe_recompile pc=0x0000000002fe54ec method=org.gradle.internal.execution.impl.OutputsCleaner.cleanupOutput(Ljava/io/File;Lorg/gradle/internal/file/FileType;)V @ 49
Event: 8588.192 Thread 0x0000000020384000 Uncommon trap: reason=class_check action=maybe_recompile pc=0x0000000002fe54ec method=org.gradle.internal.execution.impl.OutputsCleaner.cleanupOutput(Ljava/io/File;Lorg/gradle/internal/file/FileType;)V @ 49
Event: 8588.193 Thread 0x0000000020384000 Uncommon trap: reason=class_check action=maybe_recompile pc=0x0000000002fe54ec method=org.gradle.internal.execution.impl.OutputsCleaner.cleanupOutput(Ljava/io/File;Lorg/gradle/internal/file/FileType;)V @ 49
Event: 8588.411 Thread 0x0000000020384000 Uncommon trap: reason=unstable_if action=reinterpret pc=0x0000000003a09a00 method=java.lang.ref.SoftReference.get()Ljava/lang/Object; @ 6
Event: 8588.420 Thread 0x0000000020384000 Uncommon trap: reason=unstable_if action=reinterpret pc=0x000000000368e0fc method=java.lang.ref.SoftReference.get()Ljava/lang/Object; @ 6
Event: 8589.047 Thread 0x0000000020384000 Uncommon trap: reason=unstable_if action=reinterpret pc=0x0000000004b6b380 method=com.google.common.io.LineReader.readLine()Ljava/lang/String; @ 63
Event: 8589.128 Thread 0x0000000020384000 Uncommon trap: reason=unstable_if action=reinterpret pc=0x0000000002ff35f8 method=com.google.common.collect.HashBiMap.seekByValue(Ljava/lang/Object;I)Lcom/google/common/collect/HashBiMap$BiEntry; @ 21
Event: 8589.167 Thread 0x0000000020384000 Uncommon trap: reason=unstable_if action=reinterpret pc=0x0000000004b55414 method=com.google.common.collect.HashBiMap.seekByKey(Ljava/lang/Object;I)Lcom/google/common/collect/HashBiMap$BiEntry; @ 21
Event: 8589.298 Thread 0x0000000020384000 Uncommon trap: reason=unstable_if action=reinterpret pc=0x0000000006c7b2e8 method=java.io.ObjectStreamClass.processQueue(Ljava/lang/ref/ReferenceQueue;Ljava/util/concurrent/ConcurrentMap;)V @ 6
Event: 8589.334 Thread 0x0000000020384000 Uncommon trap: reason=unstable_if action=reinterpret pc=0x0000000005d29c54 method=com.google.common.base.Strings.nullToEmpty(Ljava/lang/String;)Ljava/lang/String; @ 1

Classes redefined (0 events):
No events

Internal exceptions (10 events):
Event: 8588.647 Thread 0x0000000020384000 Exception <a 'java/io/FileNotFoundException'> (0x0000000783fdf448) thrown at [C:\re\workspace\8-2-build-windows-amd64-cygwin\jdk8u231\13620\hotspot\src\share\vm\prims\jni.cpp, line 710]
Event: 8588.647 Thread 0x0000000020384000 Exception <a 'java/io/FileNotFoundException'> (0x0000000783fe1c80) thrown at [C:\re\workspace\8-2-build-windows-amd64-cygwin\jdk8u231\13620\hotspot\src\share\vm\prims\jni.cpp, line 710]
Event: 8588.647 Thread 0x0000000020384000 Exception <a 'java/io/FileNotFoundException'> (0x0000000783fe4540) thrown at [C:\re\workspace\8-2-build-windows-amd64-cygwin\jdk8u231\13620\hotspot\src\share\vm\prims\jni.cpp, line 710]
Event: 8588.647 Thread 0x0000000020384000 Exception <a 'java/io/FileNotFoundException'> (0x0000000783fe6db8) thrown at [C:\re\workspace\8-2-build-windows-amd64-cygwin\jdk8u231\13620\hotspot\src\share\vm\prims\jni.cpp, line 710]
Event: 8588.647 Thread 0x0000000020384000 Exception <a 'java/io/FileNotFoundException'> (0x0000000783fe9718) thrown at [C:\re\workspace\8-2-build-windows-amd64-cygwin\jdk8u231\13620\hotspot\src\share\vm\prims\jni.cpp, line 710]
Event: 8588.647 Thread 0x0000000020384000 Exception <a 'java/io/FileNotFoundException'> (0x0000000783fec0f8) thrown at [C:\re\workspace\8-2-build-windows-amd64-cygwin\jdk8u231\13620\hotspot\src\share\vm\prims\jni.cpp, line 710]
Event: 8588.647 Thread 0x0000000020384000 Exception <a 'java/io/FileNotFoundException'> (0x0000000783feead0) thrown at [C:\re\workspace\8-2-build-windows-amd64-cygwin\jdk8u231\13620\hotspot\src\share\vm\prims\jni.cpp, line 710]
Event: 8588.647 Thread 0x0000000020384000 Exception <a 'java/io/FileNotFoundException'> (0x0000000783ff1360) thrown at [C:\re\workspace\8-2-build-windows-amd64-cygwin\jdk8u231\13620\hotspot\src\share\vm\prims\jni.cpp, line 710]
Event: 8588.647 Thread 0x0000000020384000 Exception <a 'java/io/FileNotFoundException'> (0x0000000783ff3c78) thrown at [C:\re\workspace\8-2-build-windows-amd64-cygwin\jdk8u231\13620\hotspot\src\share\vm\prims\jni.cpp, line 710]
Event: 8588.648 Thread 0x0000000020384000 Exception <a 'java/io/FileNotFoundException'> (0x0000000783ff6758) thrown at [C:\re\workspace\8-2-build-windows-amd64-cygwin\jdk8u231\13620\hotspot\src\share\vm\prims\jni.cpp, line 710]

Events (10 events):
Event: 8591.315 loading class org/gradle/internal/execution/history/AfterPreviousExecutionState done
Event: 8591.315 loading class com/google/common/collect/ImmutableSortedMap
Event: 8591.315 loading class com/google/common/collect/ImmutableSortedMap done
Event: 8591.315 loading class org/gradle/internal/execution/history/BeforeExecutionState
Event: 8591.315 loading class org/gradle/internal/execution/history/BeforeExecutionState done
Event: 8591.315 loading class com/google/common/collect/ImmutableSortedMap
Event: 8591.315 loading class com/google/common/collect/ImmutableSortedMap done
Event: 8591.315 loading class com/google/common/collect/ImmutableSortedMap
Event: 8591.315 loading class com/google/common/collect/ImmutableSortedMap done
Event: 8591.433 Executing VM operation: ParallelGCFailedAllocation


Dynamic libraries:
0x00007ff729c30000 - 0x00007ff729c67000 	C:\Program Files\Java\jdk1.8.0_231\bin\java.exe
0x00007fff3f430000 - 0x00007fff3f625000 	C:\WINDOWS\SYSTEM32\ntdll.dll
0x00007fff3f280000 - 0x00007fff3f33d000 	C:\WINDOWS\System32\KERNEL32.DLL
0x00007fff3cd50000 - 0x00007fff3d019000 	C:\WINDOWS\System32\KERNELBASE.dll
0x00007fff3d5a0000 - 0x00007fff3d64c000 	C:\WINDOWS\System32\ADVAPI32.dll
0x00007fff3db80000 - 0x00007fff3dc1e000 	C:\WINDOWS\System32\msvcrt.dll
0x00007fff3d650000 - 0x00007fff3d6eb000 	C:\WINDOWS\System32\sechost.dll
0x00007fff3dc20000 - 0x00007fff3dd4a000 	C:\WINDOWS\System32\RPCRT4.dll
0x00007fff3e470000 - 0x00007fff3e610000 	C:\WINDOWS\System32\USER32.dll
0x00007fff3cd20000 - 0x00007fff3cd42000 	C:\WINDOWS\System32\win32u.dll
0x00007fff3e610000 - 0x00007fff3e63a000 	C:\WINDOWS\System32\GDI32.dll
0x00007fff3d050000 - 0x00007fff3d15b000 	C:\WINDOWS\System32\gdi32full.dll
0x00007fff3d3f0000 - 0x00007fff3d48d000 	C:\WINDOWS\System32\msvcp_win.dll
0x00007fff3d2f0000 - 0x00007fff3d3f0000 	C:\WINDOWS\System32\ucrtbase.dll
0x00007fff2b160000 - 0x00007fff2b3fa000 	C:\WINDOWS\WinSxS\amd64_microsoft.windows.common-controls_6595b64144ccf1df_6.0.19041.1110_none_60b5254171f9507e\COMCTL32.dll
0x00007fff3dd50000 - 0x00007fff3dd80000 	C:\WINDOWS\System32\IMM32.DLL
0x0000000055400000 - 0x00000000554d2000 	C:\Program Files\Java\jdk1.8.0_231\jre\bin\msvcr100.dll
0x0000000054b50000 - 0x00000000553f6000 	C:\Program Files\Java\jdk1.8.0_231\jre\bin\server\jvm.dll
0x00007fff3d4b0000 - 0x00007fff3d4b8000 	C:\WINDOWS\System32\PSAPI.DLL
0x00007fff2beb0000 - 0x00007fff2beb9000 	C:\WINDOWS\SYSTEM32\WSOCK32.dll
0x00007fff33c00000 - 0x00007fff33c27000 	C:\WINDOWS\SYSTEM32\WINMM.dll
0x00007fff3b9c0000 - 0x00007fff3b9ca000 	C:\WINDOWS\SYSTEM32\VERSION.dll
0x00007fff3ead0000 - 0x00007fff3eb3b000 	C:\WINDOWS\System32\WS2_32.dll
0x00007fff1ee40000 - 0x00007fff1ee4f000 	C:\Program Files\Java\jdk1.8.0_231\jre\bin\verify.dll
0x00007ffef2590000 - 0x00007ffef25b9000 	C:\Program Files\Java\jdk1.8.0_231\jre\bin\java.dll
0x00007ffef0710000 - 0x00007ffef0726000 	C:\Program Files\Java\jdk1.8.0_231\jre\bin\zip.dll
0x00007fff3eb40000 - 0x00007fff3f27f000 	C:\WINDOWS\System32\SHELL32.dll
0x00007fff3b1f0000 - 0x00007fff3b980000 	C:\WINDOWS\SYSTEM32\windows.storage.dll
0x00007fff3d820000 - 0x00007fff3db75000 	C:\WINDOWS\System32\combase.dll
0x00007fff3c5c0000 - 0x00007fff3c5ec000 	C:\WINDOWS\SYSTEM32\Wldp.dll
0x00007fff3f340000 - 0x00007fff3f3ee000 	C:\WINDOWS\System32\SHCORE.dll
0x00007fff3df40000 - 0x00007fff3df95000 	C:\WINDOWS\System32\shlwapi.dll
0x00007fff3caa0000 - 0x00007fff3cabf000 	C:\WINDOWS\SYSTEM32\profapi.dll
0x00007fff21ed0000 - 0x00007fff21eea000 	C:\Program Files\Java\jdk1.8.0_231\jre\bin\net.dll
0x00007fff3c320000 - 0x00007fff3c38a000 	C:\WINDOWS\system32\mswsock.dll
0x00007ffef06f0000 - 0x00007ffef0702000 	C:\Program Files\Java\jdk1.8.0_231\jre\bin\nio.dll
0x00007fff1d0d0000 - 0x00007fff1d0f7000 	C:\Users\UNKNOWN\.gradle\native\49d0259a56938c7f99b2704e745ce422c4f750a7a20b539a32ccef96729676b1\windows-amd64\native-platform.dll
0x00007ffeeefb0000 - 0x00007ffeef146000 	C:\Users\UNKNOWN\.gradle\native\12488b8bf47d2d4c9fbf2f6322a914ad602e24e48041cd04a747c6da556b65c4\windows-amd64\native-platform-file-events.dll
0x00007fff1d630000 - 0x00007fff1d63d000 	C:\Program Files\Java\jdk1.8.0_231\jre\bin\management.dll
0x00007fff3c520000 - 0x00007fff3c538000 	C:\WINDOWS\SYSTEM32\CRYPTSP.dll
0x00007fff3bc30000 - 0x00007fff3bc64000 	C:\WINDOWS\system32\rsaenh.dll
0x00007fff3d020000 - 0x00007fff3d047000 	C:\WINDOWS\System32\bcrypt.dll
0x00007fff3ca60000 - 0x00007fff3ca8e000 	C:\WINDOWS\SYSTEM32\USERENV.dll
0x00007fff3d210000 - 0x00007fff3d293000 	C:\WINDOWS\System32\bcryptprimitives.dll
0x00007fff3c510000 - 0x00007fff3c51c000 	C:\WINDOWS\SYSTEM32\CRYPTBASE.dll
0x00007fff3bfc0000 - 0x00007fff3bffb000 	C:\WINDOWS\SYSTEM32\IPHLPAPI.DLL
0x00007fff3e640000 - 0x00007fff3e648000 	C:\WINDOWS\System32\NSI.dll
0x00007fff36840000 - 0x00007fff36857000 	C:\WINDOWS\SYSTEM32\dhcpcsvc6.DLL
0x00007fff36590000 - 0x00007fff365ad000 	C:\WINDOWS\SYSTEM32\dhcpcsvc.DLL
0x00007fff3c010000 - 0x00007fff3c0dc000 	C:\WINDOWS\SYSTEM32\DNSAPI.dll
0x00007ffef05f0000 - 0x00007ffef0614000 	C:\Program Files\Java\jdk1.8.0_231\jre\bin\sunec.dll
0x00007fff1d300000 - 0x00007fff1d30b000 	C:\Program Files\Java\jdk1.8.0_231\jre\bin\sunmscapi.dll
0x00007fff3cbc0000 - 0x00007fff3cd1f000 	C:\WINDOWS\System32\CRYPT32.dll
0x00007fff318a0000 - 0x00007fff318aa000 	C:\Windows\System32\rasadhlp.dll
0x00007fff33b10000 - 0x00007fff33b8f000 	C:\WINDOWS\System32\fwpuclnt.dll
0x00007fff36e30000 - 0x00007fff37014000 	C:\WINDOWS\SYSTEM32\dbghelp.dll

VM Arguments:
jvm_args: -Xmx4G -Dfile.encoding=windows-1252 -Duser.country=IT -Duser.language=it -Duser.variant 
java_command: org.gradle.launcher.daemon.bootstrap.GradleDaemon 6.9
java_class_path (initial): C:\Users\UNKNOWN\.gradle\wrapper\dists\gradle-6.9-bin\2ecsmyp3bolyybemj56vfn4mt\gradle-6.9\lib\gradle-launcher-6.9.jar
Launcher Type: SUN_STANDARD

Environment Variables:
JAVA_HOME=C:\Program Files\Java\jdk1.8.0_231
PATH=C:\Program Files\Common Files\Oracle\Java\javapath;C:\Program Files (x86)\NVIDIA Corporation\PhysX\Common;C:\Program Files (x86)\Common Files\Oracle\Java\javapath;C:\WINDOWS\system32;C:\WINDOWS;C:\WINDOWS\System32\Wbem;C:\WINDOWS\System32\WindowsPowerShell\v1.0\;C:\WINDOWS\System32\OpenSSH\;E:\Storage10\Programs10\Matlab\runtime\win64;E:\Storage10\Programs10\Matlab\bin;E:\Storage10\Programs10\Matlab\polyspace\bin;E:\Storage10\Programs10\Git\cmd;C:\Program Files\dotnet\;E:\Storage10\Programs10\MATLAB\R2020b\runtime\win64;E:\Storage10\Programs10\MATLAB\R2020b\bin;C:\Program Files\Java\jdk-16.0.1\bin;%JAVA_16%\bin;C:\Program Files\Java\jdk-16.0.1\bin;C:\Program Files\Java\jdk1.8.0_231\bin;E:\Storage10\Programmi (x86)\Python36\Scripts\;E:\Storage10\Programmi (x86)\Python36\;C:\Users\UNKNOWN\AppData\Local\Microsoft\WindowsApps;;E:\Storage10\Programs10\JetBrains\IntelliJ IDEA Community Edition 2020.2\bin;
USERNAME=UNKNOWN
OS=Windows_NT
PROCESSOR_IDENTIFIER=Intel64 Family 6 Model 94 Stepping 3, GenuineIntel



---------------  S Y S T E M  ---------------

OS: Windows 10.0 , 64 bit Build 19041 (10.0.19041.1151)

CPU:total 4 (initial active 4) (4 cores per cpu, 1 threads per core) family 6 model 94 stepping 3, cmov, cx8, fxsr, mmx, sse, sse2, sse3, ssse3, sse4.1, sse4.2, popcnt, avx, avx2, aes, clmul, erms, rtm, 3dnowpref, lzcnt, tsc, tscinvbit, bmi1, bmi2, adx

Memory: 4k page, physical 16696244k(7486100k free), swap 22705076k(7757556k free)

vm_info: Java HotSpot(TM) 64-Bit Server VM (25.231-b11) for windows-amd64 JRE (1.8.0_231-b11), built on Oct  5 2019 03:11:30 by "java_re" with MS VC++ 10.0 (VS2010)

time: Sat Aug 28 14:13:25 2021
timezone: ora legale Europa occidentale
elapsed time: 8591 seconds (0d 2h 23m 11s)

