#
# A fatal error has been detected by the Java Runtime Environment:
#
#  EXCEPTION_ACCESS_VIOLATION (0xc0000005) at pc=0x000000006f47533b, pid=10024, tid=0x0000000000001a6c
#
# JRE version: Java(TM) SE Runtime Environment (8.0_231-b11) (build 1.8.0_231-b11)
# Java VM: Java HotSpot(TM) 64-Bit Server VM (25.231-b11 mixed mode windows-amd64 compressed oops)
# Problematic frame:
# V  [jvm.dll+0x11533b]
#
# Failed to write core dump. Minidumps are not enabled by default on client versions of Windows
#
# If you would like to submit a bug report, please visit:
#   http://bugreport.java.com/bugreport/crash.jsp
#

---------------  T H R E A D  ---------------

Current thread (0x000000000261c000):  GCTaskThread [stack: 0x0000000012b30000,0x0000000012c30000] [id=6764]

siginfo: ExceptionCode=0xc0000005, reading address 0x0000000000000008

Registers:
RAX=0x0000000012c30000, RBX=0x00000006deb65460, RCX=0x0000000000000003, RDX=0x0000000000000001
RSP=0x0000000012c2f6c0, RBP=0x00000006deb7671c, RSI=0x00000000026ebd60, RDI=0x00000000026ebd60
R8 =0x0000000000000000, R9 =0x00000007c071e828, R10=0x000000000000000c, R11=0x000000006f968788
R12=0x00000006deb76728, R13=0x00000007c071eca8, R14=0x00000007c071ecb0, R15=0x00000006deb76708
RIP=0x000000006f47533b, EFLAGS=0x0000000000010246

Top of Stack: (sp=0x0000000012c2f6c0)
0x0000000012c2f6c0:   00000007c071e828 00000006deb766a4
0x0000000012c2f6d0:   0000000000000004 000000006f57eb82
0x0000000012c2f6e0:   0000000000000000 000000000261c730
0x0000000012c2f6f0:   000000000260e560 0000000000000003
0x0000000012c2f700:   0000000000004c17 000000006f75c220
0x0000000012c2f710:   000000001c6df0f8 0000000000000000
0x0000000012c2f720:   00000000026ebd60 000000006f9bc108
0x0000000012c2f730:   00000006dea9b668 000000006f760348
0x0000000012c2f740:   000000006fb86d90 0000000000000003
0x0000000012c2f750:   0000000600000000 000000006f46d312
0x0000000012c2f760:   00000006dea9b5dc 000000006f4753d6
0x0000000012c2f770:   00000006dea9b668 000000000260e560
0x0000000012c2f780:   000000000261c740 000000000261c730
0x0000000012c2f790:   000000006f9bc108 0000000000000003
0x0000000012c2f7a0:   00000000206d6f40 0000000000000000
0x0000000012c2f7b0:   00000000026ebd60 000000006f759bff 

Instructions: (pc=0x000000006f47533b)
0x000000006f47531b:   70 00 84 d2 74 16 44 8b 43 08 8b 0d 3d 55 69 00
0x000000006f47532b:   49 d3 e0 4c 03 05 2b 55 69 00 eb 04 4c 8b 43 08
0x000000006f47533b:   45 8b 48 08 45 85 c9 7e 0c 41 f6 c1 01 75 4b 41
0x000000006f47534b:   c1 f9 03 eb 57 79 43 84 d2 41 8b c9 b8 10 00 00 


Register to memory mapping:

RAX=0x0000000012c30000 is an unknown value
RBX=0x00000006deb65460 is pointing into object: 0x00000006deb65438
com.sun.tools.javac.code.Symbol$ClassSymbol 
 - klass: 'com/sun/tools/javac/code/Symbol$ClassSymbol'
RCX=0x0000000000000003 is an unknown value
RDX=0x0000000000000001 is an unknown value
RSP=0x0000000012c2f6c0 is an unknown value
RBP=0x00000006deb7671c is pointing into object: 0x00000006deb76708
com.sun.tools.javac.code.Type$MethodType 
 - klass: 'com/sun/tools/javac/code/Type$MethodType'
RSI=0x00000000026ebd60 is an unknown value
RDI=0x00000000026ebd60 is an unknown value
R8 =0x0000000000000000 is an unknown value
R9 =0x00000007c071e828 is pointing into metadata
R10=0x000000000000000c is an unknown value
R11=0x000000006f968788 is an unknown value
R12=0x00000006deb76728 is an oop
com.sun.tools.javac.code.Scope$Entry 
 - klass: 'com/sun/tools/javac/code/Scope$Entry'
R13=0x00000007c071eca8 is pointing into metadata
R14=0x00000007c071ecb0 is pointing into metadata
R15=0x00000006deb76708 is an oop
com.sun.tools.javac.code.Type$MethodType 
 - klass: 'com/sun/tools/javac/code/Type$MethodType'


Stack: [0x0000000012b30000,0x0000000012c30000],  sp=0x0000000012c2f6c0,  free space=1021k
Native frames: (J=compiled Java code, j=interpreted, Vv=VM code, C=native code)
V  [jvm.dll+0x11533b]
V  [jvm.dll+0x3fc220]
V  [jvm.dll+0x3f9bff]
V  [jvm.dll+0x3f706e]
V  [jvm.dll+0x29fd8a]
C  [msvcr100.dll+0x21d9f]
C  [msvcr100.dll+0x21e3b]
C  [KERNEL32.DLL+0x17034]
C  [ntdll.dll+0x4cec1]


---------------  P R O C E S S  ---------------

Java Threads: ( => current thread )
  0x0000000024762800 JavaThread "Cache worker for file content cache (C:\Users\UNKNOWN\IdeaProjects\MinecraftModding\Supplementaries\.gradle\4.10.3\fileContent)" [_thread_blocked, id=12004, stack(0x0000000027680000,0x0000000027780000)]
  0x0000000024767000 JavaThread "Keep-Alive-Timer" daemon [_thread_blocked, id=11940, stack(0x0000000025a20000,0x0000000025b20000)]
  0x0000000024763800 JavaThread "Build operations Thread 4" [_thread_blocked, id=11908, stack(0x0000000025920000,0x0000000025a20000)]
  0x0000000024766800 JavaThread "Build operations Thread 3" [_thread_blocked, id=11936, stack(0x0000000023ff0000,0x00000000240f0000)]
  0x0000000024765000 JavaThread "Build operations Thread 2" [_thread_blocked, id=12060, stack(0x0000000022d80000,0x0000000022e80000)]
  0x0000000024762000 JavaThread "Build operations" [_thread_blocked, id=11920, stack(0x0000000021990000,0x0000000021a90000)]
  0x0000000024764000 JavaThread "Cache worker for cache directory md-rule (C:\Users\UNKNOWN\.gradle\caches\4.10.3\md-rule)" [_thread_blocked, id=11900, stack(0x00000000205c0000,0x00000000206c0000)]
  0x0000000024768000 JavaThread "Cache worker for cache directory md-supplier (C:\Users\UNKNOWN\.gradle\caches\4.10.3\md-supplier)" [_thread_blocked, id=11928, stack(0x00000000204c0000,0x00000000205c0000)]
  0x0000000024759800 JavaThread "Cache worker for file hash cache (C:\Users\UNKNOWN\IdeaProjects\MinecraftModding\Supplementaries\.gradle\4.10.3\fileHashes)" [_thread_blocked, id=12052, stack(0x00000000203c0000,0x00000000204c0000)]
  0x0000000024760800 JavaThread "Stdin handler" [_thread_blocked, id=12056, stack(0x00000000202c0000,0x00000000203c0000)]
  0x000000002475d800 JavaThread "Asynchronous log dispatcher for DefaultDaemonConnection: socket connection from /127.0.0.1:49866 to /127.0.0.1:51990" [_thread_blocked, id=12080, stack(0x000000001ffc0000,0x00000000200c0000)]
  0x000000002475f800 JavaThread "Daemon worker Thread 23" [_thread_blocked, id=12084, stack(0x000000001fec0000,0x000000001ffc0000)]
  0x000000002475e000 JavaThread "Cancel handler" [_thread_blocked, id=11944, stack(0x0000000000b50000,0x0000000000c50000)]
  0x000000002475c800 JavaThread "Handler for socket connection from /127.0.0.1:49866 to /127.0.0.1:51990" [_thread_in_native, id=12088, stack(0x0000000000a50000,0x0000000000b50000)]
  0x000000002475a800 JavaThread "Daemon Thread 23" [_thread_blocked, id=12100, stack(0x0000000000950000,0x0000000000a50000)]
  0x00000000235e6000 JavaThread "Cache worker for Java compile cache (C:\Users\UNKNOWN\.gradle\caches\4.10.3\javaCompile)" [_thread_blocked, id=6572, stack(0x0000000028a30000,0x0000000028b30000)]
  0x00000000235dd000 JavaThread "Cache worker for file content cache (C:\Users\UNKNOWN\.gradle\caches\4.10.3\fileContent)" [_thread_blocked, id=7232, stack(0x0000000027f30000,0x0000000028030000)]
  0x00000000235dc000 JavaThread "Memory manager" [_thread_blocked, id=6136, stack(0x0000000027780000,0x0000000027880000)]
  0x000000001f2e7000 JavaThread "Cache worker for Artifact transforms cache (C:\Users\UNKNOWN\.gradle\caches\transforms-1)" [_thread_blocked, id=7268, stack(0x00000000245c0000,0x00000000246c0000)]
  0x000000001f2e6000 JavaThread "Cache worker for journal cache (C:\Users\UNKNOWN\.gradle\caches\journal-1)" [_thread_blocked, id=5904, stack(0x0000000023ef0000,0x0000000023ff0000)]
  0x000000001f2e7800 JavaThread "File lock request listener" [_thread_in_native, id=6140, stack(0x0000000021ab0000,0x0000000021bb0000)]
  0x000000001f2e4000 JavaThread "Cache worker for file hash cache (C:\Users\UNKNOWN\.gradle\caches\4.10.3\fileHashes)" [_thread_blocked, id=7152, stack(0x0000000021890000,0x0000000021990000)]
  0x000000001efda800 JavaThread "Daemon periodic checks" [_thread_blocked, id=7012, stack(0x000000001fdc0000,0x000000001fec0000)]
  0x000000001efe7000 JavaThread "Incoming local TCP Connector on port 49866" [_thread_in_native, id=7288, stack(0x000000001fb60000,0x000000001fc60000)]
  0x000000001ee42000 JavaThread "Daemon health stats" [_thread_blocked, id=6704, stack(0x000000001f520000,0x000000001f620000)]
  0x000000001be2e000 JavaThread "Service Thread" daemon [_thread_blocked, id=9052, stack(0x000000001db50000,0x000000001dc50000)]
  0x000000001bddd000 JavaThread "C1 CompilerThread2" daemon [_thread_blocked, id=6316, stack(0x000000001d650000,0x000000001d750000)]
  0x000000001bdd5800 JavaThread "C2 CompilerThread1" daemon [_thread_blocked, id=6736, stack(0x000000001d550000,0x000000001d650000)]
  0x000000001bdd2800 JavaThread "C2 CompilerThread0" daemon [_thread_blocked, id=9408, stack(0x000000001d450000,0x000000001d550000)]
  0x000000001bdd0000 JavaThread "Attach Listener" daemon [_thread_blocked, id=6504, stack(0x000000001d350000,0x000000001d450000)]
  0x000000001bdca800 JavaThread "Signal Dispatcher" daemon [_thread_blocked, id=820, stack(0x000000001d250000,0x000000001d350000)]
  0x00000000026fa800 JavaThread "Finalizer" daemon [_thread_blocked, id=6048, stack(0x000000001d030000,0x000000001d130000)]
  0x00000000026f2000 JavaThread "Reference Handler" daemon [_thread_blocked, id=6084, stack(0x000000001cf30000,0x000000001d030000)]
  0x00000000024be800 JavaThread "main" [_thread_blocked, id=7320, stack(0x0000000002500000,0x0000000002600000)]

Other Threads:
  0x000000001bd97000 VMThread [stack: 0x000000001ce30000,0x000000001cf30000] [id=6056]
  0x000000001d79a800 WatcherThread [stack: 0x000000001dc50000,0x000000001dd50000] [id=9488]

=>0x000000000261c000 (exited) GCTaskThread [stack: 0x0000000012b30000,0x0000000012c30000] [id=6764]

VM state:at safepoint (normal execution)

VM Mutex/Monitor currently owned by a thread:  ([mutex/lock_event])
[0x00000000024bcb60] Threads_lock - owner thread: 0x000000001bd97000
[0x00000000024bd7e0] Heap_lock - owner thread: 0x000000002475f800

heap address: 0x00000006c0000000, size: 4096 MB, Compressed Oops mode: Zero based, Oop shift amount: 3
Narrow klass base: 0x0000000000000000, Narrow klass shift: 3
Compressed class space size: 1073741824 Address: 0x00000007c0000000

Heap:
 PSYoungGen      total 1041920K, used 159178K [0x000000076ab00000, 0x00000007c0000000, 0x00000007c0000000)
  eden space 700416K, 0% used [0x000000076ab00000,0x000000076ab00000,0x0000000795700000)
  from space 341504K, 46% used [0x0000000795700000,0x000000079f272888,0x00000007aa480000)
  to   space 342528K, 0% used [0x00000007ab180000,0x00000007ab180000,0x00000007c0000000)
 ParOldGen       total 941568K, used 869258K [0x00000006c0000000, 0x00000006f9780000, 0x000000076ab00000)
  object space 941568K, 92% used [0x00000006c0000000,0x00000006f50e2888,0x00000006f9780000)
 Metaspace       used 149471K, capacity 153994K, committed 154240K, reserved 1183744K
  class space    used 19886K, capacity 20560K, committed 20608K, reserved 1048576K

Card table byte_map: [0x0000000011ac0000,0x00000000122d0000] byte_map_base: 0x000000000e4c0000

Marking Bits: (ParMarkBitMap*) 0x000000006fb86d90
 Begin Bits: [0x0000000012c30000, 0x0000000016c30000)
 End Bits:   [0x0000000016c30000, 0x000000001ac30000)

Polling page: 0x0000000000730000

CodeCache: size=245760Kb used=67477Kb max_used=68160Kb free=178282Kb
 bounds [0x0000000002700000, 0x0000000006a20000, 0x0000000011700000]
 total_blobs=18345 nmethods=17505 adapters=748
 compilation: enabled

Compilation events (10 events):
Event: 10248.655 Thread 0x000000001bddd000 23827       3       org.gradle.configuration.internal.DefaultListenerBuildOperationDecorator$Operation::<init> (15 bytes)
Event: 10248.656 Thread 0x000000001bddd000 nmethod 23827 0x0000000006743550 code [0x00000000067436a0, 0x0000000006743890]
Event: 10248.656 Thread 0x000000001bddd000 23828       3       org.gradle.configuration.internal.DefaultListenerBuildOperationDecorator$Operation::description (49 bytes)
Event: 10248.656 Thread 0x000000001bddd000 nmethod 23828 0x000000000290ec90 code [0x000000000290eea0, 0x000000000290fb78]
Event: 10248.656 Thread 0x000000001bddd000 23829       3       org.gradle.configuration.internal.ExecuteListenerBuildOperationType$DetailsImpl::<init> (15 bytes)
Event: 10248.656 Thread 0x000000001bddd000 nmethod 23829 0x0000000002cdd250 code [0x0000000002cdd3a0, 0x0000000002cdd590]
Event: 10248.674 Thread 0x000000001bddd000 23830       1       net.minecraftforge.gradle.common.util.Artifact::isSnapshot (5 bytes)
Event: 10248.675 Thread 0x000000001bddd000 nmethod 23830 0x0000000002cdcf90 code [0x0000000002cdd0e0, 0x0000000002cdd1f0]
Event: 10248.688 Thread 0x000000001bddd000 23831       1       java.lang.Thread::getId (5 bytes)
Event: 10248.688 Thread 0x000000001bddd000 nmethod 23831 0x00000000069d2490 code [0x00000000069d25e0, 0x00000000069d26f0]

GC Heap History (10 events):
Event: 8625.778 GC heap after
Heap after GC invocations=76 (full 5):
 PSYoungGen      total 1021440K, used 230415K [0x000000076ab00000, 0x00000007c0000000, 0x00000007c0000000)
  eden space 645120K, 0% used [0x000000076ab00000,0x000000076ab00000,0x0000000792100000)
  from space 376320K, 61% used [0x0000000792100000,0x00000007a0203ef8,0x00000007a9080000)
  to   space 361984K, 0% used [0x00000007a9e80000,0x00000007a9e80000,0x00000007c0000000)
 ParOldGen       total 941568K, used 733919K [0x00000006c0000000, 0x00000006f9780000, 0x000000076ab00000)
  object space 941568K, 77% used [0x00000006c0000000,0x00000006eccb7d98,0x00000006f9780000)
 Metaspace       used 145299K, capacity 149680K, committed 150144K, reserved 1179648K
  class space    used 19313K, capacity 19965K, committed 20096K, reserved 1048576K
}
Event: 9879.105 GC heap before
{Heap before GC invocations=77 (full 5):
 PSYoungGen      total 1021440K, used 874463K [0x000000076ab00000, 0x00000007c0000000, 0x00000007c0000000)
  eden space 645120K, 99% used [0x000000076ab00000,0x0000000791ff3ec8,0x0000000792100000)
  from space 376320K, 61% used [0x0000000792100000,0x00000007a0203ef8,0x00000007a9080000)
  to   space 361984K, 0% used [0x00000007a9e80000,0x00000007a9e80000,0x00000007c0000000)
 ParOldGen       total 941568K, used 733919K [0x00000006c0000000, 0x00000006f9780000, 0x000000076ab00000)
  object space 941568K, 77% used [0x00000006c0000000,0x00000006eccb7d98,0x00000006f9780000)
 Metaspace       used 145313K, capacity 149744K, committed 150144K, reserved 1179648K
  class space    used 19313K, capacity 19965K, committed 20096K, reserved 1048576K
Event: 9879.189 GC heap after
Heap after GC invocations=77 (full 5):
 PSYoungGen      total 984576K, used 224236K [0x000000076ab00000, 0x00000007bdc00000, 0x00000007c0000000)
  eden space 659456K, 0% used [0x000000076ab00000,0x000000076ab00000,0x0000000792f00000)
  from space 325120K, 68% used [0x00000007a9e80000,0x00000007b797b250,0x00000007bdc00000)
  to   space 350720K, 0% used [0x0000000792f00000,0x0000000792f00000,0x00000007a8580000)
 ParOldGen       total 941568K, used 740538K [0x00000006c0000000, 0x00000006f9780000, 0x000000076ab00000)
  object space 941568K, 78% used [0x00000006c0000000,0x00000006ed32e988,0x00000006f9780000)
 Metaspace       used 145313K, capacity 149744K, committed 150144K, reserved 1179648K
  class space    used 19313K, capacity 19965K, committed 20096K, reserved 1048576K
}
Event: 9881.508 GC heap before
{Heap before GC invocations=78 (full 5):
 PSYoungGen      total 984576K, used 883692K [0x000000076ab00000, 0x00000007bdc00000, 0x00000007c0000000)
  eden space 659456K, 100% used [0x000000076ab00000,0x0000000792f00000,0x0000000792f00000)
  from space 325120K, 68% used [0x00000007a9e80000,0x00000007b797b250,0x00000007bdc00000)
  to   space 350720K, 0% used [0x0000000792f00000,0x0000000792f00000,0x00000007a8580000)
 ParOldGen       total 941568K, used 740538K [0x00000006c0000000, 0x00000006f9780000, 0x000000076ab00000)
  object space 941568K, 78% used [0x00000006c0000000,0x00000006ed32e988,0x00000006f9780000)
 Metaspace       used 149347K, capacity 153888K, committed 154240K, reserved 1183744K
  class space    used 19871K, capacity 20527K, committed 20608K, reserved 1048576K
Event: 9881.659 GC heap after
Heap after GC invocations=78 (full 5):
 PSYoungGen      total 1010176K, used 252770K [0x000000076ab00000, 0x00000007c0000000, 0x00000007c0000000)
  eden space 659456K, 0% used [0x000000076ab00000,0x000000076ab00000,0x0000000792f00000)
  from space 350720K, 72% used [0x0000000792f00000,0x00000007a25d8b18,0x00000007a8580000)
  to   space 346624K, 0% used [0x00000007aad80000,0x00000007aad80000,0x00000007c0000000)
 ParOldGen       total 941568K, used 779847K [0x00000006c0000000, 0x00000006f9780000, 0x000000076ab00000)
  object space 941568K, 82% used [0x00000006c0000000,0x00000006ef991d70,0x00000006f9780000)
 Metaspace       used 149347K, capacity 153888K, committed 154240K, reserved 1183744K
  class space    used 19871K, capacity 20527K, committed 20608K, reserved 1048576K
}
Event: 9885.288 GC heap before
{Heap before GC invocations=79 (full 5):
 PSYoungGen      total 1010176K, used 912214K [0x000000076ab00000, 0x00000007c0000000, 0x00000007c0000000)
  eden space 659456K, 99% used [0x000000076ab00000,0x0000000792efd080,0x0000000792f00000)
  from space 350720K, 72% used [0x0000000792f00000,0x00000007a25d8b18,0x00000007a8580000)
  to   space 346624K, 0% used [0x00000007aad80000,0x00000007aad80000,0x00000007c0000000)
 ParOldGen       total 941568K, used 779847K [0x00000006c0000000, 0x00000006f9780000, 0x000000076ab00000)
  object space 941568K, 82% used [0x00000006c0000000,0x00000006ef991d70,0x00000006f9780000)
 Metaspace       used 149464K, capacity 153994K, committed 154240K, reserved 1183744K
  class space    used 19886K, capacity 20560K, committed 20608K, reserved 1048576K
Event: 9885.371 GC heap after
Heap after GC invocations=79 (full 5):
 PSYoungGen      total 1032704K, used 197055K [0x000000076ab00000, 0x00000007bf200000, 0x00000007c0000000)
  eden space 700416K, 0% used [0x000000076ab00000,0x000000076ab00000,0x0000000795700000)
  from space 332288K, 59% used [0x00000007aad80000,0x00000007b6deffb8,0x00000007bf200000)
  to   space 341504K, 0% used [0x0000000795700000,0x0000000795700000,0x00000007aa480000)
 ParOldGen       total 941568K, used 824549K [0x00000006c0000000, 0x00000006f9780000, 0x000000076ab00000)
  object space 941568K, 87% used [0x00000006c0000000,0x00000006f2539658,0x00000006f9780000)
 Metaspace       used 149464K, capacity 153994K, committed 154240K, reserved 1183744K
  class space    used 19886K, capacity 20560K, committed 20608K, reserved 1048576K
}
Event: 10248.726 GC heap before
{Heap before GC invocations=80 (full 5):
 PSYoungGen      total 1032704K, used 894265K [0x000000076ab00000, 0x00000007bf200000, 0x00000007c0000000)
  eden space 700416K, 99% used [0x000000076ab00000,0x00000007953de480,0x0000000795700000)
  from space 332288K, 59% used [0x00000007aad80000,0x00000007b6deffb8,0x00000007bf200000)
  to   space 341504K, 0% used [0x0000000795700000,0x0000000795700000,0x00000007aa480000)
 ParOldGen       total 941568K, used 824549K [0x00000006c0000000, 0x00000006f9780000, 0x000000076ab00000)
  object space 941568K, 87% used [0x00000006c0000000,0x00000006f2539658,0x00000006f9780000)
 Metaspace       used 149471K, capacity 153994K, committed 154240K, reserved 1183744K
  class space    used 19886K, capacity 20560K, committed 20608K, reserved 1048576K
Event: 10248.793 GC heap after
Heap after GC invocations=80 (full 5):
 PSYoungGen      total 1041920K, used 159178K [0x000000076ab00000, 0x00000007c0000000, 0x00000007c0000000)
  eden space 700416K, 0% used [0x000000076ab00000,0x000000076ab00000,0x0000000795700000)
  from space 341504K, 46% used [0x0000000795700000,0x000000079f272888,0x00000007aa480000)
  to   space 342528K, 0% used [0x00000007ab180000,0x00000007ab180000,0x00000007c0000000)
 ParOldGen       total 941568K, used 869258K [0x00000006c0000000, 0x00000006f9780000, 0x000000076ab00000)
  object space 941568K, 92% used [0x00000006c0000000,0x00000006f50e2888,0x00000006f9780000)
 Metaspace       used 149471K, capacity 153994K, committed 154240K, reserved 1183744K
  class space    used 19886K, capacity 20560K, committed 20608K, reserved 1048576K
}
Event: 10248.793 GC heap before
{Heap before GC invocations=81 (full 6):
 PSYoungGen      total 1041920K, used 159178K [0x000000076ab00000, 0x00000007c0000000, 0x00000007c0000000)
  eden space 700416K, 0% used [0x000000076ab00000,0x000000076ab00000,0x0000000795700000)
  from space 341504K, 46% used [0x0000000795700000,0x000000079f272888,0x00000007aa480000)
  to   space 342528K, 0% used [0x00000007ab180000,0x00000007ab180000,0x00000007c0000000)
 ParOldGen       total 941568K, used 869258K [0x00000006c0000000, 0x00000006f9780000, 0x000000076ab00000)
  object space 941568K, 92% used [0x00000006c0000000,0x00000006f50e2888,0x00000006f9780000)
 Metaspace       used 149471K, capacity 153994K, committed 154240K, reserved 1183744K
  class space    used 19886K, capacity 20560K, committed 20608K, reserved 1048576K

Deoptimization events (10 events):
Event: 9881.813 Thread 0x0000000024760800 Uncommon trap: reason=unstable_if action=reinterpret pc=0x00000000041abe28 method=com.sun.tools.javac.code.Scope.remove(Lcom/sun/tools/javac/code/Symbol;)V @ 118
Event: 9881.819 Thread 0x0000000024760800 Uncommon trap: reason=class_check action=maybe_recompile pc=0x000000000635d07c method=com.sun.tools.javac.comp.Lower.visitClassDef(Lcom/sun/tools/javac/tree/JCTree$JCClassDecl;)V @ 235
Event: 9882.078 Thread 0x0000000024768000 Uncommon trap: reason=unstable_if action=reinterpret pc=0x0000000003886ab0 method=java.lang.ref.SoftReference.get()Ljava/lang/Object; @ 6
Event: 9882.081 Thread 0x0000000024768000 Uncommon trap: reason=null_check action=make_not_entrant pc=0x0000000005eb8828 method=org.gradle.api.internal.AbstractClassGenerator.generateUnderLock(Ljava/lang/Class;)Ljava/lang/Class; @ 51
Event: 9882.081 Thread 0x0000000024768000 Uncommon trap: reason=unstable_if action=reinterpret pc=0x0000000003f4b414 method=java.lang.ref.SoftReference.get()Ljava/lang/Object; @ 6
Event: 9882.081 Thread 0x0000000024768000 Uncommon trap: reason=unstable_if action=reinterpret pc=0x0000000002839180 method=java.lang.ref.SoftReference.get()Ljava/lang/Object; @ 6
Event: 9882.082 Thread 0x0000000024768000 Uncommon trap: reason=unstable_if action=reinterpret pc=0x0000000003c3e754 method=java.lang.ref.SoftReference.get()Ljava/lang/Object; @ 6
Event: 9882.082 Thread 0x0000000024768000 Uncommon trap: reason=unstable_if action=reinterpret pc=0x0000000003bc9d68 method=java.lang.ref.SoftReference.get()Ljava/lang/Object; @ 6
Event: 9882.082 Thread 0x0000000024768000 Uncommon trap: reason=unstable_if action=reinterpret pc=0x0000000002822af4 method=java.lang.ref.SoftReference.get()Ljava/lang/Object; @ 6
Event: 9882.083 Thread 0x0000000024768000 Uncommon trap: reason=unstable_if action=reinterpret pc=0x0000000005f853a8 method=java.lang.ref.SoftReference.get()Ljava/lang/Object; @ 6

Classes redefined (0 events):
No events

Internal exceptions (10 events):
Event: 9881.045 Thread 0x0000000024760800 Exception <a 'java/lang/NoSuchMethodError'> (0x000000078698e868) thrown at [C:\re\workspace\8-2-build-windows-amd64-cygwin\jdk8u231\13620\hotspot\src\share\vm\oops\instanceKlass.cpp, line 959]
Event: 9881.045 Thread 0x0000000024760800 Exception <a 'java/lang/NoSuchMethodError'> (0x000000078698e868) thrown at [C:\re\workspace\8-2-build-windows-amd64-cygwin\jdk8u231\13620\hotspot\src\share\vm\oops\instanceKlass.cpp, line 959]
Event: 9881.047 Thread 0x0000000024760800 Exception <a 'java/lang/NoClassDefFoundError': org/fusesource/jansi/Ansi> (0x00000007869c2f10) thrown at [C:\re\workspace\8-2-build-windows-amd64-cygwin\jdk8u231\13620\hotspot\src\share\vm\classfile\systemDictionary.cpp, line 199]
Event: 9882.078 Thread 0x0000000024768000 Implicit null exception at 0x0000000003885200 to 0x0000000003886a99
Event: 9882.081 Thread 0x0000000024768000 Implicit null exception at 0x0000000003f4adc4 to 0x0000000003f4b3f5
Event: 9882.081 Thread 0x0000000024768000 Implicit null exception at 0x000000000283871b to 0x000000000283915d
Event: 9882.082 Thread 0x0000000024768000 Implicit null exception at 0x0000000003c3e104 to 0x0000000003c3e735
Event: 9882.082 Thread 0x0000000024768000 Implicit null exception at 0x0000000003bc99e6 to 0x0000000003bc9d4d
Event: 9882.082 Thread 0x0000000024768000 Implicit null exception at 0x0000000002822758 to 0x0000000002822add
Event: 9882.083 Thread 0x0000000024768000 Implicit null exception at 0x0000000005f83280 to 0x0000000005f85391

Events (10 events):
Event: 10248.420 Executing VM operation: RevokeBias
Event: 10248.420 Executing VM operation: RevokeBias done
Event: 10248.420 Thread 0x0000000024762800 Thread exited: 0x0000000024762800
Event: 10248.542 Thread 0x0000000024767000 Thread added: 0x0000000024767000
Event: 10248.632 Thread 0x0000000024762800 Thread added: 0x0000000024762800
Event: 10248.632 Executing VM operation: RevokeBias
Event: 10248.632 Executing VM operation: RevokeBias done
Event: 10248.632 Thread 0x0000000024762800 Thread exited: 0x0000000024762800
Event: 10248.653 Thread 0x0000000024762800 Thread added: 0x0000000024762800
Event: 10248.726 Executing VM operation: ParallelGCFailedAllocation


Dynamic libraries:
0x00007ff6b3a20000 - 0x00007ff6b3a57000 	C:\Program Files\Java\jdk1.8.0_231\bin\java.exe
0x00007ffe66ab0000 - 0x00007ffe66ca6000 	C:\WINDOWS\SYSTEM32\ntdll.dll
0x00007ffe65150000 - 0x00007ffe6520d000 	C:\WINDOWS\System32\KERNEL32.DLL
0x00007ffe64380000 - 0x00007ffe64648000 	C:\WINDOWS\System32\KERNELBASE.dll
0x00007ffe65dd0000 - 0x00007ffe65e7c000 	C:\WINDOWS\System32\ADVAPI32.dll
0x00007ffe64b10000 - 0x00007ffe64bae000 	C:\WINDOWS\System32\msvcrt.dll
0x00007ffe669d0000 - 0x00007ffe66a6b000 	C:\WINDOWS\System32\sechost.dll
0x00007ffe65c30000 - 0x00007ffe65d54000 	C:\WINDOWS\System32\RPCRT4.dll
0x00007ffe65410000 - 0x00007ffe655b0000 	C:\WINDOWS\System32\USER32.dll
0x00007ffe641f0000 - 0x00007ffe64212000 	C:\WINDOWS\System32\win32u.dll
0x00007ffe655b0000 - 0x00007ffe655da000 	C:\WINDOWS\System32\GDI32.dll
0x00007ffe647a0000 - 0x00007ffe648a9000 	C:\WINDOWS\System32\gdi32full.dll
0x00007ffe64a70000 - 0x00007ffe64b0d000 	C:\WINDOWS\System32\msvcp_win.dll
0x00007ffe646a0000 - 0x00007ffe647a0000 	C:\WINDOWS\System32\ucrtbase.dll
0x00007ffe52560000 - 0x00007ffe527fb000 	C:\WINDOWS\WinSxS\amd64_microsoft.windows.common-controls_6595b64144ccf1df_6.0.19041.488_none_ca04af081b815d21\COMCTL32.dll
0x00007ffe655e0000 - 0x00007ffe65610000 	C:\WINDOWS\System32\IMM32.DLL
0x000000006fc10000 - 0x000000006fce2000 	C:\Program Files\Java\jdk1.8.0_231\jre\bin\msvcr100.dll
0x000000006f360000 - 0x000000006fc06000 	C:\Program Files\Java\jdk1.8.0_231\jre\bin\server\jvm.dll
0x00007ffe66960000 - 0x00007ffe66968000 	C:\WINDOWS\System32\PSAPI.DLL
0x00007ffe553e0000 - 0x00007ffe553e9000 	C:\WINDOWS\SYSTEM32\WSOCK32.dll
0x00007ffe5b5b0000 - 0x00007ffe5b5d7000 	C:\WINDOWS\SYSTEM32\WINMM.dll
0x00007ffe5e540000 - 0x00007ffe5e54a000 	C:\WINDOWS\SYSTEM32\VERSION.dll
0x00007ffe65d60000 - 0x00007ffe65dcb000 	C:\WINDOWS\System32\WS2_32.dll
0x00007ffe42250000 - 0x00007ffe4225f000 	C:\Program Files\Java\jdk1.8.0_231\jre\bin\verify.dll
0x00007ffe1cef0000 - 0x00007ffe1cf19000 	C:\Program Files\Java\jdk1.8.0_231\jre\bin\java.dll
0x00007ffe1ced0000 - 0x00007ffe1cee6000 	C:\Program Files\Java\jdk1.8.0_231\jre\bin\zip.dll
0x00007ffe65fb0000 - 0x00007ffe666f1000 	C:\WINDOWS\System32\SHELL32.dll
0x00007ffe62360000 - 0x00007ffe62af5000 	C:\WINDOWS\SYSTEM32\windows.storage.dll
0x00007ffe64bb0000 - 0x00007ffe64f05000 	C:\WINDOWS\System32\combase.dll
0x00007ffe63c60000 - 0x00007ffe63c8c000 	C:\WINDOWS\SYSTEM32\Wldp.dll
0x00007ffe668b0000 - 0x00007ffe6695e000 	C:\WINDOWS\System32\SHCORE.dll
0x00007ffe65020000 - 0x00007ffe65075000 	C:\WINDOWS\System32\shlwapi.dll
0x00007ffe64120000 - 0x00007ffe64146000 	C:\WINDOWS\SYSTEM32\profapi.dll
0x00007ffe1ceb0000 - 0x00007ffe1ceca000 	C:\Program Files\Java\jdk1.8.0_231\jre\bin\net.dll
0x00007ffe639e0000 - 0x00007ffe63a4a000 	C:\WINDOWS\system32\mswsock.dll
0x00007ffe1c1f0000 - 0x00007ffe1c202000 	C:\Program Files\Java\jdk1.8.0_231\jre\bin\nio.dll
0x00007ffe40c00000 - 0x00007ffe40c1e000 	C:\Users\UNKNOWN\.gradle\native\25\windows-amd64\native-platform.dll
0x00007ffe37130000 - 0x00007ffe3713d000 	C:\Program Files\Java\jdk1.8.0_231\jre\bin\management.dll
0x00007ffe63bb0000 - 0x00007ffe63bc8000 	C:\WINDOWS\SYSTEM32\CRYPTSP.dll
0x00007ffe63300000 - 0x00007ffe63334000 	C:\WINDOWS\system32\rsaenh.dll
0x00007ffe64350000 - 0x00007ffe64377000 	C:\WINDOWS\System32\bcrypt.dll
0x00007ffe640a0000 - 0x00007ffe640ce000 	C:\WINDOWS\SYSTEM32\USERENV.dll
0x00007ffe642d0000 - 0x00007ffe6434f000 	C:\WINDOWS\System32\bcryptprimitives.dll
0x00007ffe63bd0000 - 0x00007ffe63bdc000 	C:\WINDOWS\SYSTEM32\CRYPTBASE.dll
0x00007ffe63680000 - 0x00007ffe636bb000 	C:\WINDOWS\SYSTEM32\IPHLPAPI.DLL
0x00007ffe668a0000 - 0x00007ffe668a8000 	C:\WINDOWS\System32\NSI.dll
0x00007ffe5e5a0000 - 0x00007ffe5e5b7000 	C:\WINDOWS\SYSTEM32\dhcpcsvc6.DLL
0x00007ffe5e580000 - 0x00007ffe5e59d000 	C:\WINDOWS\SYSTEM32\dhcpcsvc.DLL
0x00007ffe636d0000 - 0x00007ffe6379b000 	C:\WINDOWS\SYSTEM32\DNSAPI.dll
0x00007ffe1c850000 - 0x00007ffe1c874000 	C:\Program Files\Java\jdk1.8.0_231\jre\bin\sunec.dll
0x00007ffe3fa30000 - 0x00007ffe3fa3b000 	C:\Program Files\Java\jdk1.8.0_231\jre\bin\sunmscapi.dll
0x00007ffe64910000 - 0x00007ffe64a6d000 	C:\WINDOWS\System32\CRYPT32.dll
0x00007ffe5d880000 - 0x00007ffe5d88a000 	C:\Windows\System32\rasadhlp.dll
0x00007ffe58110000 - 0x00007ffe5818f000 	C:\WINDOWS\System32\fwpuclnt.dll
0x00007ffe1c830000 - 0x00007ffe1c847000 	C:\WINDOWS\system32\napinsp.dll
0x00007ffe1c810000 - 0x00007ffe1c82b000 	C:\WINDOWS\system32\pnrpnsp.dll
0x00007ffe43340000 - 0x00007ffe43355000 	C:\WINDOWS\system32\wshbth.dll
0x00007ffe60060000 - 0x00007ffe6007d000 	C:\WINDOWS\system32\NLAapi.dll
0x00007ffe1c7f0000 - 0x00007ffe1c802000 	C:\WINDOWS\System32\winrnr.dll
0x00007ffe5e810000 - 0x00007ffe5e9f4000 	C:\WINDOWS\SYSTEM32\dbghelp.dll

VM Arguments:
jvm_args: -Xmx4G -Dfile.encoding=windows-1252 -Duser.country=IT -Duser.language=it -Duser.variant 
java_command: org.gradle.launcher.daemon.bootstrap.GradleDaemon 4.10.3
java_class_path (initial): C:\Users\UNKNOWN\.gradle\wrapper\dists\gradle-4.10.3-bin\31t79e2qsceia4mkbojplrgx\gradle-4.10.3\lib\gradle-launcher-4.10.3.jar
Launcher Type: SUN_STANDARD

Environment Variables:
PATH=C:\Program Files (x86)\NVIDIA Corporation\PhysX\Common;C:\Program Files (x86)\Common Files\Oracle\Java\javapath;C:\WINDOWS\system32;C:\WINDOWS;C:\WINDOWS\System32\Wbem;C:\WINDOWS\System32\WindowsPowerShell\v1.0\;C:\WINDOWS\System32\OpenSSH\;C:\Program Files\Java\jdk1.8.0_231\bin;E:\Storage10\Programs10\Matlab\runtime\win64;E:\Storage10\Programs10\Matlab\bin;E:\Storage10\Programs10\Matlab\polyspace\bin;E:\Storage10\Programs10\Git\cmd;C:\Program Files\dotnet\;E:\Storage10\Programmi (x86)\Python36\Scripts\;E:\Storage10\Programmi (x86)\Python36\;C:\Users\UNKNOWN\AppData\Local\Microsoft\WindowsApps;;E:\Storage10\Programs10\JetBrains\IntelliJ IDEA Community Edition 2020.2\bin;;C:\Users\UNKNOWN\.dotnet\tools;E:\Storage10\Programs10\Microsoft VS Code\bin
USERNAME=UNKNOWN
OS=Windows_NT
PROCESSOR_IDENTIFIER=Intel64 Family 6 Model 94 Stepping 3, GenuineIntel



---------------  S Y S T E M  ---------------

OS: Windows 10.0 , 64 bit Build 19041 (10.0.19041.546)

CPU:total 4 (initial active 4) (4 cores per cpu, 1 threads per core) family 6 model 94 stepping 3, cmov, cx8, fxsr, mmx, sse, sse2, sse3, ssse3, sse4.1, sse4.2, popcnt, avx, avx2, aes, clmul, erms, rtm, 3dnowpref, lzcnt, tsc, tscinvbit, bmi1, bmi2, adx

Memory: 4k page, physical 16696244k(7889104k free), swap 25625524k(11880500k free)

vm_info: Java HotSpot(TM) 64-Bit Server VM (25.231-b11) for windows-amd64 JRE (1.8.0_231-b11), built on Oct  5 2019 03:11:30 by "java_re" with MS VC++ 10.0 (VS2010)

time: Wed Dec 09 13:16:46 2020
timezone: ora solare Europa occidentale
elapsed time: 10248 seconds (0d 2h 50m 48s)

