#
# A fatal error has been detected by the Java Runtime Environment:
#
#  EXCEPTION_ACCESS_VIOLATION (0xc0000005) at pc=0x000000005bcdae84, pid=9368, tid=0x0000000000002e10
#
# JRE version: Java(TM) SE Runtime Environment (8.0_261-b12) (build 1.8.0_261-b12)
# Java VM: Java HotSpot(TM) 64-Bit Server VM (25.261-b12 mixed mode windows-amd64 compressed oops)
# Problematic frame:
# V  [jvm.dll+0x49ae84]
#
# Failed to write core dump. Minidumps are not enabled by default on client versions of Windows
#
# If you would like to submit a bug report, please visit:
#   http://bugreport.java.com/bugreport/crash.jsp
#

---------------  T H R E A D  ---------------

Current thread (0x000001ea5f65d800):  JavaThread "C2 CompilerThread1" daemon [_thread_in_native, id=11792, stack(0x0000006396b00000,0x0000006396c00000)]

siginfo: ExceptionCode=0xc0000005, reading address 0x000001aa6566d748

Registers:
RAX=0x000001aa6566d740, RBX=0x0000006396bfb070, RCX=0x000001ea6566d710, RDX=0x0000000000000001
RSP=0x0000006396bfaee0, RBP=0x0000000000000000, RSI=0x000001ea6566d770, RDI=0x0000000000000008
R8 =0x000001ea637dff10, R9 =0x0000006396bfaf30, R10=0x000000005c0356f0, R11=0x000000005b840000
R12=0x0000000000000001, R13=0x000001ea637dff10, R14=0x000001ea637dff10, R15=0x0000000000000001
RIP=0x000000005bcdae84, EFLAGS=0x0000000000010202

Top of Stack: (sp=0x0000006396bfaee0)
0x0000006396bfaee0:   0000006396bfb070 00000000000015a6
0x0000006396bfaef0:   0000006396bfb070 0000006396bfaf30
0x0000006396bfaf00:   0000000000000008 000001ea5f5c2540
0x0000006396bfaf10:   000001ea61989f80 000000000033c510
0x0000006396bfaf20:   000001ea61989fd0 000001ea61991f68
0x0000006396bfaf30:   000000005be8b8f0 000001ea5f5c2540
0x0000006396bfaf40:   0000000000000040 000001ea5f654e60
0x0000006396bfaf50:   0000000000180ba0 0000000000000001
0x0000006396bfaf60:   00000000000003d8 0000006396bfb408
0x0000006396bfaf70:   0000000000000000 0000006396bfb0a0
0x0000006396bfaf80:   0000006396bfb320 000001ea602f7370
0x0000006396bfaf90:   000001ea602f7380 000000005bc86915
0x0000006396bfafa0:   0000006300000203 0000006300000001
0x0000006396bfafb0:   000001ea637dff10 000001ea6566d770
0x0000006396bfafc0:   0000006300000006 000001ea602f7370
0x0000006396bfafd0:   000001ea656ea410 000001ea656eb0e0 

Instructions: (pc=0x000000005bcdae84)
0x000000005bcdae64:   eb 02 33 c9 41 8b c4 4c 8d 4c 24 50 48 8d 3c c5
0x000000005bcdae74:   00 00 00 00 4d 8b c5 48 8b 41 08 48 89 7c 24 20
0x000000005bcdae84:   48 8b 0c 38 48 8b 43 38 8b 51 28 48 8b 48 68 4c
0x000000005bcdae94:   8b 34 d1 48 8b cb 49 8b d6 e8 1e f7 ff ff 41 8b 


Register to memory mapping:

RAX=0x000001aa6566d740 is an unknown value
RBX=0x0000006396bfb070 is pointing into the stack for thread: 0x000001ea5f65d800
RCX=0x000001ea6566d710 is an unknown value
RDX=0x0000000000000001 is an unknown value
RSP=0x0000006396bfaee0 is pointing into the stack for thread: 0x000001ea5f65d800
RBP=0x0000000000000000 is an unknown value
RSI=0x000001ea6566d770 is an unknown value
RDI=0x0000000000000008 is an unknown value
R8 =0x000001ea637dff10 is an unknown value
R9 =0x0000006396bfaf30 is pointing into the stack for thread: 0x000001ea5f65d800
R10=0x000000005c0356f0 is an unknown value
R11=0x000000005b840000 is an unknown value
R12=0x0000000000000001 is an unknown value
R13=0x000001ea637dff10 is an unknown value
R14=0x000001ea637dff10 is an unknown value
R15=0x0000000000000001 is an unknown value


Stack: [0x0000006396b00000,0x0000006396c00000],  sp=0x0000006396bfaee0,  free space=1003k
Native frames: (J=compiled Java code, j=interpreted, Vv=VM code, C=native code)


Current CompileTask:
C2:   7710 1994       4       java.net.URLClassLoader$1::run (5 bytes)


---------------  P R O C E S S  ---------------

Java Threads: ( => current thread )
  0x000001ea60d60000 JavaThread "Cache worker for journal cache (C:\Users\UNKNOWN\.gradle\caches\journal-1)" [_thread_blocked, id=4800, stack(0x0000006397b00000,0x0000006397c00000)]
  0x000001ea60d5c800 JavaThread "Cache worker for file hash cache (C:\Users\UNKNOWN\IdeaProjects\MinecraftModding\Supplementaries\.gradle\4.10.3\fileHashes)" [_thread_blocked, id=2128, stack(0x0000006397a00000,0x0000006397b00000)]
  0x000001ea60d63000 JavaThread "File lock request listener" [_thread_in_native, id=11968, stack(0x0000006397900000,0x0000006397a00000)]
  0x000001ea60d5e000 JavaThread "Cache worker for file hash cache (C:\Users\UNKNOWN\.gradle\caches\4.10.3\fileHashes)" [_thread_blocked, id=6240, stack(0x0000006397800000,0x0000006397900000)]
  0x000001ea602e0800 JavaThread "Stdin handler" [_thread_blocked, id=3220, stack(0x0000006397700000,0x0000006397800000)]
  0x000001ea602dc000 JavaThread "Asynchronous log dispatcher for DefaultDaemonConnection: socket connection from /127.0.0.1:52829 to /127.0.0.1:52830" [_thread_blocked, id=11444, stack(0x0000006397600000,0x0000006397700000)]
  0x000001ea60a3e800 JavaThread "Daemon worker" [_thread_in_Java, id=652, stack(0x0000006397500000,0x0000006397600000)]
  0x000001ea6188c000 JavaThread "Cancel handler" [_thread_blocked, id=11932, stack(0x0000006397400000,0x0000006397500000)]
  0x000001ea6188b000 JavaThread "Handler for socket connection from /127.0.0.1:52829 to /127.0.0.1:52830" [_thread_in_native, id=10632, stack(0x0000006397300000,0x0000006397400000)]
  0x000001ea61885000 JavaThread "Daemon" [_thread_blocked, id=3196, stack(0x0000006397200000,0x0000006397300000)]
  0x000001ea6189b000 JavaThread "Daemon periodic checks" [_thread_blocked, id=10620, stack(0x0000006397100000,0x0000006397200000)]
  0x000001ea6189a000 JavaThread "Incoming local TCP Connector on port 52829" [_thread_in_native, id=10980, stack(0x0000006397000000,0x0000006397100000)]
  0x000001ea617ed800 JavaThread "Daemon health stats" [_thread_blocked, id=4736, stack(0x0000006396f00000,0x0000006397000000)]
  0x000001ea5f664800 JavaThread "Service Thread" daemon [_thread_blocked, id=4636, stack(0x0000006396d00000,0x0000006396e00000)]
  0x000001ea5f660800 JavaThread "C1 CompilerThread2" daemon [_thread_blocked, id=6168, stack(0x0000006396c00000,0x0000006396d00000)]
=>0x000001ea5f65d800 JavaThread "C2 CompilerThread1" daemon [_thread_in_native, id=11792, stack(0x0000006396b00000,0x0000006396c00000)]
  0x000001ea5f5fd800 JavaThread "C2 CompilerThread0" daemon [_thread_in_native, id=7676, stack(0x0000006396a00000,0x0000006396b00000)]
  0x000001ea5f5fb800 JavaThread "Attach Listener" daemon [_thread_blocked, id=2896, stack(0x0000006396900000,0x0000006396a00000)]
  0x000001ea5f5fa000 JavaThread "Signal Dispatcher" daemon [_thread_blocked, id=10328, stack(0x0000006396800000,0x0000006396900000)]
  0x000001ea5f5e6800 JavaThread "Finalizer" daemon [_thread_blocked, id=7488, stack(0x0000006396700000,0x0000006396800000)]
  0x000001ea5eead000 JavaThread "Reference Handler" daemon [_thread_blocked, id=4876, stack(0x0000006396600000,0x0000006396700000)]
  0x000001ea44280000 JavaThread "main" [_thread_blocked, id=2748, stack(0x0000006395f00000,0x0000006396000000)]

Other Threads:
  0x000001ea5f5c3000 VMThread [stack: 0x0000006396500000,0x0000006396600000] [id=8132]
  0x000001ea5f672800 WatcherThread [stack: 0x0000006396e00000,0x0000006396f00000] [id=4088]

VM state:not at safepoint (normal execution)

VM Mutex/Monitor currently owned by a thread: None

heap address: 0x00000006c0000000, size: 4096 MB, Compressed Oops mode: Zero based, Oop shift amount: 3
Narrow klass base: 0x0000000000000000, Narrow klass shift: 3
Compressed class space size: 1073741824 Address: 0x00000007c0000000

Heap:
 PSYoungGen      total 76288K, used 9882K [0x000000076ab00000, 0x0000000772c80000, 0x00000007c0000000)
  eden space 65536K, 4% used [0x000000076ab00000,0x000000076ade9de8,0x000000076eb00000)
  from space 10752K, 64% used [0x000000076f580000,0x000000076fc3cb40,0x0000000770000000)
  to   space 10752K, 0% used [0x000000076eb00000,0x000000076eb00000,0x000000076f580000)
 ParOldGen       total 95744K, used 9316K [0x00000006c0000000, 0x00000006c5d80000, 0x000000076ab00000)
  object space 95744K, 9% used [0x00000006c0000000,0x00000006c09191e8,0x00000006c5d80000)
 Metaspace       used 26514K, capacity 26908K, committed 27264K, reserved 1073152K
  class space    used 3738K, capacity 3876K, committed 3968K, reserved 1048576K

Card table byte_map: [0x000001ea55000000,0x000001ea55810000] byte_map_base: 0x000001ea51a00000

Marking Bits: (ParMarkBitMap*) 0x000000005c034fb0
 Begin Bits: [0x000001ea55d70000, 0x000001ea59d70000)
 End Bits:   [0x000001ea59d70000, 0x000001ea5dd70000)

Polling page: 0x000001ea45c10000

CodeCache: size=245760Kb used=7750Kb max_used=7750Kb free=238009Kb
 bounds [0x000001ea45c40000, 0x000001ea463e0000, 0x000001ea54c40000]
 total_blobs=2636 nmethods=1978 adapters=570
 compilation: enabled

Compilation events (10 events):
Event: 7.698 Thread 0x000001ea5f660800 2125       3       org.codehaus.groovy.reflection.GroovyClassValuePreJava7$EntryWithValue::<init> (27 bytes)
Event: 7.698 Thread 0x000001ea5f660800 nmethod 2125 0x000001ea463d2310 code [0x000001ea463d2540, 0x000001ea463d2fe0]
Event: 7.698 Thread 0x000001ea5f660800 2126       3       org.codehaus.groovy.reflection.CachedClass$4::initValue (5 bytes)
Event: 7.698 Thread 0x000001ea5f660800 nmethod 2126 0x000001ea463d3ad0 code [0x000001ea463d3c40, 0x000001ea463d3df0]
Event: 7.698 Thread 0x000001ea5f660800 2127       3       org.codehaus.groovy.reflection.CachedClass::getMethods (11 bytes)
Event: 7.699 Thread 0x000001ea5f660800 nmethod 2127 0x000001ea463d3e90 code [0x000001ea463d4000, 0x000001ea463d4310]
Event: 7.700 Thread 0x000001ea5f660800 2129       3       java.util.Arrays$ArrayList::indexOf (62 bytes)
Event: 7.701 Thread 0x000001ea5f660800 nmethod 2129 0x000001ea463d4410 code [0x000001ea463d45a0, 0x000001ea463d4a50]
Event: 7.701 Thread 0x000001ea5f660800 2128       3       java.util.Arrays$ArrayList::contains (15 bytes)
Event: 7.701 Thread 0x000001ea5f660800 nmethod 2128 0x000001ea463d4c10 code [0x000001ea463d4d80, 0x000001ea463d4f70]

GC Heap History (10 events):
Event: 5.509 GC heap before
{Heap before GC invocations=1 (full 0):
 PSYoungGen      total 76288K, used 65536K [0x000000076ab00000, 0x0000000770000000, 0x00000007c0000000)
  eden space 65536K, 100% used [0x000000076ab00000,0x000000076eb00000,0x000000076eb00000)
  from space 10752K, 0% used [0x000000076f580000,0x000000076f580000,0x0000000770000000)
  to   space 10752K, 0% used [0x000000076eb00000,0x000000076eb00000,0x000000076f580000)
 ParOldGen       total 175104K, used 0K [0x00000006c0000000, 0x00000006cab00000, 0x000000076ab00000)
  object space 175104K, 0% used [0x00000006c0000000,0x00000006c0000000,0x00000006cab00000)
 Metaspace       used 8938K, capacity 9258K, committed 9600K, reserved 1056768K
  class space    used 1227K, capacity 1297K, committed 1408K, reserved 1048576K
Event: 5.515 GC heap after
Heap after GC invocations=1 (full 0):
 PSYoungGen      total 76288K, used 6787K [0x000000076ab00000, 0x0000000770000000, 0x00000007c0000000)
  eden space 65536K, 0% used [0x000000076ab00000,0x000000076ab00000,0x000000076eb00000)
  from space 10752K, 63% used [0x000000076eb00000,0x000000076f1a0d58,0x000000076f580000)
  to   space 10752K, 0% used [0x000000076f580000,0x000000076f580000,0x0000000770000000)
 ParOldGen       total 175104K, used 16K [0x00000006c0000000, 0x00000006cab00000, 0x000000076ab00000)
  object space 175104K, 0% used [0x00000006c0000000,0x00000006c0004000,0x00000006cab00000)
 Metaspace       used 8938K, capacity 9258K, committed 9600K, reserved 1056768K
  class space    used 1227K, capacity 1297K, committed 1408K, reserved 1048576K
}
Event: 6.842 GC heap before
{Heap before GC invocations=2 (full 0):
 PSYoungGen      total 76288K, used 72323K [0x000000076ab00000, 0x0000000770000000, 0x00000007c0000000)
  eden space 65536K, 100% used [0x000000076ab00000,0x000000076eb00000,0x000000076eb00000)
  from space 10752K, 63% used [0x000000076eb00000,0x000000076f1a0d58,0x000000076f580000)
  to   space 10752K, 0% used [0x000000076f580000,0x000000076f580000,0x0000000770000000)
 ParOldGen       total 175104K, used 16K [0x00000006c0000000, 0x00000006cab00000, 0x000000076ab00000)
  object space 175104K, 0% used [0x00000006c0000000,0x00000006c0004000,0x00000006cab00000)
 Metaspace       used 15805K, capacity 16192K, committed 16384K, reserved 1062912K
  class space    used 2337K, capacity 2484K, committed 2560K, reserved 1048576K
Event: 6.855 GC heap after
Heap after GC invocations=2 (full 0):
 PSYoungGen      total 76288K, used 10598K [0x000000076ab00000, 0x0000000770000000, 0x00000007c0000000)
  eden space 65536K, 0% used [0x000000076ab00000,0x000000076ab00000,0x000000076eb00000)
  from space 10752K, 98% used [0x000000076f580000,0x000000076ffd9860,0x0000000770000000)
  to   space 10752K, 0% used [0x000000076eb00000,0x000000076eb00000,0x000000076f580000)
 ParOldGen       total 175104K, used 24K [0x00000006c0000000, 0x00000006cab00000, 0x000000076ab00000)
  object space 175104K, 0% used [0x00000006c0000000,0x00000006c0006000,0x00000006cab00000)
 Metaspace       used 15805K, capacity 16192K, committed 16384K, reserved 1062912K
  class space    used 2337K, capacity 2484K, committed 2560K, reserved 1048576K
}
Event: 7.189 GC heap before
{Heap before GC invocations=3 (full 0):
 PSYoungGen      total 76288K, used 42903K [0x000000076ab00000, 0x0000000770000000, 0x00000007c0000000)
  eden space 65536K, 49% used [0x000000076ab00000,0x000000076ca8c468,0x000000076eb00000)
  from space 10752K, 98% used [0x000000076f580000,0x000000076ffd9860,0x0000000770000000)
  to   space 10752K, 0% used [0x000000076eb00000,0x000000076eb00000,0x000000076f580000)
 ParOldGen       total 175104K, used 24K [0x00000006c0000000, 0x00000006cab00000, 0x000000076ab00000)
  object space 175104K, 0% used [0x00000006c0000000,0x00000006c0006000,0x00000006cab00000)
 Metaspace       used 20641K, capacity 20998K, committed 21296K, reserved 1067008K
  class space    used 2983K, capacity 3125K, committed 3200K, reserved 1048576K
Event: 7.194 GC heap after
Heap after GC invocations=3 (full 0):
 PSYoungGen      total 76288K, used 9547K [0x000000076ab00000, 0x0000000770000000, 0x00000007c0000000)
  eden space 65536K, 0% used [0x000000076ab00000,0x000000076ab00000,0x000000076eb00000)
  from space 10752K, 88% used [0x000000076eb00000,0x000000076f452fd8,0x000000076f580000)
  to   space 10752K, 0% used [0x000000076f580000,0x000000076f580000,0x0000000770000000)
 ParOldGen       total 175104K, used 32K [0x00000006c0000000, 0x00000006cab00000, 0x000000076ab00000)
  object space 175104K, 0% used [0x00000006c0000000,0x00000006c0008000,0x00000006cab00000)
 Metaspace       used 20641K, capacity 20998K, committed 21296K, reserved 1067008K
  class space    used 2983K, capacity 3125K, committed 3200K, reserved 1048576K
}
Event: 7.194 GC heap before
{Heap before GC invocations=4 (full 1):
 PSYoungGen      total 76288K, used 9547K [0x000000076ab00000, 0x0000000770000000, 0x00000007c0000000)
  eden space 65536K, 0% used [0x000000076ab00000,0x000000076ab00000,0x000000076eb00000)
  from space 10752K, 88% used [0x000000076eb00000,0x000000076f452fd8,0x000000076f580000)
  to   space 10752K, 0% used [0x000000076f580000,0x000000076f580000,0x0000000770000000)
 ParOldGen       total 175104K, used 32K [0x00000006c0000000, 0x00000006cab00000, 0x000000076ab00000)
  object space 175104K, 0% used [0x00000006c0000000,0x00000006c0008000,0x00000006cab00000)
 Metaspace       used 20641K, capacity 20998K, committed 21296K, reserved 1067008K
  class space    used 2983K, capacity 3125K, committed 3200K, reserved 1048576K
Event: 7.219 GC heap after
Heap after GC invocations=4 (full 1):
 PSYoungGen      total 76288K, used 0K [0x000000076ab00000, 0x0000000770000000, 0x00000007c0000000)
  eden space 65536K, 0% used [0x000000076ab00000,0x000000076ab00000,0x000000076eb00000)
  from space 10752K, 0% used [0x000000076eb00000,0x000000076eb00000,0x000000076f580000)
  to   space 10752K, 0% used [0x000000076f580000,0x000000076f580000,0x0000000770000000)
 ParOldGen       total 95744K, used 9316K [0x00000006c0000000, 0x00000006c5d80000, 0x000000076ab00000)
  object space 95744K, 9% used [0x00000006c0000000,0x00000006c09191e8,0x00000006c5d80000)
 Metaspace       used 20641K, capacity 20998K, committed 21296K, reserved 1067008K
  class space    used 2983K, capacity 3125K, committed 3200K, reserved 1048576K
}
Event: 7.701 GC heap before
{Heap before GC invocations=5 (full 1):
 PSYoungGen      total 76288K, used 65536K [0x000000076ab00000, 0x0000000770000000, 0x00000007c0000000)
  eden space 65536K, 100% used [0x000000076ab00000,0x000000076eb00000,0x000000076eb00000)
  from space 10752K, 0% used [0x000000076eb00000,0x000000076eb00000,0x000000076f580000)
  to   space 10752K, 0% used [0x000000076f580000,0x000000076f580000,0x0000000770000000)
 ParOldGen       total 95744K, used 9316K [0x00000006c0000000, 0x00000006c5d80000, 0x000000076ab00000)
  object space 95744K, 9% used [0x00000006c0000000,0x00000006c09191e8,0x00000006c5d80000)
 Metaspace       used 26510K, capacity 26908K, committed 27264K, reserved 1073152K
  class space    used 3737K, capacity 3876K, committed 3968K, reserved 1048576K
Event: 7.705 GC heap after
Heap after GC invocations=5 (full 1):
 PSYoungGen      total 76288K, used 6898K [0x000000076ab00000, 0x0000000772c80000, 0x00000007c0000000)
  eden space 65536K, 0% used [0x000000076ab00000,0x000000076ab00000,0x000000076eb00000)
  from space 10752K, 64% used [0x000000076f580000,0x000000076fc3cb40,0x0000000770000000)
  to   space 10752K, 0% used [0x000000076eb00000,0x000000076eb00000,0x000000076f580000)
 ParOldGen       total 95744K, used 9316K [0x00000006c0000000, 0x00000006c5d80000, 0x000000076ab00000)
  object space 95744K, 9% used [0x00000006c0000000,0x00000006c09191e8,0x00000006c5d80000)
 Metaspace       used 26510K, capacity 26908K, committed 27264K, reserved 1073152K
  class space    used 3737K, capacity 3876K, committed 3968K, reserved 1048576K
}

Deoptimization events (10 events):
Event: 7.481 Thread 0x000001ea60a3e800 Uncommon trap: reason=unstable_if action=reinterpret pc=0x000001ea45f36624 method=java.lang.AbstractStringBuilder.append(Ljava/lang/String;)Ljava/lang/AbstractStringBuilder; @ 1
Event: 7.481 Thread 0x000001ea60a3e800 Uncommon trap: reason=unstable_if action=reinterpret pc=0x000001ea45e8b78c method=java.lang.AbstractStringBuilder.append(Ljava/lang/String;)Ljava/lang/AbstractStringBuilder; @ 1
Event: 7.497 Thread 0x000001ea60a3e800 Uncommon trap: reason=class_check action=maybe_recompile pc=0x000001ea4618c314 method=sun.misc.URLClassPath.getLoader(I)Lsun/misc/URLClassPath$Loader; @ 94
Event: 7.497 Thread 0x000001ea60a3e800 Uncommon trap: reason=class_check action=maybe_recompile pc=0x000001ea461472c0 method=sun.misc.URLClassPath.getResource(Ljava/lang/String;Z)Lsun/misc/Resource; @ 62
Event: 7.497 Thread 0x000001ea60a3e800 Uncommon trap: reason=unstable_if action=reinterpret pc=0x000001ea460c25f0 method=java.lang.String.regionMatches(ZILjava/lang/String;II)Z @ 41
Event: 7.499 Thread 0x000001ea60a3e800 Uncommon trap: reason=unstable_if action=reinterpret pc=0x000001ea460b9594 method=java.lang.ClassLoader.getClassLoadingLock(Ljava/lang/String;)Ljava/lang/Object; @ 6
Event: 7.507 Thread 0x000001ea60a3e800 Uncommon trap: reason=class_check action=maybe_recompile pc=0x000001ea4618c52c method=sun.misc.URLClassPath.getLoader(I)Lsun/misc/URLClassPath$Loader; @ 239
Event: 7.513 Thread 0x000001ea60a3e800 Uncommon trap: reason=class_check action=maybe_recompile pc=0x000001ea4618c52c method=sun.misc.URLClassPath.getLoader(I)Lsun/misc/URLClassPath$Loader; @ 239
Event: 7.521 Thread 0x000001ea60a3e800 Uncommon trap: reason=class_check action=maybe_recompile pc=0x000001ea4618c52c method=sun.misc.URLClassPath.getLoader(I)Lsun/misc/URLClassPath$Loader; @ 239
Event: 7.595 Thread 0x000001ea60a3e800 Uncommon trap: reason=class_check action=maybe_recompile pc=0x000001ea46195658 method=sun.misc.URLClassPath.getLoader(I)Lsun/misc/URLClassPath$Loader; @ 239

Classes redefined (0 events):
No events

Internal exceptions (10 events):
Event: 7.643 Thread 0x000001ea60a3e800 Exception <a 'java/lang/ClassNotFoundException': org/gradle/api/internal/DefaultNamedDomainObjectCollectionBeanInfo> (0x000000076e41fc48) thrown at [C:\jenkins\workspace\8-2-build-windows-amd64-cygwin\jdk8u261\295\hotspot\src\share\vm\classfile\systemDict
Event: 7.643 Thread 0x000001ea60a3e800 Exception <a 'java/lang/ClassNotFoundException': org/gradle/api/internal/DefaultDomainObjectCollectionBeanInfo> (0x000000076e44e120) thrown at [C:\jenkins\workspace\8-2-build-windows-amd64-cygwin\jdk8u261\295\hotspot\src\share\vm\classfile\systemDictionar
Event: 7.644 Thread 0x000001ea60a3e800 Exception <a 'java/lang/ClassNotFoundException': java/util/AbstractCollectionBeanInfo> (0x000000076e452030) thrown at [C:\jenkins\workspace\8-2-build-windows-amd64-cygwin\jdk8u261\295\hotspot\src\share\vm\classfile\systemDictionary.cpp, line 210]
Event: 7.644 Thread 0x000001ea60a3e800 Exception <a 'java/lang/ClassNotFoundException': java/util/AbstractCollectionCustomizer> (0x000000076e455f08) thrown at [C:\jenkins\workspace\8-2-build-windows-amd64-cygwin\jdk8u261\295\hotspot\src\share\vm\classfile\systemDictionary.cpp, line 210]
Event: 7.651 Thread 0x000001ea60a3e800 Exception <a 'java/lang/ClassNotFoundException': org/gradle/api/internal/DefaultDomainObjectCollectionCustomizer> (0x000000076e491698) thrown at [C:\jenkins\workspace\8-2-build-windows-amd64-cygwin\jdk8u261\295\hotspot\src\share\vm\classfile\systemDiction
Event: 7.655 Thread 0x000001ea60a3e800 Exception <a 'java/lang/ClassNotFoundException': org/gradle/api/internal/DefaultNamedDomainObjectCollectionCustomizer> (0x000000076e4ec278) thrown at [C:\jenkins\workspace\8-2-build-windows-amd64-cygwin\jdk8u261\295\hotspot\src\share\vm\classfile\systemDi
Event: 7.657 Thread 0x000001ea60a3e800 Exception <a 'java/lang/ClassNotFoundException': org/gradle/api/internal/DefaultNamedDomainObjectListCustomizer> (0x000000076e562dd8) thrown at [C:\jenkins\workspace\8-2-build-windows-amd64-cygwin\jdk8u261\295\hotspot\src\share\vm\classfile\systemDictiona
Event: 7.659 Thread 0x000001ea60a3e800 Exception <a 'java/lang/ClassNotFoundException': org/gradle/api/internal/artifacts/DefaultArtifactRepositoryContainerCustomizer> (0x000000076e5d6548) thrown at [C:\jenkins\workspace\8-2-build-windows-amd64-cygwin\jdk8u261\295\hotspot\src\share\vm\classfil
Event: 7.660 Thread 0x000001ea60a3e800 Exception <a 'java/lang/ClassNotFoundException': org/gradle/api/internal/artifacts/dsl/DefaultRepositoryHandlerCustomizer> (0x000000076e63c070) thrown at [C:\jenkins\workspace\8-2-build-windows-amd64-cygwin\jdk8u261\295\hotspot\src\share\vm\classfile\syst
Event: 7.661 Thread 0x000001ea60a3e800 Exception <a 'java/lang/ClassNotFoundException': org/gradle/api/internal/artifacts/dsl/DefaultRepositoryHandler_DecoratedCustomizer> (0x000000076e6aa8e8) thrown at [C:\jenkins\workspace\8-2-build-windows-amd64-cygwin\jdk8u261\295\hotspot\src\share\vm\clas

Events (10 events):
Event: 7.700 loading class org/gradle/api/internal/artifacts/repositories/DefaultMavenArtifactRepository_DecoratedBeanInfo
Event: 7.700 loading class org/gradle/api/internal/artifacts/repositories/DefaultMavenArtifactRepository_DecoratedBeanInfo done
Event: 7.701 loading class org/gradle/api/internal/artifacts/repositories/DefaultMavenArtifactRepository_DecoratedBeanInfo
Event: 7.701 loading class org/gradle/api/internal/artifacts/repositories/DefaultMavenArtifactRepository_DecoratedBeanInfo done
Event: 7.701 loading class org/gradle/api/internal/artifacts/repositories/DefaultMavenArtifactRepository_DecoratedBeanInfo
Event: 7.701 loading class org/gradle/api/internal/artifacts/repositories/DefaultMavenArtifactRepository_DecoratedBeanInfo done
Event: 7.701 Executing VM operation: ParallelGCFailedAllocation
Event: 7.705 Executing VM operation: ParallelGCFailedAllocation done
Event: 7.705 Executing VM operation: RevokeBias
Event: 7.706 Executing VM operation: RevokeBias done


Dynamic libraries:
0x00007ff730e60000 - 0x00007ff730ea7000 	C:\Program Files\Java\jre1.8.0_261\bin\java.exe
0x00007ff9f6df0000 - 0x00007ff9f6fe6000 	C:\WINDOWS\SYSTEM32\ntdll.dll
0x00007ff9f4ef0000 - 0x00007ff9f4fad000 	C:\WINDOWS\System32\KERNEL32.DLL
0x00007ff9f4690000 - 0x00007ff9f4959000 	C:\WINDOWS\System32\KERNELBASE.dll
0x00007ff9f6330000 - 0x00007ff9f63dc000 	C:\WINDOWS\System32\ADVAPI32.dll
0x00007ff9f5060000 - 0x00007ff9f50fe000 	C:\WINDOWS\System32\msvcrt.dll
0x00007ff9f6130000 - 0x00007ff9f61cc000 	C:\WINDOWS\System32\sechost.dll
0x00007ff9f5460000 - 0x00007ff9f558b000 	C:\WINDOWS\System32\RPCRT4.dll
0x00007ff9f5720000 - 0x00007ff9f58c0000 	C:\WINDOWS\System32\USER32.dll
0x00007ff9f4ce0000 - 0x00007ff9f4d02000 	C:\WINDOWS\System32\win32u.dll
0x00007ff9f6630000 - 0x00007ff9f665a000 	C:\WINDOWS\System32\GDI32.dll
0x00007ff9f4d10000 - 0x00007ff9f4e19000 	C:\WINDOWS\System32\gdi32full.dll
0x00007ff9f4960000 - 0x00007ff9f49fd000 	C:\WINDOWS\System32\msvcp_win.dll
0x00007ff9f4a00000 - 0x00007ff9f4b00000 	C:\WINDOWS\System32\ucrtbase.dll
0x00007ff9df790000 - 0x00007ff9dfa2b000 	C:\WINDOWS\WinSxS\amd64_microsoft.windows.common-controls_6595b64144ccf1df_6.0.19041.488_none_ca04af081b815d21\COMCTL32.dll
0x00007ff9f4e50000 - 0x00007ff9f4e80000 	C:\WINDOWS\System32\IMM32.DLL
0x00007ff9e3490000 - 0x00007ff9e34a5000 	C:\Program Files\Java\jre1.8.0_261\bin\vcruntime140.dll
0x00007ff9ba250000 - 0x00007ff9ba2eb000 	C:\Program Files\Java\jre1.8.0_261\bin\msvcp140.dll
0x000000005b840000 - 0x000000005c0ac000 	C:\Program Files\Java\jre1.8.0_261\bin\server\jvm.dll
0x00007ff9f6470000 - 0x00007ff9f6478000 	C:\WINDOWS\System32\PSAPI.DLL
0x00007ff9f0bc0000 - 0x00007ff9f0bc9000 	C:\WINDOWS\SYSTEM32\WSOCK32.dll
0x00007ff9f6d40000 - 0x00007ff9f6dab000 	C:\WINDOWS\System32\WS2_32.dll
0x00007ff9eb8c0000 - 0x00007ff9eb8e7000 	C:\WINDOWS\SYSTEM32\WINMM.dll
0x00007ff9ee700000 - 0x00007ff9ee70a000 	C:\WINDOWS\SYSTEM32\VERSION.dll
0x00007ff9f24a0000 - 0x00007ff9f24b2000 	C:\WINDOWS\SYSTEM32\kernel.appcore.dll
0x00007ff9e3480000 - 0x00007ff9e3490000 	C:\Program Files\Java\jre1.8.0_261\bin\verify.dll
0x00007ff9d9730000 - 0x00007ff9d975b000 	C:\Program Files\Java\jre1.8.0_261\bin\java.dll
0x00007ff9d9a00000 - 0x00007ff9d9a18000 	C:\Program Files\Java\jre1.8.0_261\bin\zip.dll
0x00007ff9f58c0000 - 0x00007ff9f6002000 	C:\WINDOWS\System32\SHELL32.dll
0x00007ff9f26a0000 - 0x00007ff9f2e35000 	C:\WINDOWS\SYSTEM32\windows.storage.dll
0x00007ff9f5100000 - 0x00007ff9f5456000 	C:\WINDOWS\System32\combase.dll
0x00007ff9f3fa0000 - 0x00007ff9f3fcc000 	C:\WINDOWS\SYSTEM32\Wldp.dll
0x00007ff9f4fb0000 - 0x00007ff9f505e000 	C:\WINDOWS\System32\SHCORE.dll
0x00007ff9f5590000 - 0x00007ff9f55e5000 	C:\WINDOWS\System32\shlwapi.dll
0x00007ff9f4460000 - 0x00007ff9f4486000 	C:\WINDOWS\SYSTEM32\profapi.dll
0x00007ff9d9950000 - 0x00007ff9d996c000 	C:\Program Files\Java\jre1.8.0_261\bin\net.dll
0x00007ff9f3d20000 - 0x00007ff9f3d8a000 	C:\WINDOWS\system32\mswsock.dll
0x00007ff9d5c60000 - 0x00007ff9d5c73000 	C:\Program Files\Java\jre1.8.0_261\bin\nio.dll
0x00007ff9f0bd0000 - 0x00007ff9f0bee000 	C:\Users\UNKNOWN\.gradle\native\25\windows-amd64\native-platform.dll
0x00007ff9dfcb0000 - 0x00007ff9dfcbd000 	C:\Program Files\Java\jre1.8.0_261\bin\management.dll
0x00007ff9f3ef0000 - 0x00007ff9f3f08000 	C:\WINDOWS\SYSTEM32\CRYPTSP.dll
0x00007ff9f3640000 - 0x00007ff9f3674000 	C:\WINDOWS\system32\rsaenh.dll
0x00007ff9f4e20000 - 0x00007ff9f4e47000 	C:\WINDOWS\System32\bcrypt.dll
0x00007ff9f4420000 - 0x00007ff9f444e000 	C:\WINDOWS\SYSTEM32\USERENV.dll
0x00007ff9f4c60000 - 0x00007ff9f4ce0000 	C:\WINDOWS\System32\bcryptprimitives.dll
0x00007ff9f3f10000 - 0x00007ff9f3f1c000 	C:\WINDOWS\SYSTEM32\CRYPTBASE.dll
0x00007ff9f39c0000 - 0x00007ff9f39fb000 	C:\WINDOWS\SYSTEM32\IPHLPAPI.DLL
0x00007ff9f4e80000 - 0x00007ff9f4e88000 	C:\WINDOWS\System32\NSI.dll
0x00007ff9ee8b0000 - 0x00007ff9ee8c7000 	C:\WINDOWS\SYSTEM32\dhcpcsvc6.DLL
0x00007ff9ee6b0000 - 0x00007ff9ee6cd000 	C:\WINDOWS\SYSTEM32\dhcpcsvc.DLL
0x00007ff9f3a10000 - 0x00007ff9f3adb000 	C:\WINDOWS\SYSTEM32\DNSAPI.dll
0x00007ff9eeb30000 - 0x00007ff9eed14000 	C:\WINDOWS\SYSTEM32\dbghelp.dll

VM Arguments:
jvm_args: -Xmx4G -Dfile.encoding=windows-1252 -Duser.country=IT -Duser.language=it -Duser.variant 
java_command: org.gradle.launcher.daemon.bootstrap.GradleDaemon 4.10.3
java_class_path (initial): C:\Users\UNKNOWN\.gradle\wrapper\dists\gradle-4.10.3-bin\31t79e2qsceia4mkbojplrgx\gradle-4.10.3\lib\gradle-launcher-4.10.3.jar
Launcher Type: SUN_STANDARD

Environment Variables:
CLASSPATH=C:\Users\UNKNOWN\IdeaProjects\MinecraftModding\Supplementaries\\gradle\wrapper\gradle-wrapper.jar
PATH=C:\Program Files (x86)\NVIDIA Corporation\PhysX\Common;C:\Program Files (x86)\Common Files\Oracle\Java\javapath;C:\WINDOWS\system32;C:\WINDOWS;C:\WINDOWS\System32\Wbem;C:\WINDOWS\System32\WindowsPowerShell\v1.0\;C:\WINDOWS\System32\OpenSSH\;C:\Program Files\Java\jdk1.8.0_231\bin;E:\Storage10\Programs10\Matlab\runtime\win64;E:\Storage10\Programs10\Matlab\bin;E:\Storage10\Programs10\Matlab\polyspace\bin;E:\Storage10\Programs10\Git\cmd;C:\Program Files\dotnet\;E:\Storage10\Programs10\MATLAB\R2020b\runtime\win64;E:\Storage10\Programs10\MATLAB\R2020b\bin;E:\Storage10\Programmi (x86)\Python36\Scripts\;E:\Storage10\Programmi (x86)\Python36\;C:\Users\UNKNOWN\AppData\Local\Microsoft\WindowsApps;;E:\Storage10\Programs10\JetBrains\IntelliJ IDEA Community Edition 2020.2\bin;;C:\Users\UNKNOWN\.dotnet\tools;E:\Storage10\Programs10\Microsoft VS Code\bin
USERNAME=UNKNOWN
OS=Windows_NT
PROCESSOR_IDENTIFIER=Intel64 Family 6 Model 94 Stepping 3, GenuineIntel



---------------  S Y S T E M  ---------------

OS: Windows 10.0 , 64 bit Build 19041 (10.0.19041.662)

CPU:total 4 (initial active 4) (4 cores per cpu, 1 threads per core) family 6 model 94 stepping 3, cmov, cx8, fxsr, mmx, sse, sse2, sse3, ssse3, sse4.1, sse4.2, popcnt, avx, avx2, aes, clmul, erms, rtm, 3dnowpref, lzcnt, tsc, tscinvbit, bmi1, bmi2, adx

Memory: 4k page, physical 16696244k(4618668k free), swap 25625524k(5502300k free)

vm_info: Java HotSpot(TM) 64-Bit Server VM (25.261-b12) for windows-amd64 JRE (1.8.0_261-b12), built on Jun 18 2020 06:56:32 by "" with unknown MS VC++:1916

time: Wed Jan 13 21:17:47 2021
timezone: ora solare Europa occidentale
elapsed time: 7 seconds (0d 0h 0m 7s)

