#
# A fatal error has been detected by the Java Runtime Environment:
#
#  EXCEPTION_ACCESS_VIOLATION (0xc0000005) at pc=0x0000000064f80a32, pid=5960, tid=0x0000000000000eb8
#
# JRE version: Java(TM) SE Runtime Environment (8.0_231-b11) (build 1.8.0_231-b11)
# Java VM: Java HotSpot(TM) 64-Bit Server VM (25.231-b11 mixed mode windows-amd64 compressed oops)
# Problematic frame:
# V  [jvm.dll+0xb0a32]
#
# Failed to write core dump. Minidumps are not enabled by default on client versions of Windows
#
# If you would like to submit a bug report, please visit:
#   http://bugreport.java.com/bugreport/crash.jsp
#

---------------  T H R E A D  ---------------

Current thread (0x0000000002607800):  GCTaskThread [stack: 0x0000000012820000,0x0000000012920000] [id=3768]

siginfo: ExceptionCode=0xc0000005, reading address 0xffffffffffffffff

Registers:
RAX=0x0005d20000000000, RBX=0x00000007ac3721b8, RCX=0x0000000003980398, RDX=0x00000007ac3721b8
RSP=0x000000001291f8d8, RBP=0x00000000026dbc90, RSI=0x00000007ac35771c, RDI=0x00000007ac3721b8
R8 =0x0000000000000000, R9 =0x0000000003980398, R10=0x0000000000000625, R11=0x00000007ac372448
R12=0x00000007ac3579ec, R13=0x00000000000000d7, R14=0x00000007ac357680, R15=0x00000000000000d7
RIP=0x0000000064f80a32, EFLAGS=0x0000000000010246

Top of Stack: (sp=0x000000001291f8d8)
0x000000001291f8d8:   0000000064fdd2e7 00000007ac372448
0x000000001291f8e8:   00000000026dbc90 00000007ac357718
0x000000001291f8f8:   0000000000000006 00000007ac3721b8
0x000000001291f908:   000000006500b47a 0000000000000603
0x000000001291f918:   0000000064fe53d6 00000007ac357140
0x000000001291f928:   00000007ac357134 00000000026dbc90
0x000000001291f938:   000000006500b583 0000000000000000
0x000000001291f948:   0000000002607dd0 0000000002600230
0x000000001291f958:   000000001291fa89 0000000000000603
0x000000001291f968:   00000000652cc220 00000000026dbc90
0x000000001291f978:   00000000026dbc90 000000006552d2a8
0x000000001291f988:   000000006552d2a8 000000001c3727c8
0x000000001291f998:   000000001291fa40 000000001f0c21a0
0x000000001291f9a8:   0000000000000003 00000000026dbc90
0x000000001291f9b8:   0000000064fe3ed2 00000006c49644e8
0x000000001291f9c8:   0000000000000000 0000000000000000 

Instructions: (pc=0x0000000064f80a32)
0x0000000064f80a12:   e2 49 8d 0c 11 49 f7 d1 48 03 c1 49 c1 e9 03 48
0x0000000064f80a22:   c1 e8 03 41 23 c1 c3 48 8b 02 48 8b d1 49 8b c9
0x0000000064f80a32:   48 ff a0 e8 00 00 00 cc cc cc cc cc cc cc 80 3d
0x0000000064f80a42:   8a 6f 76 00 00 48 8b c1 74 1b 8b 51 08 8b 0d 13 


Register to memory mapping:

RAX=0x0005d20000000000 is an unknown value
RBX=0x00000007ac3721b8 is an oop

[error occurred during error reporting (printing register info), id 0xc0000005]

Stack: [0x0000000012820000,0x0000000012920000],  sp=0x000000001291f8d8,  free space=1022k
Native frames: (J=compiled Java code, j=interpreted, Vv=VM code, C=native code)
V  [jvm.dll+0xb0a32]


---------------  P R O C E S S  ---------------

Java Threads: ( => current thread )
  0x0000000020e0c000 JavaThread "Cache worker for Java compile cache (C:\Users\UNKNOWN\IdeaProjects\MinecraftModding\Supplementaries\.gradle\4.10.3\javaCompile)" [_thread_blocked, id=9772, stack(0x0000000027ac0000,0x0000000027bc0000)]
  0x000000001f1d4800 JavaThread "Cache worker for Build Output Cleanup Cache (C:\Users\UNKNOWN\IdeaProjects\MinecraftModding\Supplementaries\.gradle\buildOutputCleanup)" [_thread_blocked, id=6588, stack(0x00000000278c0000,0x00000000279c0000)]
  0x000000001f1d2800 JavaThread "Cache worker for task history cache (C:\Users\UNKNOWN\IdeaProjects\MinecraftModding\Supplementaries\.gradle\4.10.3\taskHistory)" [_thread_blocked, id=4384, stack(0x00000000273c0000,0x00000000274c0000)]
  0x000000001f1d1800 JavaThread "Task worker for ':' Thread 3" [_thread_blocked, id=10116, stack(0x0000000026cc0000,0x0000000026dc0000)]
  0x000000001f1d1000 JavaThread "Task worker for ':' Thread 2" [_thread_blocked, id=1584, stack(0x00000000269c0000,0x0000000026ac0000)]
  0x000000002130e800 JavaThread "Task worker for ':'" [_thread_blocked, id=2144, stack(0x00000000268c0000,0x00000000269c0000)]
  0x000000002130e000 JavaThread "Cache worker for file content cache (C:\Users\UNKNOWN\IdeaProjects\MinecraftModding\Supplementaries\.gradle\4.10.3\fileContent)" [_thread_blocked, id=6948, stack(0x00000000267c0000,0x00000000268c0000)]
  0x000000002130c800 JavaThread "Build operations Thread 4" [_thread_blocked, id=6080, stack(0x00000000263c0000,0x00000000264c0000)]
  0x000000002130b000 JavaThread "Build operations Thread 3" [_thread_blocked, id=3456, stack(0x00000000242a0000,0x00000000243a0000)]
  0x000000002130a000 JavaThread "Build operations Thread 2" [_thread_blocked, id=5684, stack(0x0000000023ee0000,0x0000000023fe0000)]
  0x0000000021301800 JavaThread "Build operations" [_thread_blocked, id=3984, stack(0x0000000023de0000,0x0000000023ee0000)]
  0x0000000021308800 JavaThread "Cache worker for cache directory md-rule (C:\Users\UNKNOWN\.gradle\caches\4.10.3\md-rule)" [_thread_blocked, id=6416, stack(0x00000000205b0000,0x00000000206b0000)]
  0x0000000021301000 JavaThread "Cache worker for cache directory md-supplier (C:\Users\UNKNOWN\.gradle\caches\4.10.3\md-supplier)" [_thread_blocked, id=8772, stack(0x00000000204b0000,0x00000000205b0000)]
  0x0000000021307800 JavaThread "Cache worker for file hash cache (C:\Users\UNKNOWN\IdeaProjects\MinecraftModding\Supplementaries\.gradle\4.10.3\fileHashes)" [_thread_blocked, id=1644, stack(0x00000000203b0000,0x00000000204b0000)]
  0x0000000021306000 JavaThread "Stdin handler" [_thread_blocked, id=1420, stack(0x00000000202b0000,0x00000000203b0000)]
  0x0000000021304800 JavaThread "Asynchronous log dispatcher for DefaultDaemonConnection: socket connection from /127.0.0.1:51522 to /127.0.0.1:51886" [_thread_blocked, id=5460, stack(0x000000001ffb0000,0x00000000200b0000)]
  0x0000000021307000 JavaThread "Daemon worker Thread 4" [_thread_blocked, id=4372, stack(0x000000001feb0000,0x000000001ffb0000)]
  0x0000000021304000 JavaThread "Cancel handler" [_thread_blocked, id=4300, stack(0x0000000002320000,0x0000000002420000)]
  0x0000000021303000 JavaThread "Handler for socket connection from /127.0.0.1:51522 to /127.0.0.1:51886" [_thread_in_native, id=6784, stack(0x0000000000910000,0x0000000000a10000)]
  0x0000000021305800 JavaThread "Daemon Thread 4" [_thread_blocked, id=3372, stack(0x0000000000810000,0x0000000000910000)]
  0x0000000021309800 JavaThread "Cache worker for Java compile cache (C:\Users\UNKNOWN\.gradle\caches\4.10.3\javaCompile)" [_thread_blocked, id=10060, stack(0x00000000279c0000,0x0000000027ac0000)]
  0x0000000021300000 JavaThread "Cache worker for file content cache (C:\Users\UNKNOWN\.gradle\caches\4.10.3\fileContent)" [_thread_blocked, id=1408, stack(0x00000000272c0000,0x00000000273c0000)]
  0x0000000021302800 JavaThread "Memory manager" [_thread_blocked, id=6236, stack(0x00000000271c0000,0x00000000272c0000)]
  0x000000001f1ce800 JavaThread "Cache worker for Artifact transforms cache (C:\Users\UNKNOWN\.gradle\caches\transforms-1)" [_thread_blocked, id=2196, stack(0x0000000025800000,0x0000000025900000)]
  0x000000001f1d3000 JavaThread "Cache worker for journal cache (C:\Users\UNKNOWN\.gradle\caches\journal-1)" [_thread_blocked, id=6492, stack(0x0000000022ce0000,0x0000000022de0000)]
  0x000000001f1cf800 JavaThread "File lock request listener" [_thread_in_native, id=6000, stack(0x0000000021980000,0x0000000021a80000)]
  0x000000001f1d0000 JavaThread "Cache worker for file hash cache (C:\Users\UNKNOWN\.gradle\caches\4.10.3\fileHashes)" [_thread_blocked, id=1724, stack(0x0000000021880000,0x0000000021980000)]
  0x000000001edc1800 JavaThread "Daemon periodic checks" [_thread_blocked, id=4940, stack(0x000000001fdb0000,0x000000001feb0000)]
  0x000000001eda5800 JavaThread "Incoming local TCP Connector on port 51522" [_thread_in_native, id=10952, stack(0x000000001fb50000,0x000000001fc50000)]
  0x000000001ed34800 JavaThread "Daemon health stats" [_thread_blocked, id=10956, stack(0x000000001f510000,0x000000001f610000)]
  0x000000001d768800 JavaThread "Service Thread" daemon [_thread_blocked, id=8500, stack(0x000000001db40000,0x000000001dc40000)]
  0x000000001bdc9000 JavaThread "C1 CompilerThread2" daemon [_thread_blocked, id=7516, stack(0x000000001d640000,0x000000001d740000)]
  0x000000001bdc5800 JavaThread "C2 CompilerThread1" daemon [_thread_blocked, id=444, stack(0x000000001d540000,0x000000001d640000)]
  0x000000001bdc2800 JavaThread "C2 CompilerThread0" daemon [_thread_blocked, id=9084, stack(0x000000001d440000,0x000000001d540000)]
  0x000000001bdc0000 JavaThread "Attach Listener" daemon [_thread_blocked, id=6992, stack(0x000000001d340000,0x000000001d440000)]
  0x000000001bdbc800 JavaThread "Signal Dispatcher" daemon [_thread_blocked, id=7264, stack(0x000000001d240000,0x000000001d340000)]
  0x00000000026ea800 JavaThread "Finalizer" daemon [_thread_blocked, id=6944, stack(0x000000001d020000,0x000000001d120000)]
  0x00000000026e2000 JavaThread "Reference Handler" daemon [_thread_blocked, id=876, stack(0x000000001cf20000,0x000000001d020000)]
  0x0000000000afe800 JavaThread "main" [_thread_blocked, id=7800, stack(0x00000000024f0000,0x00000000025f0000)]

Other Threads:
  0x000000001bd87800 VMThread [stack: 0x000000001ce20000,0x000000001cf20000] [id=9264]
  0x000000001be18800 WatcherThread [stack: 0x000000001dc40000,0x000000001dd40000] [id=7004]

=>0x0000000002607800 (exited) GCTaskThread [stack: 0x0000000012820000,0x0000000012920000] [id=3768]

VM state:at safepoint (normal execution)

VM Mutex/Monitor currently owned by a thread:  ([mutex/lock_event])
[0x0000000000afd210] Threads_lock - owner thread: 0x000000001bd87800
[0x0000000000afd390] Heap_lock - owner thread: 0x000000001f1d1800

heap address: 0x00000006c0000000, size: 4096 MB, Compressed Oops mode: Zero based, Oop shift amount: 3
Narrow klass base: 0x0000000000000000, Narrow klass shift: 3
Compressed class space size: 1073741824 Address: 0x00000007c0000000

Heap:
 PSYoungGen      total 1001984K, used 126434K [0x000000076ab00000, 0x00000007b9e00000, 0x00000007c0000000)
  eden space 875520K, 0% used [0x000000076ab00000,0x000000076ab00000,0x00000007a0200000)
  from space 126464K, 99% used [0x00000007aad80000,0x00000007b28f8ac8,0x00000007b2900000)
  to   space 175616K, 0% used [0x00000007a0200000,0x00000007a0200000,0x00000007aad80000)
 ParOldGen       total 308736K, used 285428K [0x00000006c0000000, 0x00000006d2d80000, 0x000000076ab00000)
  object space 308736K, 92% used [0x00000006c0000000,0x00000006d16bd238,0x00000006d2d80000)
 Metaspace       used 78804K, capacity 80380K, committed 80640K, reserved 1118208K
  class space    used 10458K, capacity 10883K, committed 11008K, reserved 1048576K

Card table byte_map: [0x0000000011ab0000,0x00000000122c0000] byte_map_base: 0x000000000e4b0000

Marking Bits: (ParMarkBitMap*) 0x00000000656f6d90
 Begin Bits: [0x0000000012c20000, 0x0000000016c20000)
 End Bits:   [0x0000000016c20000, 0x000000001ac20000)

Polling page: 0x0000000000630000

CodeCache: size=245760Kb used=48163Kb max_used=48175Kb free=197596Kb
 bounds [0x00000000026f0000, 0x0000000005650000, 0x00000000116f0000]
 total_blobs=13938 nmethods=13089 adapters=760
 compilation: enabled

Compilation events (10 events):
Event: 887.766 Thread 0x000000001bdc9000 16849       1       com.sun.tools.javac.tree.JCTree$JCTry::getTag (4 bytes)
Event: 887.766 Thread 0x000000001bdc9000 nmethod 16849 0x00000000055a46d0 code [0x00000000055a4820, 0x00000000055a4930]
Event: 887.772 Thread 0x000000001bdc9000 16850       3       com.sun.tools.javac.comp.Flow$AssignAnalyzer::merge (39 bytes)
Event: 887.773 Thread 0x000000001bdc9000 nmethod 16850 0x000000000563c210 code [0x000000000563c440, 0x000000000563cdd8]
Event: 887.775 Thread 0x000000001bdc2800 nmethod 16810 0x0000000005641cd0 code [0x0000000005642040, 0x0000000005643c10]
Event: 887.776 Thread 0x000000001bdc2800 16837       4       com.sun.tools.javac.jvm.ClassWriter$StackMapTableFrame::isSameType (128 bytes)
Event: 887.777 Thread 0x000000001bdc9000 16851   !   3       com.sun.tools.javac.comp.Attr::attribLazyConstantValue (113 bytes)
Event: 887.777 Thread 0x000000001bdc9000 nmethod 16851 0x000000000563fa90 code [0x000000000563fd20, 0x0000000005640f88]
Event: 887.779 Thread 0x000000001bdc2800 nmethod 16837 0x000000000563dad0 code [0x000000000563dc60, 0x000000000563dfd8]
Event: 887.779 Thread 0x000000001bdc2800 16809       4       com.sun.tools.javac.comp.Infer$InferenceContext::freeVarsIn (107 bytes)

GC Heap History (10 events):
Event: 478.652 GC heap after
Heap after GC invocations=23 (full 3):
 PSYoungGen      total 704512K, used 17488K [0x000000076ab00000, 0x00000007a3a00000, 0x00000007c0000000)
  eden space 686592K, 0% used [0x000000076ab00000,0x000000076ab00000,0x0000000794980000)
  from space 17920K, 97% used [0x00000007a2880000,0x00000007a3994060,0x00000007a3a00000)
  to   space 80896K, 0% used [0x0000000799c00000,0x0000000799c00000,0x000000079eb00000)
 ParOldGen       total 308736K, used 179897K [0x00000006c0000000, 0x00000006d2d80000, 0x000000076ab00000)
  object space 308736K, 58% used [0x00000006c0000000,0x00000006cafae768,0x00000006d2d80000)
 Metaspace       used 67947K, capacity 69334K, committed 69632K, reserved 1110016K
  class space    used 9061K, capacity 9408K, committed 9472K, reserved 1048576K
}
Event: 481.516 GC heap before
{Heap before GC invocations=24 (full 3):
 PSYoungGen      total 704512K, used 704080K [0x000000076ab00000, 0x00000007a3a00000, 0x00000007c0000000)
  eden space 686592K, 100% used [0x000000076ab00000,0x0000000794980000,0x0000000794980000)
  from space 17920K, 97% used [0x00000007a2880000,0x00000007a3994060,0x00000007a3a00000)
  to   space 80896K, 0% used [0x0000000799c00000,0x0000000799c00000,0x000000079eb00000)
 ParOldGen       total 308736K, used 179897K [0x00000006c0000000, 0x00000006d2d80000, 0x000000076ab00000)
  object space 308736K, 58% used [0x00000006c0000000,0x00000006cafae768,0x00000006d2d80000)
 Metaspace       used 73143K, capacity 74608K, committed 75008K, reserved 1114112K
  class space    used 9751K, capacity 10131K, committed 10240K, reserved 1048576K
Event: 481.596 GC heap after
Heap after GC invocations=24 (full 3):
 PSYoungGen      total 851968K, used 80885K [0x000000076ab00000, 0x00000007a9500000, 0x00000007c0000000)
  eden space 771072K, 0% used [0x000000076ab00000,0x000000076ab00000,0x0000000799c00000)
  from space 80896K, 99% used [0x0000000799c00000,0x000000079eafd798,0x000000079eb00000)
  to   space 107520K, 0% used [0x00000007a2c00000,0x00000007a2c00000,0x00000007a9500000)
 ParOldGen       total 308736K, used 212899K [0x00000006c0000000, 0x00000006d2d80000, 0x000000076ab00000)
  object space 308736K, 68% used [0x00000006c0000000,0x00000006ccfe8e40,0x00000006d2d80000)
 Metaspace       used 73143K, capacity 74608K, committed 75008K, reserved 1114112K
  class space    used 9751K, capacity 10131K, committed 10240K, reserved 1048576K
}
Event: 490.663 GC heap before
{Heap before GC invocations=25 (full 3):
 PSYoungGen      total 851968K, used 851957K [0x000000076ab00000, 0x00000007a9500000, 0x00000007c0000000)
  eden space 771072K, 100% used [0x000000076ab00000,0x0000000799c00000,0x0000000799c00000)
  from space 80896K, 99% used [0x0000000799c00000,0x000000079eafd798,0x000000079eb00000)
  to   space 107520K, 0% used [0x00000007a2c00000,0x00000007a2c00000,0x00000007a9500000)
 ParOldGen       total 308736K, used 212899K [0x00000006c0000000, 0x00000006d2d80000, 0x000000076ab00000)
  object space 308736K, 68% used [0x00000006c0000000,0x00000006ccfe8e40,0x00000006d2d80000)
 Metaspace       used 73505K, capacity 74942K, committed 75264K, reserved 1114112K
  class space    used 9763K, capacity 10154K, committed 10240K, reserved 1048576K
Event: 490.800 GC heap after
Heap after GC invocations=25 (full 3):
 PSYoungGen      total 906240K, used 87328K [0x000000076ab00000, 0x00000007b1200000, 0x00000007c0000000)
  eden space 798720K, 0% used [0x000000076ab00000,0x000000076ab00000,0x000000079b700000)
  from space 107520K, 81% used [0x00000007a2c00000,0x00000007a8148158,0x00000007a9500000)
  to   space 119808K, 0% used [0x000000079b700000,0x000000079b700000,0x00000007a2c00000)
 ParOldGen       total 308736K, used 212987K [0x00000006c0000000, 0x00000006d2d80000, 0x000000076ab00000)
  object space 308736K, 68% used [0x00000006c0000000,0x00000006ccffee50,0x00000006d2d80000)
 Metaspace       used 73505K, capacity 74942K, committed 75264K, reserved 1114112K
  class space    used 9763K, capacity 10154K, committed 10240K, reserved 1048576K
}
Event: 882.776 GC heap before
{Heap before GC invocations=26 (full 3):
 PSYoungGen      total 906240K, used 886026K [0x000000076ab00000, 0x00000007b1200000, 0x00000007c0000000)
  eden space 798720K, 99% used [0x000000076ab00000,0x000000079b6fa9c8,0x000000079b700000)
  from space 107520K, 81% used [0x00000007a2c00000,0x00000007a8148158,0x00000007a9500000)
  to   space 119808K, 0% used [0x000000079b700000,0x000000079b700000,0x00000007a2c00000)
 ParOldGen       total 308736K, used 212987K [0x00000006c0000000, 0x00000006d2d80000, 0x000000076ab00000)
  object space 308736K, 68% used [0x00000006c0000000,0x00000006ccffee50,0x00000006d2d80000)
 Metaspace       used 73665K, capacity 75144K, committed 75264K, reserved 1114112K
  class space    used 9765K, capacity 10155K, committed 10240K, reserved 1048576K
Event: 882.809 GC heap after
Heap after GC invocations=26 (full 3):
 PSYoungGen      total 918528K, used 79822K [0x000000076ab00000, 0x00000007b2900000, 0x00000007c0000000)
  eden space 798720K, 0% used [0x000000076ab00000,0x000000076ab00000,0x000000079b700000)
  from space 119808K, 66% used [0x000000079b700000,0x00000007a04f3978,0x00000007a2c00000)
  to   space 126464K, 0% used [0x00000007aad80000,0x00000007aad80000,0x00000007b2900000)
 ParOldGen       total 308736K, used 212995K [0x00000006c0000000, 0x00000006d2d80000, 0x000000076ab00000)
  object space 308736K, 68% used [0x00000006c0000000,0x00000006cd000e50,0x00000006d2d80000)
 Metaspace       used 73665K, capacity 75144K, committed 75264K, reserved 1114112K
  class space    used 9765K, capacity 10155K, committed 10240K, reserved 1048576K
}
Event: 887.780 GC heap before
{Heap before GC invocations=27 (full 3):
 PSYoungGen      total 918528K, used 878542K [0x000000076ab00000, 0x00000007b2900000, 0x00000007c0000000)
  eden space 798720K, 100% used [0x000000076ab00000,0x000000079b700000,0x000000079b700000)
  from space 119808K, 66% used [0x000000079b700000,0x00000007a04f3978,0x00000007a2c00000)
  to   space 126464K, 0% used [0x00000007aad80000,0x00000007aad80000,0x00000007b2900000)
 ParOldGen       total 308736K, used 212995K [0x00000006c0000000, 0x00000006d2d80000, 0x000000076ab00000)
  object space 308736K, 68% used [0x00000006c0000000,0x00000006cd000e50,0x00000006d2d80000)
 Metaspace       used 78804K, capacity 80380K, committed 80640K, reserved 1118208K
  class space    used 10458K, capacity 10883K, committed 11008K, reserved 1048576K
Event: 887.891 GC heap after
Heap after GC invocations=27 (full 3):
 PSYoungGen      total 1001984K, used 126434K [0x000000076ab00000, 0x00000007b9e00000, 0x00000007c0000000)
  eden space 875520K, 0% used [0x000000076ab00000,0x000000076ab00000,0x00000007a0200000)
  from space 126464K, 99% used [0x00000007aad80000,0x00000007b28f8ac8,0x00000007b2900000)
  to   space 175616K, 0% used [0x00000007a0200000,0x00000007a0200000,0x00000007aad80000)
 ParOldGen       total 308736K, used 285428K [0x00000006c0000000, 0x00000006d2d80000, 0x000000076ab00000)
  object space 308736K, 92% used [0x00000006c0000000,0x00000006d16bd238,0x00000006d2d80000)
 Metaspace       used 78804K, capacity 80380K, committed 80640K, reserved 1118208K
  class space    used 10458K, capacity 10883K, committed 11008K, reserved 1048576K
}
Event: 887.891 GC heap before
{Heap before GC invocations=28 (full 4):
 PSYoungGen      total 1001984K, used 126434K [0x000000076ab00000, 0x00000007b9e00000, 0x00000007c0000000)
  eden space 875520K, 0% used [0x000000076ab00000,0x000000076ab00000,0x00000007a0200000)
  from space 126464K, 99% used [0x00000007aad80000,0x00000007b28f8ac8,0x00000007b2900000)
  to   space 175616K, 0% used [0x00000007a0200000,0x00000007a0200000,0x00000007aad80000)
 ParOldGen       total 308736K, used 285428K [0x00000006c0000000, 0x00000006d2d80000, 0x000000076ab00000)
  object space 308736K, 92% used [0x00000006c0000000,0x00000006d16bd238,0x00000006d2d80000)
 Metaspace       used 78804K, capacity 80380K, committed 80640K, reserved 1118208K
  class space    used 10458K, capacity 10883K, committed 11008K, reserved 1048576K

Deoptimization events (10 events):
Event: 887.060 Thread 0x000000001f1d1800 Uncommon trap: reason=unstable_if action=reinterpret pc=0x000000000548ce78 method=com.google.common.collect.HashBiMap.seekByValue(Ljava/lang/Object;I)Lcom/google/common/collect/HashBiMap$BiEntry; @ 21
Event: 887.100 Thread 0x000000001f1d1800 Uncommon trap: reason=unstable_if action=reinterpret pc=0x0000000002ae34d4 method=com.google.common.collect.HashBiMap.seekByKey(Ljava/lang/Object;I)Lcom/google/common/collect/HashBiMap$BiEntry; @ 21
Event: 887.146 Thread 0x000000001f1d1800 Uncommon trap: reason=unstable_if action=reinterpret pc=0x000000000548c294 method=com.google.common.base.Strings.nullToEmpty(Ljava/lang/String;)Ljava/lang/String; @ 1
Event: 887.251 Thread 0x000000001f1d1800 Uncommon trap: reason=range_check action=make_not_entrant pc=0x000000000548f25c method=com.sun.tools.javac.util.Convert.utf2chars([BI[CII)I @ 25
Event: 887.451 Thread 0x000000001f1d1800 Uncommon trap: reason=class_check action=maybe_recompile pc=0x0000000003bc22ac method=com.sun.tools.javac.code.Types$ImplementationCache.implementationInternal(Lcom/sun/tools/javac/code/Symbol$MethodSymbol;Lcom/sun/tools/javac/code/Symbol$TypeSymbol;ZLcom
Event: 887.451 Thread 0x000000001f1d1800 Uncommon trap: reason=class_check action=maybe_recompile pc=0x0000000003bc22ac method=com.sun.tools.javac.code.Types$ImplementationCache.implementationInternal(Lcom/sun/tools/javac/code/Symbol$MethodSymbol;Lcom/sun/tools/javac/code/Symbol$TypeSymbol;ZLcom
Event: 887.495 Thread 0x000000001f1d1800 Uncommon trap: reason=class_check action=maybe_recompile pc=0x00000000051cf8a4 method=com.sun.tools.javac.comp.Infer$IncorporationStep$11.apply(Lcom/sun/tools/javac/code/Type$UndetVar;Lcom/sun/tools/javac/comp/Infer$InferenceContext;Lcom/sun/tools/javac/u
Event: 887.496 Thread 0x000000001f1d1800 Uncommon trap: reason=class_check action=maybe_recompile pc=0x00000000051cf8a4 method=com.sun.tools.javac.comp.Infer$IncorporationStep$11.apply(Lcom/sun/tools/javac/code/Type$UndetVar;Lcom/sun/tools/javac/comp/Infer$InferenceContext;Lcom/sun/tools/javac/u
Event: 887.504 Thread 0x000000001f1d1800 Uncommon trap: reason=class_check action=maybe_recompile pc=0x00000000051cf8a4 method=com.sun.tools.javac.comp.Infer$IncorporationStep$11.apply(Lcom/sun/tools/javac/code/Type$UndetVar;Lcom/sun/tools/javac/comp/Infer$InferenceContext;Lcom/sun/tools/javac/u
Event: 887.504 Thread 0x000000001f1d1800 Uncommon trap: reason=class_check action=maybe_recompile pc=0x00000000051cf8a4 method=com.sun.tools.javac.comp.Infer$IncorporationStep$11.apply(Lcom/sun/tools/javac/code/Type$UndetVar;Lcom/sun/tools/javac/comp/Infer$InferenceContext;Lcom/sun/tools/javac/u

Classes redefined (0 events):
No events

Internal exceptions (10 events):
Event: 886.709 Thread 0x000000001f1d1800 Exception <a 'java/security/PrivilegedActionException'> (0x0000000780cbebf0) thrown at [C:\re\workspace\8-2-build-windows-amd64-cygwin\jdk8u231\13620\hotspot\src\share\vm\prims\jvm.cpp, line 1502]
Event: 886.709 Thread 0x000000001f1d1800 Exception <a 'java/security/PrivilegedActionException'> (0x0000000780cbf3b8) thrown at [C:\re\workspace\8-2-build-windows-amd64-cygwin\jdk8u231\13620\hotspot\src\share\vm\prims\jvm.cpp, line 1502]
Event: 886.709 Thread 0x000000001f1d1800 Exception <a 'java/security/PrivilegedActionException'> (0x0000000780cc1d28) thrown at [C:\re\workspace\8-2-build-windows-amd64-cygwin\jdk8u231\13620\hotspot\src\share\vm\prims\jvm.cpp, line 1502]
Event: 886.709 Thread 0x000000001f1d1800 Exception <a 'java/security/PrivilegedActionException'> (0x0000000780cc24f0) thrown at [C:\re\workspace\8-2-build-windows-amd64-cygwin\jdk8u231\13620\hotspot\src\share\vm\prims\jvm.cpp, line 1502]
Event: 886.709 Thread 0x000000001f1d1800 Exception <a 'java/security/PrivilegedActionException'> (0x0000000780cc5030) thrown at [C:\re\workspace\8-2-build-windows-amd64-cygwin\jdk8u231\13620\hotspot\src\share\vm\prims\jvm.cpp, line 1502]
Event: 886.709 Thread 0x000000001f1d1800 Exception <a 'java/security/PrivilegedActionException'> (0x0000000780cc57f8) thrown at [C:\re\workspace\8-2-build-windows-amd64-cygwin\jdk8u231\13620\hotspot\src\share\vm\prims\jvm.cpp, line 1502]
Event: 886.857 Thread 0x000000001f1d1800 Exception <a 'java/lang/NoSuchMethodError': com.sun.jna.Native.load(Ljava/lang/String;Ljava/lang/Class;Ljava/util/Map;)Lcom/sun/jna/Library;> (0x00000007826d3a80) thrown at [C:\re\workspace\8-2-build-windows-amd64-cygwin\jdk8u231\13620\hotspot\src\share\v
Event: 886.857 Thread 0x000000001f1d1800 Exception <a 'java/lang/NoSuchMethodError'> (0x00000007826d3a80) thrown at [C:\re\workspace\8-2-build-windows-amd64-cygwin\jdk8u231\13620\hotspot\src\share\vm\oops\instanceKlass.cpp, line 959]
Event: 886.857 Thread 0x000000001f1d1800 Exception <a 'java/lang/NoSuchMethodError'> (0x00000007826d3a80) thrown at [C:\re\workspace\8-2-build-windows-amd64-cygwin\jdk8u231\13620\hotspot\src\share\vm\oops\instanceKlass.cpp, line 959]
Event: 886.859 Thread 0x000000001f1d1800 Exception <a 'java/lang/NoClassDefFoundError': org/fusesource/jansi/Ansi> (0x0000000782705628) thrown at [C:\re\workspace\8-2-build-windows-amd64-cygwin\jdk8u231\13620\hotspot\src\share\vm\classfile\systemDictionary.cpp, line 199]

Events (10 events):
Event: 887.496 Thread 0x000000001f1d1800 Uncommon trap: trap_request=0xffffffde fr.pc=0x00000000051cf8a4
Event: 887.496 Thread 0x000000001f1d1800 DEOPT PACKING pc=0x00000000051cf8a4 sp=0x0000000026dbaf40
Event: 887.496 Thread 0x000000001f1d1800 DEOPT UNPACKING pc=0x000000000273583b sp=0x0000000026dbaf58 mode 2
Event: 887.504 Thread 0x000000001f1d1800 Uncommon trap: trap_request=0xffffffde fr.pc=0x00000000051cf8a4
Event: 887.504 Thread 0x000000001f1d1800 DEOPT PACKING pc=0x00000000051cf8a4 sp=0x0000000026dbb240
Event: 887.504 Thread 0x000000001f1d1800 DEOPT UNPACKING pc=0x000000000273583b sp=0x0000000026dbb258 mode 2
Event: 887.504 Thread 0x000000001f1d1800 Uncommon trap: trap_request=0xffffffde fr.pc=0x00000000051cf8a4
Event: 887.504 Thread 0x000000001f1d1800 DEOPT PACKING pc=0x00000000051cf8a4 sp=0x0000000026dbb0a0
Event: 887.504 Thread 0x000000001f1d1800 DEOPT UNPACKING pc=0x000000000273583b sp=0x0000000026dbb0b8 mode 2
Event: 887.780 Executing VM operation: ParallelGCFailedAllocation


Dynamic libraries:
0x00007ff7e0ad0000 - 0x00007ff7e0b07000 	C:\Program Files\Java\jdk1.8.0_231\bin\java.exe
0x00007ff9f1110000 - 0x00007ff9f1306000 	C:\WINDOWS\SYSTEM32\ntdll.dll
0x00007ff9f0b50000 - 0x00007ff9f0c0d000 	C:\WINDOWS\System32\KERNEL32.DLL
0x00007ff9eeab0000 - 0x00007ff9eed79000 	C:\WINDOWS\System32\KERNELBASE.dll
0x00007ff9f0110000 - 0x00007ff9f01bc000 	C:\WINDOWS\System32\ADVAPI32.dll
0x00007ff9ef450000 - 0x00007ff9ef4ee000 	C:\WINDOWS\System32\msvcrt.dll
0x00007ff9f0ab0000 - 0x00007ff9f0b4c000 	C:\WINDOWS\System32\sechost.dll
0x00007ff9ef320000 - 0x00007ff9ef44b000 	C:\WINDOWS\System32\RPCRT4.dll
0x00007ff9f01c0000 - 0x00007ff9f0360000 	C:\WINDOWS\System32\USER32.dll
0x00007ff9ef140000 - 0x00007ff9ef162000 	C:\WINDOWS\System32\win32u.dll
0x00007ff9f0410000 - 0x00007ff9f043a000 	C:\WINDOWS\System32\GDI32.dll
0x00007ff9eed80000 - 0x00007ff9eee89000 	C:\WINDOWS\System32\gdi32full.dll
0x00007ff9ef0a0000 - 0x00007ff9ef13d000 	C:\WINDOWS\System32\msvcp_win.dll
0x00007ff9ee9b0000 - 0x00007ff9eeab0000 	C:\WINDOWS\System32\ucrtbase.dll
0x00007ff9db360000 - 0x00007ff9db5fb000 	C:\WINDOWS\WinSxS\amd64_microsoft.windows.common-controls_6595b64144ccf1df_6.0.19041.488_none_ca04af081b815d21\COMCTL32.dll
0x00007ff9f0da0000 - 0x00007ff9f0dd0000 	C:\WINDOWS\System32\IMM32.DLL
0x0000000065780000 - 0x0000000065852000 	C:\Program Files\Java\jdk1.8.0_231\jre\bin\msvcr100.dll
0x0000000064ed0000 - 0x0000000065776000 	C:\Program Files\Java\jdk1.8.0_231\jre\bin\server\jvm.dll
0x00007ff9ef8d0000 - 0x00007ff9ef8d8000 	C:\WINDOWS\System32\PSAPI.DLL
0x00007ff9e5e70000 - 0x00007ff9e5e97000 	C:\WINDOWS\SYSTEM32\WINMM.dll
0x00007ff9e0490000 - 0x00007ff9e0499000 	C:\WINDOWS\SYSTEM32\WSOCK32.dll
0x00007ff9e84e0000 - 0x00007ff9e84ea000 	C:\WINDOWS\SYSTEM32\VERSION.dll
0x00007ff9f0cd0000 - 0x00007ff9f0d3b000 	C:\WINDOWS\System32\WS2_32.dll
0x00007ff9e04d0000 - 0x00007ff9e04df000 	C:\Program Files\Java\jdk1.8.0_231\jre\bin\verify.dll
0x00007ff9b7340000 - 0x00007ff9b7369000 	C:\Program Files\Java\jdk1.8.0_231\jre\bin\java.dll
0x00007ff9d3ae0000 - 0x00007ff9d3af6000 	C:\Program Files\Java\jdk1.8.0_231\jre\bin\zip.dll
0x00007ff9ef8e0000 - 0x00007ff9f0022000 	C:\WINDOWS\System32\SHELL32.dll
0x00007ff9ec9c0000 - 0x00007ff9ed155000 	C:\WINDOWS\SYSTEM32\windows.storage.dll
0x00007ff9ef510000 - 0x00007ff9ef866000 	C:\WINDOWS\System32\combase.dll
0x00007ff9ee2c0000 - 0x00007ff9ee2ec000 	C:\WINDOWS\SYSTEM32\Wldp.dll
0x00007ff9f0360000 - 0x00007ff9f040e000 	C:\WINDOWS\System32\SHCORE.dll
0x00007ff9f0d40000 - 0x00007ff9f0d95000 	C:\WINDOWS\System32\shlwapi.dll
0x00007ff9ee780000 - 0x00007ff9ee7a6000 	C:\WINDOWS\SYSTEM32\profapi.dll
0x00007ff9b72e0000 - 0x00007ff9b72fa000 	C:\Program Files\Java\jdk1.8.0_231\jre\bin\net.dll
0x00007ff9ee040000 - 0x00007ff9ee0aa000 	C:\WINDOWS\system32\mswsock.dll
0x00007ff9b72c0000 - 0x00007ff9b72d2000 	C:\Program Files\Java\jdk1.8.0_231\jre\bin\nio.dll
0x00007ff9d3b00000 - 0x00007ff9d3b1e000 	C:\Users\UNKNOWN\.gradle\native\25\windows-amd64\native-platform.dll
0x00007ff9dd6a0000 - 0x00007ff9dd6ad000 	C:\Program Files\Java\jdk1.8.0_231\jre\bin\management.dll
0x00007ff9ee210000 - 0x00007ff9ee228000 	C:\WINDOWS\SYSTEM32\CRYPTSP.dll
0x00007ff9ed960000 - 0x00007ff9ed994000 	C:\WINDOWS\system32\rsaenh.dll
0x00007ff9ee930000 - 0x00007ff9ee957000 	C:\WINDOWS\System32\bcrypt.dll
0x00007ff9ee740000 - 0x00007ff9ee76e000 	C:\WINDOWS\SYSTEM32\USERENV.dll
0x00007ff9ee850000 - 0x00007ff9ee8d0000 	C:\WINDOWS\System32\bcryptprimitives.dll
0x00007ff9ee230000 - 0x00007ff9ee23c000 	C:\WINDOWS\SYSTEM32\CRYPTBASE.dll
0x00007ff9edce0000 - 0x00007ff9edd1b000 	C:\WINDOWS\SYSTEM32\IPHLPAPI.DLL
0x00007ff9f0440000 - 0x00007ff9f0448000 	C:\WINDOWS\System32\NSI.dll
0x00007ff9e8bc0000 - 0x00007ff9e8bd7000 	C:\WINDOWS\SYSTEM32\dhcpcsvc6.DLL
0x00007ff9e8b30000 - 0x00007ff9e8b4d000 	C:\WINDOWS\SYSTEM32\dhcpcsvc.DLL
0x00007ff9edd30000 - 0x00007ff9eddfb000 	C:\WINDOWS\SYSTEM32\DNSAPI.dll
0x00007ff9a9810000 - 0x00007ff9a9834000 	C:\Program Files\Java\jdk1.8.0_231\jre\bin\sunec.dll
0x00007ff9e2780000 - 0x00007ff9e278a000 	C:\Windows\System32\rasadhlp.dll
0x00007ff9e2450000 - 0x00007ff9e24cf000 	C:\WINDOWS\System32\fwpuclnt.dll
0x00007ff9da280000 - 0x00007ff9da28b000 	C:\Program Files\Java\jdk1.8.0_231\jre\bin\sunmscapi.dll
0x00007ff9eee90000 - 0x00007ff9eefed000 	C:\WINDOWS\System32\CRYPT32.dll
0x00007ff9b7870000 - 0x00007ff9b7887000 	C:\WINDOWS\system32\napinsp.dll
0x00007ff9b7280000 - 0x00007ff9b729b000 	C:\WINDOWS\system32\pnrpnsp.dll
0x00007ff9d4a70000 - 0x00007ff9d4a85000 	C:\WINDOWS\system32\wshbth.dll
0x00007ff9ea6d0000 - 0x00007ff9ea6ed000 	C:\WINDOWS\system32\NLAapi.dll
0x00007ff9b7230000 - 0x00007ff9b7242000 	C:\WINDOWS\System32\winrnr.dll
0x00007ff9e8e50000 - 0x00007ff9e9034000 	C:\WINDOWS\SYSTEM32\dbghelp.dll

VM Arguments:
jvm_args: -Xmx4G -Dfile.encoding=windows-1252 -Duser.country=IT -Duser.language=it -Duser.variant 
java_command: org.gradle.launcher.daemon.bootstrap.GradleDaemon 4.10.3
java_class_path (initial): C:\Users\UNKNOWN\.gradle\wrapper\dists\gradle-4.10.3-bin\31t79e2qsceia4mkbojplrgx\gradle-4.10.3\lib\gradle-launcher-4.10.3.jar
Launcher Type: SUN_STANDARD

Environment Variables:
PATH=C:\Program Files (x86)\NVIDIA Corporation\PhysX\Common;C:\Program Files (x86)\Common Files\Oracle\Java\javapath;C:\WINDOWS\system32;C:\WINDOWS;C:\WINDOWS\System32\Wbem;C:\WINDOWS\System32\WindowsPowerShell\v1.0\;C:\WINDOWS\System32\OpenSSH\;C:\Program Files\Java\jdk1.8.0_231\bin;E:\Storage10\Programs10\Matlab\runtime\win64;E:\Storage10\Programs10\Matlab\bin;E:\Storage10\Programs10\Matlab\polyspace\bin;E:\Storage10\Programs10\Git\cmd;C:\Program Files\dotnet\;E:\Storage10\Programs10\MATLAB\R2020b\runtime\win64;E:\Storage10\Programs10\MATLAB\R2020b\bin;E:\Storage10\Programmi (x86)\Python36\Scripts\;E:\Storage10\Programmi (x86)\Python36\;C:\Users\UNKNOWN\AppData\Local\Microsoft\WindowsApps;;E:\Storage10\Programs10\JetBrains\IntelliJ IDEA Community Edition 2020.2\bin;;C:\Users\UNKNOWN\.dotnet\tools;E:\Storage10\Programs10\Microsoft VS Code\bin
USERNAME=UNKNOWN
OS=Windows_NT
PROCESSOR_IDENTIFIER=Intel64 Family 6 Model 94 Stepping 3, GenuineIntel



---------------  S Y S T E M  ---------------

OS: Windows 10.0 , 64 bit Build 19041 (10.0.19041.662)

CPU:total 4 (initial active 4) (4 cores per cpu, 1 threads per core) family 6 model 94 stepping 3, cmov, cx8, fxsr, mmx, sse, sse2, sse3, ssse3, sse4.1, sse4.2, popcnt, avx, avx2, aes, clmul, erms, rtm, 3dnowpref, lzcnt, tsc, tscinvbit, bmi1, bmi2, adx

Memory: 4k page, physical 16696244k(4631148k free), swap 25625524k(6962096k free)

vm_info: Java HotSpot(TM) 64-Bit Server VM (25.231-b11) for windows-amd64 JRE (1.8.0_231-b11), built on Oct  5 2019 03:11:30 by "java_re" with MS VC++ 10.0 (VS2010)

time: Mon Jan 11 20:29:43 2021
timezone: ora solare Europa occidentale
elapsed time: 887 seconds (0d 0h 14m 47s)

