#
# A fatal error has been detected by the Java Runtime Environment:
#
#  EXCEPTION_ACCESS_VIOLATION (0xc0000005) at pc=0x0000000051c8c21a, pid=6852, tid=0x0000000000000d38
#
# JRE version: Java(TM) SE Runtime Environment (8.0_231-b11) (build 1.8.0_231-b11)
# Java VM: Java HotSpot(TM) 64-Bit Server VM (25.231-b11 mixed mode windows-amd64 compressed oops)
# Problematic frame:
# V  [jvm.dll+0x3fc21a]
#
# Failed to write core dump. Minidumps are not enabled by default on client versions of Windows
#
# If you would like to submit a bug report, please visit:
#   http://bugreport.java.com/bugreport/crash.jsp
#

---------------  T H R E A D  ---------------

Current thread (0x0000000002357800):  GCTaskThread [stack: 0x0000000012570000,0x0000000012670000] [id=3384]

siginfo: ExceptionCode=0xc0000005, reading address 0x000000000000011d

Registers:
RAX=0x0000000000000015, RBX=0x00001aff00005c6b, RCX=0x00000006c2a529e0, RDX=0x000000000242ba50
RSP=0x000000001266f620, RBP=0x0000000000000200, RSI=0x000000000242ba50, RDI=0x00001b0000005c6b
R8 =0x00000006d1d448d0, R9 =0x00000006c2a529e0, R10=0x0000000000005c6b, R11=0x00000006d1d448d0
R12=0x0000000002357c10, R13=0x0000000002357fe8, R14=0x00000000000003d8, R15=0x0000000000000000
RIP=0x0000000051c8c21a, EFLAGS=0x0000000000010202

Top of Stack: (sp=0x000000001266f620)
0x000000001266f620:   000000000242ba50 00000006d1d30e98
0x000000001266f630:   0000000002357c10 0000000002357c10
0x000000001266f640:   00001aff00005c6b 00001b0000005c6b
0x000000001266f650:   0000000000000000 00000006d1d30e98
0x000000001266f660:   0000000000000200 00000000251ee000
0x000000001266f670:   0000000002357c01 0000000002357c01
0x000000001266f680:   0000cc2c48e27890 0000000002357fe8
0x000000001266f690:   0000000002357c10 00000000000003d8
0x000000001266f6a0:   0000000002357c10 000000000234e500
0x000000001266f6b0:   0000000002357c00 000000001b9e56c0
0x000000001266f6c0:   000000000242ba50 0000000051c892a3
0x000000001266f6d0:   00000006d1d448d0 00001aff00005c6b
0x000000001266f6e0:   00001b0000005c6b 0000000051aaeb82
0x000000001266f6f0:   0000000051eec1a0 000000001266f600
0x000000001266f700:   000000000242ba50 0000000051e931c0
0x000000001266f710:   0000000002354e00 000000001266f6f0 

Instructions: (pc=0x0000000051c8c21a)
0x0000000051c8c1fa:   00 74 28 8b 0d 65 e6 3a 00 45 8b 48 08 48 8b d6
0x0000000051c8c20a:   49 d3 e1 4c 03 0d 4c e6 3a 00 49 8b c9 49 8b 01
0x0000000051c8c21a:   ff 90 08 01 00 00 e9 1b ff ff ff 4d 8b 48 08 48
0x0000000051c8c22a:   8b d6 49 8b 01 49 8b c9 ff 90 08 01 00 00 e9 03 


Register to memory mapping:

RAX=0x0000000000000015 is an unknown value
RBX=0x00001aff00005c6b is an unknown value
RCX=0x00000006c2a529e0 is an oop
com.sun.tools.javac.util.List$1 
 - klass: 'com/sun/tools/javac/util/List$1'
RDX=0x000000000242ba50 is an unknown value
RSP=0x000000001266f620 is an unknown value
RBP=0x0000000000000200 is an unknown value
RSI=0x000000000242ba50 is an unknown value
RDI=0x00001b0000005c6b is an unknown value
R8 =0x00000006d1d448d0 is pointing into object: 0x00000006d1d448a0
com.sun.tools.javac.code.Symbol$MethodSymbol 
 - klass: 'com/sun/tools/javac/code/Symbol$MethodSymbol'
R9 =0x00000006c2a529e0 is an oop
com.sun.tools.javac.util.List$1 
 - klass: 'com/sun/tools/javac/util/List$1'
R10=0x0000000000005c6b is an unknown value
R11=0x00000006d1d448d0 is pointing into object: 0x00000006d1d448a0
com.sun.tools.javac.code.Symbol$MethodSymbol 
 - klass: 'com/sun/tools/javac/code/Symbol$MethodSymbol'
R12=0x0000000002357c10 is an unknown value
R13=0x0000000002357fe8 is an unknown value
R14=0x00000000000003d8 is an unknown value
R15=0x0000000000000000 is an unknown value


Stack: [0x0000000012570000,0x0000000012670000],  sp=0x000000001266f620,  free space=1021k
Native frames: (J=compiled Java code, j=interpreted, Vv=VM code, C=native code)
V  [jvm.dll+0x3fc21a]
V  [jvm.dll+0x3f92a3]
V  [jvm.dll+0x3f706e]
V  [jvm.dll+0x29fd8a]
C  [msvcr100.dll+0x21d9f]
C  [msvcr100.dll+0x21e3b]
C  [KERNEL32.DLL+0x17034]
C  [ntdll.dll+0x4cec1]


---------------  P R O C E S S  ---------------

Java Threads: ( => current thread )
  0x00000000249ea000 JavaThread "Cache worker for Build Output Cleanup Cache (C:\Users\UNKNOWN\IdeaProjects\MinecraftModding\Supplementaries\.gradle\buildOutputCleanup)" [_thread_blocked, id=12492, stack(0x000000002cbd0000,0x000000002ccd0000)]
  0x00000000249f0000 JavaThread "Cache worker for task history cache (C:\Users\UNKNOWN\IdeaProjects\MinecraftModding\Supplementaries\.gradle\4.10.3\taskHistory)" [_thread_blocked, id=6200, stack(0x000000002c8d0000,0x000000002c9d0000)]
  0x00000000249e8800 JavaThread "Task worker for ':' Thread 3" [_thread_blocked, id=13012, stack(0x000000002bdd0000,0x000000002bed0000)]
  0x00000000251f1000 JavaThread "Task worker for ':' Thread 2" [_thread_blocked, id=6248, stack(0x000000002a4d0000,0x000000002a5d0000)]
  0x00000000251f0000 JavaThread "Task worker for ':'" [_thread_blocked, id=11932, stack(0x0000000029fd0000,0x000000002a0d0000)]
  0x00000000251ef800 JavaThread "Cache worker for file content cache (C:\Users\UNKNOWN\IdeaProjects\MinecraftModding\Supplementaries\.gradle\4.10.3\fileContent)" [_thread_blocked, id=784, stack(0x0000000028280000,0x0000000028380000)]
  0x00000000251ee000 JavaThread "Keep-Alive-Timer" daemon [_thread_blocked, id=12748, stack(0x0000000027cf0000,0x0000000027df0000)]
  0x00000000251ed000 JavaThread "Build operations Thread 4" [_thread_blocked, id=3036, stack(0x00000000275f0000,0x00000000276f0000)]
  0x00000000251eb800 JavaThread "Build operations Thread 3" [_thread_blocked, id=3708, stack(0x0000000026df0000,0x0000000026ef0000)]
  0x00000000251eb000 JavaThread "Build operations Thread 2" [_thread_blocked, id=9540, stack(0x0000000026cf0000,0x0000000026df0000)]
  0x00000000251e3800 JavaThread "Build operations" [_thread_blocked, id=10164, stack(0x0000000025930000,0x0000000025a30000)]
  0x00000000251e5800 JavaThread "Cache worker for cache directory md-rule (C:\Users\UNKNOWN\.gradle\caches\4.10.3\md-rule)" [_thread_blocked, id=3616, stack(0x0000000025830000,0x0000000025930000)]
  0x00000000251ea000 JavaThread "Cache worker for cache directory md-supplier (C:\Users\UNKNOWN\.gradle\caches\4.10.3\md-supplier)" [_thread_blocked, id=7460, stack(0x00000000241d0000,0x00000000242d0000)]
  0x00000000251e9800 JavaThread "Cache worker for file hash cache (C:\Users\UNKNOWN\IdeaProjects\MinecraftModding\Supplementaries\.gradle\4.10.3\fileHashes)" [_thread_blocked, id=11140, stack(0x00000000240d0000,0x00000000241d0000)]
  0x00000000251e6800 JavaThread "Stdin handler" [_thread_blocked, id=12812, stack(0x0000000023890000,0x0000000023990000)]
  0x00000000251e2800 JavaThread "Asynchronous log dispatcher for DefaultDaemonConnection: socket connection from /127.0.0.1:51869 to /127.0.0.1:51120" [_thread_blocked, id=13104, stack(0x00000000227c0000,0x00000000228c0000)]
  0x00000000251e1800 JavaThread "Cancel handler" [_thread_blocked, id=9724, stack(0x0000000020020000,0x0000000020120000)]
  0x00000000251e8800 JavaThread "Handler for socket connection from /127.0.0.1:51869 to /127.0.0.1:51120" [_thread_in_native, id=11796, stack(0x0000000002060000,0x0000000002160000)]
  0x00000000249f1000 JavaThread "Daemon worker Thread 7" [_thread_blocked, id=7108, stack(0x0000000020120000,0x0000000020220000)]
  0x00000000249ed000 JavaThread "Daemon Thread 7" [_thread_blocked, id=11552, stack(0x00000000007c0000,0x00000000008c0000)]
  0x000000001ef83000 JavaThread "Cache worker for Java compile cache (C:\Users\UNKNOWN\.gradle\caches\4.10.3\javaCompile)" [_thread_blocked, id=11016, stack(0x00000000289f0000,0x0000000028af0000)]
  0x00000000249e8000 JavaThread "Cache worker for file content cache (C:\Users\UNKNOWN\.gradle\caches\4.10.3\fileContent)" [_thread_blocked, id=1988, stack(0x0000000027bf0000,0x0000000027cf0000)]
  0x00000000249e7000 JavaThread "Memory manager" [_thread_blocked, id=9928, stack(0x0000000027af0000,0x0000000027bf0000)]
  0x000000001ef83800 JavaThread "Cache worker for Artifact transforms cache (C:\Users\UNKNOWN\.gradle\caches\transforms-1)" [_thread_blocked, id=9912, stack(0x00000000242d0000,0x00000000243d0000)]
  0x000000001ef8a000 JavaThread "Cache worker for journal cache (C:\Users\UNKNOWN\.gradle\caches\journal-1)" [_thread_blocked, id=7952, stack(0x0000000023fd0000,0x00000000240d0000)]
  0x000000001ef86000 JavaThread "File lock request listener" [_thread_in_native, id=1372, stack(0x00000000226c0000,0x00000000227c0000)]
  0x000000001ef87800 JavaThread "Cache worker for file hash cache (C:\Users\UNKNOWN\.gradle\caches\4.10.3\fileHashes)" [_thread_blocked, id=532, stack(0x00000000225c0000,0x00000000226c0000)]
  0x000000001ed5b800 JavaThread "Daemon periodic checks" [_thread_blocked, id=6924, stack(0x000000001fb20000,0x000000001fc20000)]
  0x000000001ed51800 JavaThread "Incoming local TCP Connector on port 51869" [_thread_in_native, id=9980, stack(0x000000001f8c0000,0x000000001f9c0000)]
  0x000000001e8a8800 JavaThread "Daemon health stats" [_thread_blocked, id=5784, stack(0x000000001f280000,0x000000001f380000)]
  0x000000001d4e0800 JavaThread "Service Thread" daemon [_thread_blocked, id=6052, stack(0x000000001d8b0000,0x000000001d9b0000)]
  0x000000001bb21000 JavaThread "C1 CompilerThread2" daemon [_thread_blocked, id=1580, stack(0x000000001d3b0000,0x000000001d4b0000)]
  0x000000001bb14800 JavaThread "C2 CompilerThread1" daemon [_thread_blocked, id=9300, stack(0x000000001d2b0000,0x000000001d3b0000)]
  0x000000001bb11000 JavaThread "C2 CompilerThread0" daemon [_thread_blocked, id=4480, stack(0x000000001d1b0000,0x000000001d2b0000)]
  0x000000001bb0e000 JavaThread "Attach Listener" daemon [_thread_blocked, id=1304, stack(0x000000001d0b0000,0x000000001d1b0000)]
  0x000000001bb0a800 JavaThread "Signal Dispatcher" daemon [_thread_blocked, id=7196, stack(0x000000001cfb0000,0x000000001d0b0000)]
  0x000000000243a800 JavaThread "Finalizer" daemon [_thread_blocked, id=8416, stack(0x000000001cd90000,0x000000001ce90000)]
  0x000000001bafa000 JavaThread "Reference Handler" daemon [_thread_blocked, id=7240, stack(0x000000001cc90000,0x000000001cd90000)]
  0x000000000220e800 JavaThread "main" [_thread_blocked, id=9892, stack(0x0000000002240000,0x0000000002340000)]

Other Threads:
  0x000000001bad8000 VMThread [stack: 0x000000001cb90000,0x000000001cc90000] [id=3492]
  0x000000001bb6d000 WatcherThread [stack: 0x000000001d9b0000,0x000000001dab0000] [id=5360]

=>0x0000000002357800 (exited) GCTaskThread [stack: 0x0000000012570000,0x0000000012670000] [id=3384]

VM state:at safepoint (normal execution)

VM Mutex/Monitor currently owned by a thread:  ([mutex/lock_event])
[0x000000000220d680] Threads_lock - owner thread: 0x000000001bad8000
[0x000000000220cf80] Heap_lock - owner thread: 0x00000000249f1000

heap address: 0x00000006c0000000, size: 4096 MB, Compressed Oops mode: Zero based, Oop shift amount: 3
Narrow klass base: 0x0000000000000000, Narrow klass shift: 3
Compressed class space size: 1073741824 Address: 0x00000007c0000000

Heap:
 PSYoungGen      total 931840K, used 196936K [0x000000076ab00000, 0x00000007c0000000, 0x00000007c0000000)
  eden space 465920K, 0% used [0x000000076ab00000,0x000000076ab00000,0x0000000787200000)
  from space 465920K, 42% used [0x00000007a3900000,0x00000007af952398,0x00000007c0000000)
  to   space 465920K, 0% used [0x0000000787200000,0x0000000787200000,0x00000007a3900000)
 ParOldGen       total 904704K, used 895824K [0x00000006c0000000, 0x00000006f7380000, 0x000000076ab00000)
  object space 904704K, 99% used [0x00000006c0000000,0x00000006f6ad4180,0x00000006f7380000)
 Metaspace       used 148522K, capacity 153164K, committed 153472K, reserved 1181696K
  class space    used 19885K, capacity 20552K, committed 20608K, reserved 1048576K

Card table byte_map: [0x0000000011800000,0x0000000012010000] byte_map_base: 0x000000000e200000

Marking Bits: (ParMarkBitMap*) 0x00000000520b6d90
 Begin Bits: [0x0000000012970000, 0x0000000016970000)
 End Bits:   [0x0000000016970000, 0x000000001a970000)

Polling page: 0x0000000000680000

CodeCache: size=245760Kb used=60653Kb max_used=60659Kb free=185106Kb
 bounds [0x0000000002440000, 0x0000000005ff0000, 0x0000000011440000]
 total_blobs=16617 nmethods=15779 adapters=748
 compilation: enabled

Compilation events (10 events):
Event: 2627.243 Thread 0x000000001bb21000 nmethod 20770 0x0000000005fcd390 code [0x0000000005fcd500, 0x0000000005fcd768]
Event: 2627.243 Thread 0x000000001bb21000 20771       3       org.gradle.api.internal.artifacts.DefaultResolverResults::getVisitedArtifacts (9 bytes)
Event: 2627.243 Thread 0x000000001bb21000 nmethod 20771 0x0000000005fddfd0 code [0x0000000005fde160, 0x0000000005fde4c8]
Event: 2627.243 Thread 0x000000001bb21000 20772       3       org.gradle.api.internal.artifacts.DefaultResolverResults::assertHasVisitResult (22 bytes)
Event: 2627.244 Thread 0x000000001bb21000 nmethod 20772 0x0000000005fde650 code [0x0000000005fde7c0, 0x0000000005fdeac8]
Event: 2627.245 Thread 0x000000001bb11000 nmethod 20765 0x0000000005fe1e10 code [0x0000000005fe1fa0, 0x0000000005fe2578]
Event: 2627.245 Thread 0x000000001bb11000 20766       4       org.gradle.api.internal.tasks.options.OptionReader::getAsOptionValuesMethod (82 bytes)
Event: 2627.250 Thread 0x000000001bb11000 nmethod 20766 0x0000000005fdfa90 code [0x0000000005fdfc20, 0x0000000005fe0238]
Event: 2627.250 Thread 0x000000001bb11000 20773       4       org.gradle.api.internal.artifacts.ivyservice.ivyresolve.CachingModuleComponentRepository::getId (10 bytes)
Event: 2627.251 Thread 0x000000001bb11000 nmethod 20773 0x0000000005fe2c50 code [0x0000000005fe2dc0, 0x0000000005fe2f18]

GC Heap History (10 events):
Event: 2088.861 GC heap after
Heap after GC invocations=37 (full 5):
 PSYoungGen      total 947712K, used 312912K [0x000000076ab00000, 0x00000007c0000000, 0x00000007c0000000)
  eden space 571392K, 0% used [0x000000076ab00000,0x000000076ab00000,0x000000078d900000)
  from space 376320K, 83% used [0x00000007a9080000,0x00000007bc214150,0x00000007c0000000)
  to   space 413184K, 0% used [0x000000078d900000,0x000000078d900000,0x00000007a6c80000)
 ParOldGen       total 904704K, used 682847K [0x00000006c0000000, 0x00000006f7380000, 0x000000076ab00000)
  object space 904704K, 75% used [0x00000006c0000000,0x00000006e9ad7f70,0x00000006f7380000)
 Metaspace       used 137166K, capacity 141716K, committed 141952K, reserved 1171456K
  class space    used 18324K, capacity 19002K, committed 19072K, reserved 1048576K
}
Event: 2458.409 GC heap before
{Heap before GC invocations=38 (full 5):
 PSYoungGen      total 947712K, used 884304K [0x000000076ab00000, 0x00000007c0000000, 0x00000007c0000000)
  eden space 571392K, 100% used [0x000000076ab00000,0x000000078d900000,0x000000078d900000)
  from space 376320K, 83% used [0x00000007a9080000,0x00000007bc214150,0x00000007c0000000)
  to   space 413184K, 0% used [0x000000078d900000,0x000000078d900000,0x00000007a6c80000)
 ParOldGen       total 904704K, used 682847K [0x00000006c0000000, 0x00000006f7380000, 0x000000076ab00000)
  object space 904704K, 75% used [0x00000006c0000000,0x00000006e9ad7f70,0x00000006f7380000)
 Metaspace       used 140379K, capacity 144876K, committed 145152K, reserved 1175552K
  class space    used 18774K, capacity 19428K, committed 19456K, reserved 1048576K
Event: 2458.538 GC heap after
Heap after GC invocations=38 (full 5):
 PSYoungGen      total 873472K, used 320469K [0x000000076ab00000, 0x00000007c0000000, 0x00000007c0000000)
  eden space 552960K, 0% used [0x000000076ab00000,0x000000076ab00000,0x000000078c700000)
  from space 320512K, 99% used [0x000000078d900000,0x00000007a11f5628,0x00000007a1200000)
  to   space 444416K, 0% used [0x00000007a4e00000,0x00000007a4e00000,0x00000007c0000000)
 ParOldGen       total 904704K, used 682855K [0x00000006c0000000, 0x00000006f7380000, 0x000000076ab00000)
  object space 904704K, 75% used [0x00000006c0000000,0x00000006e9ad9f70,0x00000006f7380000)
 Metaspace       used 140379K, capacity 144876K, committed 145152K, reserved 1175552K
  class space    used 18774K, capacity 19428K, committed 19456K, reserved 1048576K
}
Event: 2600.591 GC heap before
{Heap before GC invocations=39 (full 5):
 PSYoungGen      total 873472K, used 863088K [0x000000076ab00000, 0x00000007c0000000, 0x00000007c0000000)
  eden space 552960K, 98% used [0x000000076ab00000,0x000000078bce6a88,0x000000078c700000)
  from space 320512K, 99% used [0x000000078d900000,0x00000007a11f5628,0x00000007a1200000)
  to   space 444416K, 0% used [0x00000007a4e00000,0x00000007a4e00000,0x00000007c0000000)
 ParOldGen       total 904704K, used 682855K [0x00000006c0000000, 0x00000006f7380000, 0x000000076ab00000)
  object space 904704K, 75% used [0x00000006c0000000,0x00000006e9ad9f70,0x00000006f7380000)
 Metaspace       used 144429K, capacity 148956K, committed 149376K, reserved 1179648K
  class space    used 19329K, capacity 19990K, committed 20096K, reserved 1048576K
Event: 2600.753 GC heap after
Heap after GC invocations=39 (full 5):
 PSYoungGen      total 910336K, used 408099K [0x000000076ab00000, 0x00000007c0000000, 0x00000007c0000000)
  eden space 465920K, 0% used [0x000000076ab00000,0x000000076ab00000,0x0000000787200000)
  from space 444416K, 91% used [0x00000007a4e00000,0x00000007bdc88e88,0x00000007c0000000)
  to   space 465920K, 0% used [0x0000000787200000,0x0000000787200000,0x00000007a3900000)
 ParOldGen       total 904704K, used 682863K [0x00000006c0000000, 0x00000006f7380000, 0x000000076ab00000)
  object space 904704K, 75% used [0x00000006c0000000,0x00000006e9adbf70,0x00000006f7380000)
 Metaspace       used 144429K, capacity 148956K, committed 149376K, reserved 1179648K
  class space    used 19329K, capacity 19990K, committed 20096K, reserved 1048576K
}
Event: 2606.408 GC heap before
{Heap before GC invocations=40 (full 5):
 PSYoungGen      total 910336K, used 874019K [0x000000076ab00000, 0x00000007c0000000, 0x00000007c0000000)
  eden space 465920K, 100% used [0x000000076ab00000,0x0000000787200000,0x0000000787200000)
  from space 444416K, 91% used [0x00000007a4e00000,0x00000007bdc88e88,0x00000007c0000000)
  to   space 465920K, 0% used [0x0000000787200000,0x0000000787200000,0x00000007a3900000)
 ParOldGen       total 904704K, used 682863K [0x00000006c0000000, 0x00000006f7380000, 0x000000076ab00000)
  object space 904704K, 75% used [0x00000006c0000000,0x00000006e9adbf70,0x00000006f7380000)
 Metaspace       used 146910K, capacity 151508K, committed 151680K, reserved 1181696K
  class space    used 19683K, capacity 20350K, committed 20352K, reserved 1048576K
Event: 2606.577 GC heap after
Heap after GC invocations=40 (full 5):
 PSYoungGen      total 931840K, used 287337K [0x000000076ab00000, 0x00000007c0000000, 0x00000007c0000000)
  eden space 465920K, 0% used [0x000000076ab00000,0x000000076ab00000,0x0000000787200000)
  from space 465920K, 61% used [0x0000000787200000,0x0000000798a9a408,0x00000007a3900000)
  to   space 465920K, 0% used [0x00000007a3900000,0x00000007a3900000,0x00000007c0000000)
 ParOldGen       total 904704K, used 791758K [0x00000006c0000000, 0x00000006f7380000, 0x000000076ab00000)
  object space 904704K, 87% used [0x00000006c0000000,0x00000006f05339c8,0x00000006f7380000)
 Metaspace       used 146910K, capacity 151508K, committed 151680K, reserved 1181696K
  class space    used 19683K, capacity 20350K, committed 20352K, reserved 1048576K
}
Event: 2627.294 GC heap before
{Heap before GC invocations=41 (full 5):
 PSYoungGen      total 931840K, used 751297K [0x000000076ab00000, 0x00000007c0000000, 0x00000007c0000000)
  eden space 465920K, 99% used [0x000000076ab00000,0x0000000787016110,0x0000000787200000)
  from space 465920K, 61% used [0x0000000787200000,0x0000000798a9a408,0x00000007a3900000)
  to   space 465920K, 0% used [0x00000007a3900000,0x00000007a3900000,0x00000007c0000000)
 ParOldGen       total 904704K, used 791758K [0x00000006c0000000, 0x00000006f7380000, 0x000000076ab00000)
  object space 904704K, 87% used [0x00000006c0000000,0x00000006f05339c8,0x00000006f7380000)
 Metaspace       used 148522K, capacity 153164K, committed 153472K, reserved 1181696K
  class space    used 19885K, capacity 20552K, committed 20608K, reserved 1048576K
Event: 2627.434 GC heap after
Heap after GC invocations=41 (full 5):
 PSYoungGen      total 931840K, used 196936K [0x000000076ab00000, 0x00000007c0000000, 0x00000007c0000000)
  eden space 465920K, 0% used [0x000000076ab00000,0x000000076ab00000,0x0000000787200000)
  from space 465920K, 42% used [0x00000007a3900000,0x00000007af952398,0x00000007c0000000)
  to   space 465920K, 0% used [0x0000000787200000,0x0000000787200000,0x00000007a3900000)
 ParOldGen       total 904704K, used 895824K [0x00000006c0000000, 0x00000006f7380000, 0x000000076ab00000)
  object space 904704K, 99% used [0x00000006c0000000,0x00000006f6ad4180,0x00000006f7380000)
 Metaspace       used 148522K, capacity 153164K, committed 153472K, reserved 1181696K
  class space    used 19885K, capacity 20552K, committed 20608K, reserved 1048576K
}
Event: 2627.434 GC heap before
{Heap before GC invocations=42 (full 6):
 PSYoungGen      total 931840K, used 196936K [0x000000076ab00000, 0x00000007c0000000, 0x00000007c0000000)
  eden space 465920K, 0% used [0x000000076ab00000,0x000000076ab00000,0x0000000787200000)
  from space 465920K, 42% used [0x00000007a3900000,0x00000007af952398,0x00000007c0000000)
  to   space 465920K, 0% used [0x0000000787200000,0x0000000787200000,0x00000007a3900000)
 ParOldGen       total 904704K, used 895824K [0x00000006c0000000, 0x00000006f7380000, 0x000000076ab00000)
  object space 904704K, 99% used [0x00000006c0000000,0x00000006f6ad4180,0x00000006f7380000)
 Metaspace       used 148522K, capacity 153164K, committed 153472K, reserved 1181696K
  class space    used 19885K, capacity 20552K, committed 20608K, reserved 1048576K

Deoptimization events (10 events):
Event: 380.209 Thread 0x00000000249f4000 Uncommon trap: reason=unstable_if action=reinterpret pc=0x00000000028be77c method=java.util.concurrent.ConcurrentHashMap.addCount(JI)V @ 7
Event: 414.470 Thread 0x000000001ed91000 Uncommon trap: reason=unstable_if action=reinterpret pc=0x000000000384c9e4 method=com.esotericsoftware.kryo.io.Output.writeByte(B)V @ 8
Event: 555.243 Thread 0x00000000251e3800 Uncommon trap: reason=unstable_if action=reinterpret pc=0x000000000425e800 method=java.lang.Long.numberOfTrailingZeros(J)I @ 17
Event: 555.872 Thread 0x00000000251e1800 Uncommon trap: reason=null_check action=make_not_entrant pc=0x00000000058be2e8 method=com.google.gson.JsonPrimitive.isPrimitiveOrString(Ljava/lang/Object;)Z @ 39
Event: 588.876 Thread 0x00000000249f1000 Uncommon trap: reason=unstable_if action=reinterpret pc=0x00000000031c5dbc method=java.util.concurrent.locks.ReentrantLock$FairSync.tryAcquire(I)Z @ 26
Event: 1202.744 Thread 0x00000000251e1800 Uncommon trap: reason=class_check action=maybe_recompile pc=0x0000000005b30400 method=net.minecraftforge.gradle.common.util.BaseRepo.getArtifact(Ljava/lang/Object;)Lcom/amadornes/artifactural/api/artifact/Artifact; @ 2
Event: 1202.744 Thread 0x00000000251e1800 Uncommon trap: reason=class_check action=maybe_recompile pc=0x0000000005b30400 method=net.minecraftforge.gradle.common.util.BaseRepo.getArtifact(Ljava/lang/Object;)Lcom/amadornes/artifactural/api/artifact/Artifact; @ 2
Event: 1265.741 Thread 0x00000000251e1800 Uncommon trap: reason=null_check action=make_not_entrant pc=0x000000000378bfe0 method=org.gradle.api.internal.collections.CollectionFilter.filter(Ljava/lang/Object;)Ljava/lang/Object; @ 5
Event: 2086.278 Thread 0x00000000249f0000 Uncommon trap: reason=class_check action=maybe_recompile pc=0x0000000005b30400 method=net.minecraftforge.gradle.common.util.BaseRepo.getArtifact(Ljava/lang/Object;)Lcom/amadornes/artifactural/api/artifact/Artifact; @ 2
Event: 2086.278 Thread 0x00000000249f0000 Uncommon trap: reason=class_check action=maybe_recompile pc=0x0000000005b30400 method=net.minecraftforge.gradle.common.util.BaseRepo.getArtifact(Ljava/lang/Object;)Lcom/amadornes/artifactural/api/artifact/Artifact; @ 2

Classes redefined (0 events):
No events

Internal exceptions (10 events):
Event: 2606.328 Thread 0x00000000249f1000 Exception <a 'java/security/PrivilegedActionException'> (0x00000007864c3918) thrown at [C:\re\workspace\8-2-build-windows-amd64-cygwin\jdk8u231\13620\hotspot\src\share\vm\prims\jvm.cpp, line 1502]
Event: 2606.328 Thread 0x00000000249f1000 Exception <a 'java/security/PrivilegedActionException'> (0x00000007864c44b0) thrown at [C:\re\workspace\8-2-build-windows-amd64-cygwin\jdk8u231\13620\hotspot\src\share\vm\prims\jvm.cpp, line 1502]
Event: 2606.328 Thread 0x00000000249f1000 Exception <a 'java/security/PrivilegedActionException'> (0x00000007864c75e0) thrown at [C:\re\workspace\8-2-build-windows-amd64-cygwin\jdk8u231\13620\hotspot\src\share\vm\prims\jvm.cpp, line 1502]
Event: 2606.328 Thread 0x00000000249f1000 Exception <a 'java/security/PrivilegedActionException'> (0x00000007864c8178) thrown at [C:\re\workspace\8-2-build-windows-amd64-cygwin\jdk8u231\13620\hotspot\src\share\vm\prims\jvm.cpp, line 1502]
Event: 2606.328 Thread 0x00000000249f1000 Exception <a 'java/security/PrivilegedActionException'> (0x00000007864cb458) thrown at [C:\re\workspace\8-2-build-windows-amd64-cygwin\jdk8u231\13620\hotspot\src\share\vm\prims\jvm.cpp, line 1502]
Event: 2606.328 Thread 0x00000000249f1000 Exception <a 'java/security/PrivilegedActionException'> (0x00000007864cbff0) thrown at [C:\re\workspace\8-2-build-windows-amd64-cygwin\jdk8u231\13620\hotspot\src\share\vm\prims\jvm.cpp, line 1502]
Event: 2606.663 Thread 0x00000000249f1000 Exception <a 'java/lang/NoSuchMethodError': com.sun.jna.Native.load(Ljava/lang/String;Ljava/lang/Class;Ljava/util/Map;)Lcom/sun/jna/Library;> (0x000000076b6e8a60) thrown at [C:\re\workspace\8-2-build-windows-amd64-cygwin\jdk8u231\13620\hotspot\src\share\v
Event: 2606.663 Thread 0x00000000249f1000 Exception <a 'java/lang/NoSuchMethodError'> (0x000000076b6e8a60) thrown at [C:\re\workspace\8-2-build-windows-amd64-cygwin\jdk8u231\13620\hotspot\src\share\vm\oops\instanceKlass.cpp, line 959]
Event: 2606.663 Thread 0x00000000249f1000 Exception <a 'java/lang/NoSuchMethodError'> (0x000000076b6e8a60) thrown at [C:\re\workspace\8-2-build-windows-amd64-cygwin\jdk8u231\13620\hotspot\src\share\vm\oops\instanceKlass.cpp, line 959]
Event: 2606.665 Thread 0x00000000249f1000 Exception <a 'java/lang/NoClassDefFoundError': org/fusesource/jansi/Ansi> (0x000000076b71d108) thrown at [C:\re\workspace\8-2-build-windows-amd64-cygwin\jdk8u231\13620\hotspot\src\share\vm\classfile\systemDictionary.cpp, line 199]

Events (10 events):
Event: 2627.060 Executing VM operation: RevokeBias
Event: 2627.060 Executing VM operation: RevokeBias done
Event: 2627.060 Executing VM operation: RevokeBias
Event: 2627.060 Executing VM operation: RevokeBias done
Event: 2627.244 Thread 0x00000000251f0000 Thread added: 0x00000000251f0000
Event: 2627.244 Thread 0x00000000251f1000 Thread added: 0x00000000251f1000
Event: 2627.244 Thread 0x00000000249e8800 Thread added: 0x00000000249e8800
Event: 2627.245 Thread 0x00000000249f0000 Thread added: 0x00000000249f0000
Event: 2627.246 Thread 0x00000000249ea000 Thread added: 0x00000000249ea000
Event: 2627.294 Executing VM operation: ParallelGCFailedAllocation


Dynamic libraries:
0x00007ff796da0000 - 0x00007ff796dd7000 	C:\Program Files\Java\jdk1.8.0_231\bin\java.exe
0x00007fff68af0000 - 0x00007fff68ce6000 	C:\WINDOWS\SYSTEM32\ntdll.dll
0x00007fff67cb0000 - 0x00007fff67d6d000 	C:\WINDOWS\System32\KERNEL32.DLL
0x00007fff66230000 - 0x00007fff664f8000 	C:\WINDOWS\System32\KERNELBASE.dll
0x00007fff68220000 - 0x00007fff682cc000 	C:\WINDOWS\System32\ADVAPI32.dll
0x00007fff67a10000 - 0x00007fff67aae000 	C:\WINDOWS\System32\msvcrt.dll
0x00007fff67970000 - 0x00007fff67a0b000 	C:\WINDOWS\System32\sechost.dll
0x00007fff66bb0000 - 0x00007fff66cd4000 	C:\WINDOWS\System32\RPCRT4.dll
0x00007fff66ce0000 - 0x00007fff66e80000 	C:\WINDOWS\System32\USER32.dll
0x00007fff66970000 - 0x00007fff66992000 	C:\WINDOWS\System32\win32u.dll
0x00007fff68030000 - 0x00007fff6805a000 	C:\WINDOWS\System32\GDI32.dll
0x00007fff665f0000 - 0x00007fff666f9000 	C:\WINDOWS\System32\gdi32full.dll
0x00007fff66500000 - 0x00007fff6659d000 	C:\WINDOWS\System32\msvcp_win.dll
0x00007fff669a0000 - 0x00007fff66aa0000 	C:\WINDOWS\System32\ucrtbase.dll
0x00007fff53660000 - 0x00007fff538fb000 	C:\WINDOWS\WinSxS\amd64_microsoft.windows.common-controls_6595b64144ccf1df_6.0.19041.488_none_ca04af081b815d21\COMCTL32.dll
0x00007fff68190000 - 0x00007fff681c0000 	C:\WINDOWS\System32\IMM32.DLL
0x0000000052140000 - 0x0000000052212000 	C:\Program Files\Java\jdk1.8.0_231\jre\bin\msvcr100.dll
0x0000000051890000 - 0x0000000052136000 	C:\Program Files\Java\jdk1.8.0_231\jre\bin\server\jvm.dll
0x00007fff67bf0000 - 0x00007fff67bf8000 	C:\WINDOWS\System32\PSAPI.DLL
0x00007fff61710000 - 0x00007fff61719000 	C:\WINDOWS\SYSTEM32\WSOCK32.dll
0x00007fff67ab0000 - 0x00007fff67b1b000 	C:\WINDOWS\System32\WS2_32.dll
0x00007fff5d5b0000 - 0x00007fff5d5d7000 	C:\WINDOWS\SYSTEM32\WINMM.dll
0x00007fff5f030000 - 0x00007fff5f03a000 	C:\WINDOWS\SYSTEM32\VERSION.dll
0x00007fff556c0000 - 0x00007fff556cf000 	C:\Program Files\Java\jdk1.8.0_231\jre\bin\verify.dll
0x00007fff4e6b0000 - 0x00007fff4e6d9000 	C:\Program Files\Java\jdk1.8.0_231\jre\bin\java.dll
0x00007fff4e690000 - 0x00007fff4e6a6000 	C:\Program Files\Java\jdk1.8.0_231\jre\bin\zip.dll
0x00007fff68360000 - 0x00007fff68aa1000 	C:\WINDOWS\System32\SHELL32.dll
0x00007fff643a0000 - 0x00007fff64b35000 	C:\WINDOWS\SYSTEM32\windows.storage.dll
0x00007fff67090000 - 0x00007fff673e5000 	C:\WINDOWS\System32\combase.dll
0x00007fff65ca0000 - 0x00007fff65ccc000 	C:\WINDOWS\SYSTEM32\Wldp.dll
0x00007fff67c00000 - 0x00007fff67cae000 	C:\WINDOWS\System32\SHCORE.dll
0x00007fff67fd0000 - 0x00007fff68025000 	C:\WINDOWS\System32\shlwapi.dll
0x00007fff66160000 - 0x00007fff66186000 	C:\WINDOWS\SYSTEM32\profapi.dll
0x00007fff4e610000 - 0x00007fff4e62a000 	C:\Program Files\Java\jdk1.8.0_231\jre\bin\net.dll
0x00007fff65a20000 - 0x00007fff65a8a000 	C:\WINDOWS\system32\mswsock.dll
0x00007fff4e5f0000 - 0x00007fff4e602000 	C:\Program Files\Java\jdk1.8.0_231\jre\bin\nio.dll
0x00007fff569d0000 - 0x00007fff569ee000 	C:\Users\UNKNOWN\.gradle\native\25\windows-amd64\native-platform.dll
0x00007fff4e5e0000 - 0x00007fff4e5ed000 	C:\Program Files\Java\jdk1.8.0_231\jre\bin\management.dll
0x00007fff65c00000 - 0x00007fff65c18000 	C:\WINDOWS\SYSTEM32\CRYPTSP.dll
0x00007fff65340000 - 0x00007fff65374000 	C:\WINDOWS\system32\rsaenh.dll
0x00007fff66700000 - 0x00007fff66727000 	C:\WINDOWS\System32\bcrypt.dll
0x00007fff660e0000 - 0x00007fff6610e000 	C:\WINDOWS\SYSTEM32\USERENV.dll
0x00007fff66730000 - 0x00007fff667af000 	C:\WINDOWS\System32\bcryptprimitives.dll
0x00007fff65bf0000 - 0x00007fff65bfc000 	C:\WINDOWS\SYSTEM32\CRYPTBASE.dll
0x00007fff656c0000 - 0x00007fff656fb000 	C:\WINDOWS\SYSTEM32\IPHLPAPI.DLL
0x00007fff67f40000 - 0x00007fff67f48000 	C:\WINDOWS\System32\NSI.dll
0x00007fff60470000 - 0x00007fff60487000 	C:\WINDOWS\SYSTEM32\dhcpcsvc6.DLL
0x00007fff60700000 - 0x00007fff6071d000 	C:\WINDOWS\SYSTEM32\dhcpcsvc.DLL
0x00007fff65710000 - 0x00007fff657db000 	C:\WINDOWS\SYSTEM32\DNSAPI.dll
0x00007fff4e4a0000 - 0x00007fff4e4c4000 	C:\Program Files\Java\jdk1.8.0_231\jre\bin\sunec.dll
0x00007fff4e490000 - 0x00007fff4e49b000 	C:\Program Files\Java\jdk1.8.0_231\jre\bin\sunmscapi.dll
0x00007fff667b0000 - 0x00007fff6690d000 	C:\WINDOWS\System32\CRYPT32.dll
0x00007fff5d8a0000 - 0x00007fff5d8aa000 	C:\Windows\System32\rasadhlp.dll
0x00007fff5b9e0000 - 0x00007fff5ba5f000 	C:\WINDOWS\System32\fwpuclnt.dll
0x00007fff620a0000 - 0x00007fff620b7000 	C:\WINDOWS\system32\napinsp.dll
0x00007fff556f0000 - 0x00007fff5570b000 	C:\WINDOWS\system32\pnrpnsp.dll
0x00007fff46260000 - 0x00007fff46275000 	C:\WINDOWS\system32\wshbth.dll
0x00007fff62060000 - 0x00007fff6207d000 	C:\WINDOWS\system32\NLAapi.dll
0x00007fff50380000 - 0x00007fff50392000 	C:\WINDOWS\System32\winrnr.dll
0x00007fff608a0000 - 0x00007fff60a84000 	C:\WINDOWS\SYSTEM32\dbghelp.dll

VM Arguments:
jvm_args: -Xmx4G -Dfile.encoding=windows-1252 -Duser.country=IT -Duser.language=it -Duser.variant 
java_command: org.gradle.launcher.daemon.bootstrap.GradleDaemon 4.10.3
java_class_path (initial): C:\Users\UNKNOWN\.gradle\wrapper\dists\gradle-4.10.3-bin\31t79e2qsceia4mkbojplrgx\gradle-4.10.3\lib\gradle-launcher-4.10.3.jar
Launcher Type: SUN_STANDARD

Environment Variables:
PATH=C:\Program Files (x86)\NVIDIA Corporation\PhysX\Common;C:\Program Files (x86)\Common Files\Oracle\Java\javapath;C:\WINDOWS\system32;C:\WINDOWS;C:\WINDOWS\System32\Wbem;C:\WINDOWS\System32\WindowsPowerShell\v1.0\;C:\WINDOWS\System32\OpenSSH\;C:\Program Files\Java\jdk1.8.0_231\bin;E:\Storage10\Programs10\Matlab\runtime\win64;E:\Storage10\Programs10\Matlab\bin;E:\Storage10\Programs10\Matlab\polyspace\bin;E:\Storage10\Programs10\Git\cmd;C:\Program Files\dotnet\;E:\Storage10\Programmi (x86)\Python36\Scripts\;E:\Storage10\Programmi (x86)\Python36\;C:\Users\UNKNOWN\AppData\Local\Microsoft\WindowsApps;;E:\Storage10\Programs10\JetBrains\IntelliJ IDEA Community Edition 2020.2\bin;;C:\Users\UNKNOWN\.dotnet\tools
USERNAME=UNKNOWN
OS=Windows_NT
PROCESSOR_IDENTIFIER=Intel64 Family 6 Model 94 Stepping 3, GenuineIntel



---------------  S Y S T E M  ---------------

OS: Windows 10.0 , 64 bit Build 19041 (10.0.19041.546)

CPU:total 4 (initial active 4) (4 cores per cpu, 1 threads per core) family 6 model 94 stepping 3, cmov, cx8, fxsr, mmx, sse, sse2, sse3, ssse3, sse4.1, sse4.2, popcnt, avx, avx2, aes, clmul, erms, rtm, 3dnowpref, lzcnt, tsc, tscinvbit, bmi1, bmi2, adx

Memory: 4k page, physical 16696244k(4204092k free), swap 26149812k(6237468k free)

vm_info: Java HotSpot(TM) 64-Bit Server VM (25.231-b11) for windows-amd64 JRE (1.8.0_231-b11), built on Oct  5 2019 03:11:30 by "java_re" with MS VC++ 10.0 (VS2010)

time: Sun Dec 06 22:17:29 2020
timezone: ora solare Europa occidentale
elapsed time: 2628 seconds (0d 0h 43m 48s)

